[3.706s] Invoking command in '/home/henrik/ros_workspace/src/camera_pkg': PYTHONPATH=/home/henrik/ros_workspace/src/build/camera_pkg/prefix_override:/home/henrik/ros_workspace/src/install/camera_pkg/lib/python3.8/site-packages:${PYTHONPATH} /usr/bin/python3 setup.py egg_info --egg-base ../build/camera_pkg build --build-base /home/henrik/ros_workspace/src/build/camera_pkg/build install --record /home/henrik/ros_workspace/src/build/camera_pkg/install.log --install-scripts $base/lib/camera_pkg --single-version-externally-managed
[3.815s] running egg_info
[3.815s] writing ../build/camera_pkg/camera_pkg.egg-info/PKG-INFO
[3.815s] writing dependency_links to ../build/camera_pkg/camera_pkg.egg-info/dependency_links.txt
[3.816s] writing entry points to ../build/camera_pkg/camera_pkg.egg-info/entry_points.txt
[3.816s] writing requirements to ../build/camera_pkg/camera_pkg.egg-info/requires.txt
[3.816s] writing top-level names to ../build/camera_pkg/camera_pkg.egg-info/top_level.txt
[3.836s] reading manifest file '../build/camera_pkg/camera_pkg.egg-info/SOURCES.txt'
[3.836s] writing manifest file '../build/camera_pkg/camera_pkg.egg-info/SOURCES.txt'
[3.836s] running build
[3.836s] running build_py
[3.837s] running install
[3.837s] running install_lib
[3.837s] running install_data
[3.837s] running install_egg_info
[3.838s] removing '/home/henrik/ros_workspace/src/install/camera_pkg/lib/python3.8/site-packages/camera_pkg-0.0.0-py3.8.egg-info' (and everything under it)
[3.839s] Copying ../build/camera_pkg/camera_pkg.egg-info to /home/henrik/ros_workspace/src/install/camera_pkg/lib/python3.8/site-packages/camera_pkg-0.0.0-py3.8.egg-info
[3.839s] running install_scripts
[3.850s] Installing bottle_recog_node script to /home/henrik/ros_workspace/src/install/camera_pkg/lib/camera_pkg
[3.850s] writing list of installed files to '/home/henrik/ros_workspace/src/build/camera_pkg/install.log'
[4.549s] Invoked command in '/home/henrik/ros_workspace/src/camera_pkg' returned '0': PYTHONPATH=/home/henrik/ros_workspace/src/build/camera_pkg/prefix_override:/home/henrik/ros_workspace/src/install/camera_pkg/lib/python3.8/site-packages:${PYTHONPATH} /usr/bin/python3 setup.py egg_info --egg-base ../build/camera_pkg build --build-base /home/henrik/ros_workspace/src/build/camera_pkg/build install --record /home/henrik/ros_workspace/src/build/camera_pkg/install.log --install-scripts $base/lib/camera_pkg --single-version-externally-managed
