running egg_info
writing ../build/motion_control_pkg/motion_control_pkg.egg-info/PKG-INFO
writing dependency_links to ../build/motion_control_pkg/motion_control_pkg.egg-info/dependency_links.txt
writing entry points to ../build/motion_control_pkg/motion_control_pkg.egg-info/entry_points.txt
writing requirements to ../build/motion_control_pkg/motion_control_pkg.egg-info/requires.txt
writing top-level names to ../build/motion_control_pkg/motion_control_pkg.egg-info/top_level.txt
reading manifest file '../build/motion_control_pkg/motion_control_pkg.egg-info/SOURCES.txt'
writing manifest file '../build/motion_control_pkg/motion_control_pkg.egg-info/SOURCES.txt'
running build
running build_py
running install
running install_lib
running install_data
copying resource/motion_control_pkg -> /home/henrik/ros_workspace/src/install/motion_control_pkg/share/ament_index/resource_index/packages
copying package.xml -> /home/henrik/ros_workspace/src/install/motion_control_pkg/share/motion_control_pkg
running install_egg_info
Copying ../build/motion_control_pkg/motion_control_pkg.egg-info to /home/henrik/ros_workspace/src/install/motion_control_pkg/lib/python3.8/site-packages/motion_control_pkg-0.0.0-py3.8.egg-info
running install_scripts
Installing arm_control_node script to /home/henrik/ros_workspace/src/install/motion_control_pkg/lib/motion_control_pkg
writing list of installed files to '/home/henrik/ros_workspace/src/build/motion_control_pkg/install.log'
