[1.773s] Invoking command in '/home/henrik/ros_workspace/src/motion_control_pkg': PYTHONPATH=/home/henrik/ros_workspace/src/build/motion_control_pkg/prefix_override:/home/henrik/ros_workspace/src/install/motion_control_pkg/lib/python3.8/site-packages:${PYTHONPATH} /usr/bin/python3 setup.py egg_info --egg-base ../build/motion_control_pkg build --build-base /home/henrik/ros_workspace/src/build/motion_control_pkg/build install --record /home/henrik/ros_workspace/src/build/motion_control_pkg/install.log --install-scripts $base/lib/motion_control_pkg --single-version-externally-managed
[1.884s] running egg_info
[1.884s] writing ../build/motion_control_pkg/motion_control_pkg.egg-info/PKG-INFO
[1.885s] writing dependency_links to ../build/motion_control_pkg/motion_control_pkg.egg-info/dependency_links.txt
[1.885s] writing entry points to ../build/motion_control_pkg/motion_control_pkg.egg-info/entry_points.txt
[1.885s] writing requirements to ../build/motion_control_pkg/motion_control_pkg.egg-info/requires.txt
[1.885s] writing top-level names to ../build/motion_control_pkg/motion_control_pkg.egg-info/top_level.txt
[1.904s] reading manifest file '../build/motion_control_pkg/motion_control_pkg.egg-info/SOURCES.txt'
[1.904s] writing manifest file '../build/motion_control_pkg/motion_control_pkg.egg-info/SOURCES.txt'
[1.904s] running build
[1.904s] running build_py
[1.906s] running install
[1.906s] running install_lib
[1.907s] running install_data
[1.907s] copying resource/motion_control_pkg -> /home/henrik/ros_workspace/src/install/motion_control_pkg/share/ament_index/resource_index/packages
[1.907s] copying package.xml -> /home/henrik/ros_workspace/src/install/motion_control_pkg/share/motion_control_pkg
[1.907s] running install_egg_info
[1.909s] Copying ../build/motion_control_pkg/motion_control_pkg.egg-info to /home/henrik/ros_workspace/src/install/motion_control_pkg/lib/python3.8/site-packages/motion_control_pkg-0.0.0-py3.8.egg-info
[1.909s] running install_scripts
[1.916s] Installing arm_control_node script to /home/henrik/ros_workspace/src/install/motion_control_pkg/lib/motion_control_pkg
[1.916s] writing list of installed files to '/home/henrik/ros_workspace/src/build/motion_control_pkg/install.log'
[2.605s] Invoked command in '/home/henrik/ros_workspace/src/motion_control_pkg' returned '0': PYTHONPATH=/home/henrik/ros_workspace/src/build/motion_control_pkg/prefix_override:/home/henrik/ros_workspace/src/install/motion_control_pkg/lib/python3.8/site-packages:${PYTHONPATH} /usr/bin/python3 setup.py egg_info --egg-base ../build/motion_control_pkg build --build-base /home/henrik/ros_workspace/src/build/motion_control_pkg/build install --record /home/henrik/ros_workspace/src/build/motion_control_pkg/install.log --install-scripts $base/lib/motion_control_pkg --single-version-externally-managed
