[2.711s] DEBUG:colcon:Command line arguments: ['/usr/bin/colcon', 'build', '--packages-select', 'arm_pkg']
[2.711s] DEBUG:colcon:Parsed command line arguments: Namespace(allow_overriding=[], ament_cmake_args=None, base_paths=['.'], build_base='build', catkin_cmake_args=None, catkin_skip_building_tests=False, cmake_args=None, cmake_clean_cache=False, cmake_clean_first=False, cmake_force_configure=False, cmake_target=None, cmake_target_skip_unavailable=False, continue_on_error=False, event_handlers=None, executor='parallel', ignore_user_meta=False, install_base='install', log_base=None, log_level=None, main=<bound method BuildVerb.main of <colcon_core.verb.build.BuildVerb object at 0x7f56a1e715b0>>, merge_install=False, metas=['./colcon.meta'], packages_above=None, packages_above_and_dependencies=None, packages_above_depth=None, packages_end=None, packages_ignore=None, packages_ignore_regex=None, packages_select=['arm_pkg'], packages_select_build_failed=False, packages_select_by_dep=None, packages_select_regex=None, packages_select_test_failures=False, packages_skip=None, packages_skip_build_finished=False, packages_skip_by_dep=None, packages_skip_regex=None, packages_skip_test_passed=False, packages_skip_up_to=None, packages_start=None, packages_up_to=None, packages_up_to_regex=None, parallel_workers=20, paths=None, symlink_install=False, test_result_base=None, verb_extension=<colcon_core.verb.build.BuildVerb object at 0x7f56a1e715b0>, verb_name='build', verb_parser=<colcon_defaults.argument_parser.defaults.DefaultArgumentsDecorator object at 0x7f56a1a298b0>)
[2.820s] Level 1:colcon.colcon_core.package_discovery:discover_packages(colcon_meta) check parameters
[2.821s] Level 1:colcon.colcon_core.package_discovery:discover_packages(recursive) check parameters
[2.821s] Level 1:colcon.colcon_core.package_discovery:discover_packages(ignore) check parameters
[2.821s] Level 1:colcon.colcon_core.package_discovery:discover_packages(path) check parameters
[2.821s] Level 1:colcon.colcon_core.package_discovery:discover_packages(colcon_meta) discover
[2.821s] Level 1:colcon.colcon_core.package_discovery:discover_packages(recursive) discover
[2.821s] INFO:colcon.colcon_core.package_discovery:Crawling recursively for packages in '/home/henrik/ros_workspace/src'
[2.821s] Level 1:colcon.colcon_core.package_identification:_identify(.) by extensions ['ignore', 'ignore_ament_install']
[2.821s] Level 1:colcon.colcon_core.package_identification:_identify(.) by extension 'ignore'
[2.821s] Level 1:colcon.colcon_core.package_identification:_identify(.) by extension 'ignore_ament_install'
[2.821s] Level 1:colcon.colcon_core.package_identification:_identify(.) by extensions ['colcon_pkg']
[2.821s] Level 1:colcon.colcon_core.package_identification:_identify(.) by extension 'colcon_pkg'
[2.821s] Level 1:colcon.colcon_core.package_identification:_identify(.) by extensions ['colcon_meta']
[2.821s] Level 1:colcon.colcon_core.package_identification:_identify(.) by extension 'colcon_meta'
[2.821s] Level 1:colcon.colcon_core.package_identification:_identify(.) by extensions ['ros']
[2.821s] Level 1:colcon.colcon_core.package_identification:_identify(.) by extension 'ros'
[2.827s] Level 1:colcon.colcon_core.package_identification:_identify(.) by extensions ['cmake', 'python']
[2.827s] Level 1:colcon.colcon_core.package_identification:_identify(.) by extension 'cmake'
[2.827s] Level 1:colcon.colcon_core.package_identification:_identify(.) by extension 'python'
[2.827s] Level 1:colcon.colcon_core.package_identification:_identify(.) by extensions ['python_setup_py']
[2.827s] Level 1:colcon.colcon_core.package_identification:_identify(.) by extension 'python_setup_py'
[2.827s] Level 1:colcon.colcon_core.package_identification:_identify(arm_pkg) by extensions ['ignore', 'ignore_ament_install']
[2.827s] Level 1:colcon.colcon_core.package_identification:_identify(arm_pkg) by extension 'ignore'
[2.827s] Level 1:colcon.colcon_core.package_identification:_identify(arm_pkg) by extension 'ignore_ament_install'
[2.827s] Level 1:colcon.colcon_core.package_identification:_identify(arm_pkg) by extensions ['colcon_pkg']
[2.827s] Level 1:colcon.colcon_core.package_identification:_identify(arm_pkg) by extension 'colcon_pkg'
[2.827s] Level 1:colcon.colcon_core.package_identification:_identify(arm_pkg) by extensions ['colcon_meta']
[2.827s] Level 1:colcon.colcon_core.package_identification:_identify(arm_pkg) by extension 'colcon_meta'
[2.827s] Level 1:colcon.colcon_core.package_identification:_identify(arm_pkg) by extensions ['ros']
[2.827s] Level 1:colcon.colcon_core.package_identification:_identify(arm_pkg) by extension 'ros'
[2.828s] DEBUG:colcon.colcon_core.package_identification:Package 'arm_pkg' with type 'ros.ament_python' and name 'arm_pkg'
[2.828s] Level 1:colcon.colcon_core.package_identification:_identify(build) by extensions ['ignore', 'ignore_ament_install']
[2.828s] Level 1:colcon.colcon_core.package_identification:_identify(build) by extension 'ignore'
[2.828s] Level 1:colcon.colcon_core.package_identification:_identify(build) ignored
[2.828s] Level 1:colcon.colcon_core.package_identification:_identify(camera_pkg) by extensions ['ignore', 'ignore_ament_install']
[2.828s] Level 1:colcon.colcon_core.package_identification:_identify(camera_pkg) by extension 'ignore'
[2.828s] Level 1:colcon.colcon_core.package_identification:_identify(camera_pkg) by extension 'ignore_ament_install'
[2.828s] Level 1:colcon.colcon_core.package_identification:_identify(camera_pkg) by extensions ['colcon_pkg']
[2.828s] Level 1:colcon.colcon_core.package_identification:_identify(camera_pkg) by extension 'colcon_pkg'
[2.829s] Level 1:colcon.colcon_core.package_identification:_identify(camera_pkg) by extensions ['colcon_meta']
[2.829s] Level 1:colcon.colcon_core.package_identification:_identify(camera_pkg) by extension 'colcon_meta'
[2.829s] Level 1:colcon.colcon_core.package_identification:_identify(camera_pkg) by extensions ['ros']
[2.829s] Level 1:colcon.colcon_core.package_identification:_identify(camera_pkg) by extension 'ros'
[2.829s] DEBUG:colcon.colcon_core.package_identification:Package 'camera_pkg' with type 'ros.ament_python' and name 'camera_pkg'
[2.829s] Level 1:colcon.colcon_core.package_identification:_identify(install) by extensions ['ignore', 'ignore_ament_install']
[2.829s] Level 1:colcon.colcon_core.package_identification:_identify(install) by extension 'ignore'
[2.829s] Level 1:colcon.colcon_core.package_identification:_identify(install) ignored
[2.829s] Level 1:colcon.colcon_core.package_identification:_identify(interfaces) by extensions ['ignore', 'ignore_ament_install']
[2.829s] Level 1:colcon.colcon_core.package_identification:_identify(interfaces) by extension 'ignore'
[2.829s] Level 1:colcon.colcon_core.package_identification:_identify(interfaces) by extension 'ignore_ament_install'
[2.829s] Level 1:colcon.colcon_core.package_identification:_identify(interfaces) by extensions ['colcon_pkg']
[2.829s] Level 1:colcon.colcon_core.package_identification:_identify(interfaces) by extension 'colcon_pkg'
[2.829s] Level 1:colcon.colcon_core.package_identification:_identify(interfaces) by extensions ['colcon_meta']
[2.829s] Level 1:colcon.colcon_core.package_identification:_identify(interfaces) by extension 'colcon_meta'
[2.829s] Level 1:colcon.colcon_core.package_identification:_identify(interfaces) by extensions ['ros']
[2.829s] Level 1:colcon.colcon_core.package_identification:_identify(interfaces) by extension 'ros'
[2.829s] DEBUG:colcon.colcon_core.package_identification:Package 'interfaces' with type 'ros.ament_cmake' and name 'interfaces'
[2.829s] Level 1:colcon.colcon_core.package_identification:_identify(log) by extensions ['ignore', 'ignore_ament_install']
[2.830s] Level 1:colcon.colcon_core.package_identification:_identify(log) by extension 'ignore'
[2.830s] Level 1:colcon.colcon_core.package_identification:_identify(log) ignored
[2.830s] Level 1:colcon.colcon_core.package_identification:_identify(mic_pkg) by extensions ['ignore', 'ignore_ament_install']
[2.830s] Level 1:colcon.colcon_core.package_identification:_identify(mic_pkg) by extension 'ignore'
[2.830s] Level 1:colcon.colcon_core.package_identification:_identify(mic_pkg) by extension 'ignore_ament_install'
[2.830s] Level 1:colcon.colcon_core.package_identification:_identify(mic_pkg) by extensions ['colcon_pkg']
[2.830s] Level 1:colcon.colcon_core.package_identification:_identify(mic_pkg) by extension 'colcon_pkg'
[2.830s] Level 1:colcon.colcon_core.package_identification:_identify(mic_pkg) by extensions ['colcon_meta']
[2.830s] Level 1:colcon.colcon_core.package_identification:_identify(mic_pkg) by extension 'colcon_meta'
[2.830s] Level 1:colcon.colcon_core.package_identification:_identify(mic_pkg) by extensions ['ros']
[2.830s] Level 1:colcon.colcon_core.package_identification:_identify(mic_pkg) by extension 'ros'
[2.830s] DEBUG:colcon.colcon_core.package_identification:Package 'mic_pkg' with type 'ros.ament_python' and name 'mic_pkg'
[2.830s] Level 1:colcon.colcon_core.package_discovery:discover_packages(recursive) using defaults
[2.830s] Level 1:colcon.colcon_core.package_discovery:discover_packages(ignore) discover
[2.830s] Level 1:colcon.colcon_core.package_discovery:discover_packages(ignore) using defaults
[2.830s] Level 1:colcon.colcon_core.package_discovery:discover_packages(path) discover
[2.830s] Level 1:colcon.colcon_core.package_discovery:discover_packages(path) using defaults
[2.986s] INFO:colcon.colcon_core.package_selection:Skipping not selected package 'camera_pkg' in 'camera_pkg'
[2.986s] INFO:colcon.colcon_core.package_selection:Skipping not selected package 'interfaces' in 'interfaces'
[2.986s] INFO:colcon.colcon_core.package_selection:Skipping not selected package 'mic_pkg' in 'mic_pkg'
[3.084s] Level 1:colcon.colcon_core.package_discovery:discover_packages(prefix_path) check parameters
[3.084s] Level 1:colcon.colcon_core.package_discovery:discover_packages(prefix_path) discover
[3.182s] DEBUG:colcon.colcon_installed_package_information.package_discovery:Found 4 installed packages in /home/henrik/ros_workspace/src/install
[3.231s] DEBUG:colcon.colcon_installed_package_information.package_discovery:Found 2 installed packages in /home/henrik/ros_workspace/install
[3.287s] DEBUG:colcon.colcon_installed_package_information.package_discovery:Found 256 installed packages in /opt/ros/foxy
[3.287s] Level 1:colcon.colcon_core.package_discovery:discover_packages(prefix_path) using defaults
[3.424s] Level 5:colcon.colcon_core.verb:set package 'arm_pkg' build argument 'cmake_args' from command line to 'None'
[3.424s] Level 5:colcon.colcon_core.verb:set package 'arm_pkg' build argument 'cmake_target' from command line to 'None'
[3.424s] Level 5:colcon.colcon_core.verb:set package 'arm_pkg' build argument 'cmake_target_skip_unavailable' from command line to 'False'
[3.424s] Level 5:colcon.colcon_core.verb:set package 'arm_pkg' build argument 'cmake_clean_cache' from command line to 'False'
[3.424s] Level 5:colcon.colcon_core.verb:set package 'arm_pkg' build argument 'cmake_clean_first' from command line to 'False'
[3.424s] Level 5:colcon.colcon_core.verb:set package 'arm_pkg' build argument 'cmake_force_configure' from command line to 'False'
[3.424s] Level 5:colcon.colcon_core.verb:set package 'arm_pkg' build argument 'ament_cmake_args' from command line to 'None'
[3.424s] Level 5:colcon.colcon_core.verb:set package 'arm_pkg' build argument 'catkin_cmake_args' from command line to 'None'
[3.424s] Level 5:colcon.colcon_core.verb:set package 'arm_pkg' build argument 'catkin_skip_building_tests' from command line to 'False'
[3.424s] DEBUG:colcon.colcon_core.verb:Building package 'arm_pkg' with the following arguments: {'ament_cmake_args': None, 'build_base': '/home/henrik/ros_workspace/src/build/arm_pkg', 'catkin_cmake_args': None, 'catkin_skip_building_tests': False, 'cmake_args': None, 'cmake_clean_cache': False, 'cmake_clean_first': False, 'cmake_force_configure': False, 'cmake_target': None, 'cmake_target_skip_unavailable': False, 'install_base': '/home/henrik/ros_workspace/src/install/arm_pkg', 'merge_install': False, 'path': '/home/henrik/ros_workspace/src/arm_pkg', 'symlink_install': False, 'test_result_base': None}
[3.474s] INFO:colcon.colcon_core.executor:Executing jobs using 'parallel' executor
[3.523s] DEBUG:colcon.colcon_parallel_executor.executor.parallel:run_until_complete
[3.523s] INFO:colcon.colcon_ros.task.ament_python.build:Building ROS package in '/home/henrik/ros_workspace/src/arm_pkg' with build type 'ament_python'
[3.523s] Level 1:colcon.colcon_core.shell:create_environment_hook('arm_pkg', 'ament_prefix_path')
[3.576s] INFO:colcon.colcon_core.plugin_system:Skipping extension 'colcon_core.shell.bat': Not used on non-Windows systems
[3.577s] INFO:colcon.colcon_core.shell:Creating environment hook '/home/henrik/ros_workspace/src/install/arm_pkg/share/arm_pkg/hook/ament_prefix_path.ps1'
[3.577s] INFO:colcon.colcon_core.shell:Creating environment descriptor '/home/henrik/ros_workspace/src/install/arm_pkg/share/arm_pkg/hook/ament_prefix_path.dsv'
[3.577s] INFO:colcon.colcon_core.shell:Creating environment hook '/home/henrik/ros_workspace/src/install/arm_pkg/share/arm_pkg/hook/ament_prefix_path.sh'
[3.627s] INFO:colcon.colcon_core.shell:Skip shell extension 'powershell' for command environment: Not usable outside of PowerShell
[3.627s] DEBUG:colcon.colcon_core.shell:Skip shell extension 'dsv' for command environment
[3.946s] INFO:colcon.colcon_core.task.python.build:Building Python package in '/home/henrik/ros_workspace/src/arm_pkg'
[3.997s] INFO:colcon.colcon_core.shell:Skip shell extension 'powershell' for command environment: Not usable outside of PowerShell
[3.997s] DEBUG:colcon.colcon_core.shell:Skip shell extension 'dsv' for command environment
[4.383s] DEBUG:colcon.colcon_core.event_handler.log_command:Invoking command in '/home/henrik/ros_workspace/src/arm_pkg': PYTHONPATH=/home/henrik/ros_workspace/src/build/arm_pkg/prefix_override:/home/henrik/ros_workspace/src/install/arm_pkg/lib/python3.8/site-packages:${PYTHONPATH} /usr/bin/python3 setup.py egg_info --egg-base ../build/arm_pkg build --build-base /home/henrik/ros_workspace/src/build/arm_pkg/build install --record /home/henrik/ros_workspace/src/build/arm_pkg/install.log --install-scripts $base/lib/arm_pkg --single-version-externally-managed
[4.524s] DEBUG:colcon.colcon_core.event_handler.log_command:Invoked command in '/home/henrik/ros_workspace/src/arm_pkg' returned '0': PYTHONPATH=/home/henrik/ros_workspace/src/build/arm_pkg/prefix_override:/home/henrik/ros_workspace/src/install/arm_pkg/lib/python3.8/site-packages:${PYTHONPATH} /usr/bin/python3 setup.py egg_info --egg-base ../build/arm_pkg build --build-base /home/henrik/ros_workspace/src/build/arm_pkg/build install --record /home/henrik/ros_workspace/src/build/arm_pkg/install.log --install-scripts $base/lib/arm_pkg --single-version-externally-managed
[4.615s] Level 1:colcon.colcon_core.environment:checking '/home/henrik/ros_workspace/src/install/arm_pkg' for CMake module files
[4.615s] Level 1:colcon.colcon_core.environment:checking '/home/henrik/ros_workspace/src/install/arm_pkg' for CMake config files
[4.616s] Level 1:colcon.colcon_core.environment:checking '/home/henrik/ros_workspace/src/install/arm_pkg/lib'
[4.616s] Level 1:colcon.colcon_core.environment:checking '/home/henrik/ros_workspace/src/install/arm_pkg/bin'
[4.616s] Level 1:colcon.colcon_core.environment:checking '/home/henrik/ros_workspace/src/install/arm_pkg/lib/pkgconfig/arm_pkg.pc'
[4.616s] Level 1:colcon.colcon_core.environment:checking '/home/henrik/ros_workspace/src/install/arm_pkg/lib/python3.8/site-packages'
[4.617s] Level 1:colcon.colcon_core.shell:create_environment_hook('arm_pkg', 'pythonpath')
[4.705s] INFO:colcon.colcon_core.shell:Creating environment hook '/home/henrik/ros_workspace/src/install/arm_pkg/share/arm_pkg/hook/pythonpath.ps1'
[4.705s] INFO:colcon.colcon_core.shell:Creating environment descriptor '/home/henrik/ros_workspace/src/install/arm_pkg/share/arm_pkg/hook/pythonpath.dsv'
[4.705s] INFO:colcon.colcon_core.shell:Creating environment hook '/home/henrik/ros_workspace/src/install/arm_pkg/share/arm_pkg/hook/pythonpath.sh'
[4.706s] Level 1:colcon.colcon_core.environment:checking '/home/henrik/ros_workspace/src/install/arm_pkg/bin'
[4.706s] Level 1:colcon.colcon_core.environment:create_environment_scripts_only(arm_pkg)
[4.794s] INFO:colcon.colcon_core.shell:Creating package script '/home/henrik/ros_workspace/src/install/arm_pkg/share/arm_pkg/package.ps1'
[4.795s] INFO:colcon.colcon_core.shell:Creating package descriptor '/home/henrik/ros_workspace/src/install/arm_pkg/share/arm_pkg/package.dsv'
[4.795s] INFO:colcon.colcon_core.shell:Creating package script '/home/henrik/ros_workspace/src/install/arm_pkg/share/arm_pkg/package.sh'
[4.796s] INFO:colcon.colcon_core.shell:Creating package script '/home/henrik/ros_workspace/src/install/arm_pkg/share/arm_pkg/package.bash'
[4.796s] INFO:colcon.colcon_core.shell:Creating package script '/home/henrik/ros_workspace/src/install/arm_pkg/share/arm_pkg/package.zsh'
[4.797s] Level 1:colcon.colcon_core.environment:create_file_with_runtime_dependencies(/home/henrik/ros_workspace/src/install/arm_pkg/share/colcon-core/packages/arm_pkg)
[4.797s] DEBUG:colcon.colcon_parallel_executor.executor.parallel:closing loop
[4.798s] DEBUG:colcon.colcon_parallel_executor.executor.parallel:loop closed
[4.798s] DEBUG:colcon.colcon_parallel_executor.executor.parallel:run_until_complete finished with '0'
[4.798s] DEBUG:colcon.colcon_core.event_reactor:joining thread
[4.851s] INFO:colcon.colcon_core.plugin_system:Skipping extension 'colcon_notification.desktop_notification.terminal_notifier': Not used on non-Darwin systems
[4.851s] INFO:colcon.colcon_core.plugin_system:Skipping extension 'colcon_notification.desktop_notification.win32': Not used on non-Windows systems
[4.851s] INFO:colcon.colcon_notification.desktop_notification:Sending desktop notification using 'notify2'
[4.860s] DEBUG:colcon.colcon_core.event_reactor:joined thread
[4.948s] INFO:colcon.colcon_core.shell:Creating prefix script '/home/henrik/ros_workspace/src/install/local_setup.ps1'
[4.948s] INFO:colcon.colcon_core.shell:Creating prefix util module '/home/henrik/ros_workspace/src/install/_local_setup_util_ps1.py'
[4.949s] INFO:colcon.colcon_core.shell:Creating prefix chain script '/home/henrik/ros_workspace/src/install/setup.ps1'
[5.037s] INFO:colcon.colcon_core.shell:Creating prefix script '/home/henrik/ros_workspace/src/install/local_setup.sh'
[5.037s] INFO:colcon.colcon_core.shell:Creating prefix util module '/home/henrik/ros_workspace/src/install/_local_setup_util_sh.py'
[5.038s] INFO:colcon.colcon_core.shell:Creating prefix chain script '/home/henrik/ros_workspace/src/install/setup.sh'
[5.126s] INFO:colcon.colcon_core.shell:Creating prefix script '/home/henrik/ros_workspace/src/install/local_setup.bash'
[5.126s] INFO:colcon.colcon_core.shell:Creating prefix chain script '/home/henrik/ros_workspace/src/install/setup.bash'
[5.213s] INFO:colcon.colcon_core.shell:Creating prefix script '/home/henrik/ros_workspace/src/install/local_setup.zsh'
[5.214s] INFO:colcon.colcon_core.shell:Creating prefix chain script '/home/henrik/ros_workspace/src/install/setup.zsh'
