[2.505s] Invoking command in '/home/henrik/ros_workspace/src/camera_pkg': PYTHONPATH=/home/henrik/ros_workspace/src/build/camera_pkg/prefix_override:/home/henrik/ros_workspace/src/install/camera_pkg/lib/python3.8/site-packages:${PYTHONPATH} /usr/bin/python3 setup.py egg_info --egg-base ../build/camera_pkg build --build-base /home/henrik/ros_workspace/src/build/camera_pkg/build install --record /home/henrik/ros_workspace/src/build/camera_pkg/install.log --install-scripts $base/lib/camera_pkg --single-version-externally-managed
[2.614s] running egg_info
[2.614s] writing ../build/camera_pkg/camera_pkg.egg-info/PKG-INFO
[2.614s] writing dependency_links to ../build/camera_pkg/camera_pkg.egg-info/dependency_links.txt
[2.614s] writing entry points to ../build/camera_pkg/camera_pkg.egg-info/entry_points.txt
[2.614s] writing requirements to ../build/camera_pkg/camera_pkg.egg-info/requires.txt
[2.615s] writing top-level names to ../build/camera_pkg/camera_pkg.egg-info/top_level.txt
[2.633s] reading manifest file '../build/camera_pkg/camera_pkg.egg-info/SOURCES.txt'
[2.633s] writing manifest file '../build/camera_pkg/camera_pkg.egg-info/SOURCES.txt'
[2.633s] running build
[2.633s] running build_py
[2.633s] running install
[2.633s] running install_lib
[2.634s] running install_data
[2.634s] running install_egg_info
[2.635s] removing '/home/henrik/ros_workspace/src/install/camera_pkg/lib/python3.8/site-packages/camera_pkg-0.0.0-py3.8.egg-info' (and everything under it)
[2.636s] Copying ../build/camera_pkg/camera_pkg.egg-info to /home/henrik/ros_workspace/src/install/camera_pkg/lib/python3.8/site-packages/camera_pkg-0.0.0-py3.8.egg-info
[2.636s] running install_scripts
[2.646s] Installing bottle_recog_node script to /home/henrik/ros_workspace/src/install/camera_pkg/lib/camera_pkg
[2.646s] writing list of installed files to '/home/henrik/ros_workspace/src/build/camera_pkg/install.log'
