[2.832s] DEBUG:colcon:Command line arguments: ['/usr/bin/colcon', 'build']
[2.833s] DEBUG:colcon:Parsed command line arguments: Namespace(allow_overriding=[], ament_cmake_args=None, base_paths=['.'], build_base='build', catkin_cmake_args=None, catkin_skip_building_tests=False, cmake_args=None, cmake_clean_cache=False, cmake_clean_first=False, cmake_force_configure=False, cmake_target=None, cmake_target_skip_unavailable=False, continue_on_error=False, event_handlers=None, executor='parallel', ignore_user_meta=False, install_base='install', log_base=None, log_level=None, main=<bound method BuildVerb.main of <colcon_core.verb.build.BuildVerb object at 0x7fe24ea57760>>, merge_install=False, metas=['./colcon.meta'], packages_above=None, packages_above_and_dependencies=None, packages_above_depth=None, packages_end=None, packages_ignore=None, packages_ignore_regex=None, packages_select=None, packages_select_build_failed=False, packages_select_by_dep=None, packages_select_regex=None, packages_select_test_failures=False, packages_skip=None, packages_skip_build_finished=False, packages_skip_by_dep=None, packages_skip_regex=None, packages_skip_test_passed=False, packages_skip_up_to=None, packages_start=None, packages_up_to=None, packages_up_to_regex=None, parallel_workers=20, paths=None, symlink_install=False, test_result_base=None, verb_extension=<colcon_core.verb.build.BuildVerb object at 0x7fe24ea57760>, verb_name='build', verb_parser=<colcon_defaults.argument_parser.defaults.DefaultArgumentsDecorator object at 0x7fe24e89b5b0>)
[2.946s] Level 1:colcon.colcon_core.package_discovery:discover_packages(colcon_meta) check parameters
[2.946s] Level 1:colcon.colcon_core.package_discovery:discover_packages(recursive) check parameters
[2.946s] Level 1:colcon.colcon_core.package_discovery:discover_packages(ignore) check parameters
[2.946s] Level 1:colcon.colcon_core.package_discovery:discover_packages(path) check parameters
[2.946s] Level 1:colcon.colcon_core.package_discovery:discover_packages(colcon_meta) discover
[2.946s] Level 1:colcon.colcon_core.package_discovery:discover_packages(recursive) discover
[2.946s] INFO:colcon.colcon_core.package_discovery:Crawling recursively for packages in '/home/henrik/ros_workspace/src'
[2.946s] Level 1:colcon.colcon_core.package_identification:_identify(.) by extensions ['ignore', 'ignore_ament_install']
[2.946s] Level 1:colcon.colcon_core.package_identification:_identify(.) by extension 'ignore'
[2.946s] Level 1:colcon.colcon_core.package_identification:_identify(.) by extension 'ignore_ament_install'
[2.946s] Level 1:colcon.colcon_core.package_identification:_identify(.) by extensions ['colcon_pkg']
[2.947s] Level 1:colcon.colcon_core.package_identification:_identify(.) by extension 'colcon_pkg'
[2.947s] Level 1:colcon.colcon_core.package_identification:_identify(.) by extensions ['colcon_meta']
[2.947s] Level 1:colcon.colcon_core.package_identification:_identify(.) by extension 'colcon_meta'
[2.947s] Level 1:colcon.colcon_core.package_identification:_identify(.) by extensions ['ros']
[2.947s] Level 1:colcon.colcon_core.package_identification:_identify(.) by extension 'ros'
[2.952s] Level 1:colcon.colcon_core.package_identification:_identify(.) by extensions ['cmake', 'python']
[2.953s] Level 1:colcon.colcon_core.package_identification:_identify(.) by extension 'cmake'
[2.953s] Level 1:colcon.colcon_core.package_identification:_identify(.) by extension 'python'
[2.953s] Level 1:colcon.colcon_core.package_identification:_identify(.) by extensions ['python_setup_py']
[2.953s] Level 1:colcon.colcon_core.package_identification:_identify(.) by extension 'python_setup_py'
[2.953s] Level 1:colcon.colcon_core.package_identification:_identify(build) by extensions ['ignore', 'ignore_ament_install']
[2.953s] Level 1:colcon.colcon_core.package_identification:_identify(build) by extension 'ignore'
[2.953s] Level 1:colcon.colcon_core.package_identification:_identify(build) ignored
[2.953s] Level 1:colcon.colcon_core.package_identification:_identify(camera_pkg) by extensions ['ignore', 'ignore_ament_install']
[2.953s] Level 1:colcon.colcon_core.package_identification:_identify(camera_pkg) by extension 'ignore'
[2.953s] Level 1:colcon.colcon_core.package_identification:_identify(camera_pkg) by extension 'ignore_ament_install'
[2.953s] Level 1:colcon.colcon_core.package_identification:_identify(camera_pkg) by extensions ['colcon_pkg']
[2.953s] Level 1:colcon.colcon_core.package_identification:_identify(camera_pkg) by extension 'colcon_pkg'
[2.953s] Level 1:colcon.colcon_core.package_identification:_identify(camera_pkg) by extensions ['colcon_meta']
[2.953s] Level 1:colcon.colcon_core.package_identification:_identify(camera_pkg) by extension 'colcon_meta'
[2.953s] Level 1:colcon.colcon_core.package_identification:_identify(camera_pkg) by extensions ['ros']
[2.953s] Level 1:colcon.colcon_core.package_identification:_identify(camera_pkg) by extension 'ros'
[2.954s] DEBUG:colcon.colcon_core.package_identification:Package 'camera_pkg' with type 'ros.ament_python' and name 'camera_pkg'
[2.954s] Level 1:colcon.colcon_core.package_identification:_identify(install) by extensions ['ignore', 'ignore_ament_install']
[2.954s] Level 1:colcon.colcon_core.package_identification:_identify(install) by extension 'ignore'
[2.954s] Level 1:colcon.colcon_core.package_identification:_identify(install) ignored
[2.954s] Level 1:colcon.colcon_core.package_identification:_identify(interfaces) by extensions ['ignore', 'ignore_ament_install']
[2.955s] Level 1:colcon.colcon_core.package_identification:_identify(interfaces) by extension 'ignore'
[2.955s] Level 1:colcon.colcon_core.package_identification:_identify(interfaces) by extension 'ignore_ament_install'
[2.955s] Level 1:colcon.colcon_core.package_identification:_identify(interfaces) by extensions ['colcon_pkg']
[2.955s] Level 1:colcon.colcon_core.package_identification:_identify(interfaces) by extension 'colcon_pkg'
[2.955s] Level 1:colcon.colcon_core.package_identification:_identify(interfaces) by extensions ['colcon_meta']
[2.955s] Level 1:colcon.colcon_core.package_identification:_identify(interfaces) by extension 'colcon_meta'
[2.955s] Level 1:colcon.colcon_core.package_identification:_identify(interfaces) by extensions ['ros']
[2.955s] Level 1:colcon.colcon_core.package_identification:_identify(interfaces) by extension 'ros'
[2.955s] DEBUG:colcon.colcon_core.package_identification:Package 'interfaces' with type 'ros.ament_cmake' and name 'interfaces'
[2.955s] Level 1:colcon.colcon_core.package_identification:_identify(log) by extensions ['ignore', 'ignore_ament_install']
[2.955s] Level 1:colcon.colcon_core.package_identification:_identify(log) by extension 'ignore'
[2.955s] Level 1:colcon.colcon_core.package_identification:_identify(log) ignored
[2.955s] Level 1:colcon.colcon_core.package_identification:_identify(mic_pkg) by extensions ['ignore', 'ignore_ament_install']
[2.955s] Level 1:colcon.colcon_core.package_identification:_identify(mic_pkg) by extension 'ignore'
[2.955s] Level 1:colcon.colcon_core.package_identification:_identify(mic_pkg) by extension 'ignore_ament_install'
[2.955s] Level 1:colcon.colcon_core.package_identification:_identify(mic_pkg) by extensions ['colcon_pkg']
[2.955s] Level 1:colcon.colcon_core.package_identification:_identify(mic_pkg) by extension 'colcon_pkg'
[2.955s] Level 1:colcon.colcon_core.package_identification:_identify(mic_pkg) by extensions ['colcon_meta']
[2.955s] Level 1:colcon.colcon_core.package_identification:_identify(mic_pkg) by extension 'colcon_meta'
[2.955s] Level 1:colcon.colcon_core.package_identification:_identify(mic_pkg) by extensions ['ros']
[2.955s] Level 1:colcon.colcon_core.package_identification:_identify(mic_pkg) by extension 'ros'
[2.956s] DEBUG:colcon.colcon_core.package_identification:Package 'mic_pkg' with type 'ros.ament_python' and name 'mic_pkg'
[2.956s] Level 1:colcon.colcon_core.package_discovery:discover_packages(recursive) using defaults
[2.956s] Level 1:colcon.colcon_core.package_discovery:discover_packages(ignore) discover
[2.956s] Level 1:colcon.colcon_core.package_discovery:discover_packages(ignore) using defaults
[2.956s] Level 1:colcon.colcon_core.package_discovery:discover_packages(path) discover
[2.956s] Level 1:colcon.colcon_core.package_discovery:discover_packages(path) using defaults
[3.227s] Level 1:colcon.colcon_core.package_discovery:discover_packages(prefix_path) check parameters
[3.227s] Level 1:colcon.colcon_core.package_discovery:discover_packages(prefix_path) discover
[3.332s] DEBUG:colcon.colcon_installed_package_information.package_discovery:Found 2 installed packages in /home/henrik/ros_workspace/install
[3.384s] DEBUG:colcon.colcon_installed_package_information.package_discovery:Found 256 installed packages in /opt/ros/foxy
[3.385s] Level 1:colcon.colcon_core.package_discovery:discover_packages(prefix_path) using defaults
[3.521s] Level 5:colcon.colcon_core.verb:set package 'camera_pkg' build argument 'cmake_args' from command line to 'None'
[3.522s] Level 5:colcon.colcon_core.verb:set package 'camera_pkg' build argument 'cmake_target' from command line to 'None'
[3.522s] Level 5:colcon.colcon_core.verb:set package 'camera_pkg' build argument 'cmake_target_skip_unavailable' from command line to 'False'
[3.522s] Level 5:colcon.colcon_core.verb:set package 'camera_pkg' build argument 'cmake_clean_cache' from command line to 'False'
[3.522s] Level 5:colcon.colcon_core.verb:set package 'camera_pkg' build argument 'cmake_clean_first' from command line to 'False'
[3.522s] Level 5:colcon.colcon_core.verb:set package 'camera_pkg' build argument 'cmake_force_configure' from command line to 'False'
[3.522s] Level 5:colcon.colcon_core.verb:set package 'camera_pkg' build argument 'ament_cmake_args' from command line to 'None'
[3.522s] Level 5:colcon.colcon_core.verb:set package 'camera_pkg' build argument 'catkin_cmake_args' from command line to 'None'
[3.522s] Level 5:colcon.colcon_core.verb:set package 'camera_pkg' build argument 'catkin_skip_building_tests' from command line to 'False'
[3.522s] DEBUG:colcon.colcon_core.verb:Building package 'camera_pkg' with the following arguments: {'ament_cmake_args': None, 'build_base': '/home/henrik/ros_workspace/src/build/camera_pkg', 'catkin_cmake_args': None, 'catkin_skip_building_tests': False, 'cmake_args': None, 'cmake_clean_cache': False, 'cmake_clean_first': False, 'cmake_force_configure': False, 'cmake_target': None, 'cmake_target_skip_unavailable': False, 'install_base': '/home/henrik/ros_workspace/src/install/camera_pkg', 'merge_install': False, 'path': '/home/henrik/ros_workspace/src/camera_pkg', 'symlink_install': False, 'test_result_base': None}
[3.573s] Level 5:colcon.colcon_core.verb:set package 'interfaces' build argument 'cmake_args' from command line to 'None'
[3.573s] Level 5:colcon.colcon_core.verb:set package 'interfaces' build argument 'cmake_target' from command line to 'None'
[3.573s] Level 5:colcon.colcon_core.verb:set package 'interfaces' build argument 'cmake_target_skip_unavailable' from command line to 'False'
[3.573s] Level 5:colcon.colcon_core.verb:set package 'interfaces' build argument 'cmake_clean_cache' from command line to 'False'
[3.573s] Level 5:colcon.colcon_core.verb:set package 'interfaces' build argument 'cmake_clean_first' from command line to 'False'
[3.573s] Level 5:colcon.colcon_core.verb:set package 'interfaces' build argument 'cmake_force_configure' from command line to 'False'
[3.573s] Level 5:colcon.colcon_core.verb:set package 'interfaces' build argument 'ament_cmake_args' from command line to 'None'
[3.573s] Level 5:colcon.colcon_core.verb:set package 'interfaces' build argument 'catkin_cmake_args' from command line to 'None'
[3.573s] Level 5:colcon.colcon_core.verb:set package 'interfaces' build argument 'catkin_skip_building_tests' from command line to 'False'
[3.573s] DEBUG:colcon.colcon_core.verb:Building package 'interfaces' with the following arguments: {'ament_cmake_args': None, 'build_base': '/home/henrik/ros_workspace/src/build/interfaces', 'catkin_cmake_args': None, 'catkin_skip_building_tests': False, 'cmake_args': None, 'cmake_clean_cache': False, 'cmake_clean_first': False, 'cmake_force_configure': False, 'cmake_target': None, 'cmake_target_skip_unavailable': False, 'install_base': '/home/henrik/ros_workspace/src/install/interfaces', 'merge_install': False, 'path': '/home/henrik/ros_workspace/src/interfaces', 'symlink_install': False, 'test_result_base': None}
[3.625s] Level 5:colcon.colcon_core.verb:set package 'mic_pkg' build argument 'cmake_args' from command line to 'None'
[3.625s] Level 5:colcon.colcon_core.verb:set package 'mic_pkg' build argument 'cmake_target' from command line to 'None'
[3.625s] Level 5:colcon.colcon_core.verb:set package 'mic_pkg' build argument 'cmake_target_skip_unavailable' from command line to 'False'
[3.625s] Level 5:colcon.colcon_core.verb:set package 'mic_pkg' build argument 'cmake_clean_cache' from command line to 'False'
[3.625s] Level 5:colcon.colcon_core.verb:set package 'mic_pkg' build argument 'cmake_clean_first' from command line to 'False'
[3.625s] Level 5:colcon.colcon_core.verb:set package 'mic_pkg' build argument 'cmake_force_configure' from command line to 'False'
[3.625s] Level 5:colcon.colcon_core.verb:set package 'mic_pkg' build argument 'ament_cmake_args' from command line to 'None'
[3.625s] Level 5:colcon.colcon_core.verb:set package 'mic_pkg' build argument 'catkin_cmake_args' from command line to 'None'
[3.625s] Level 5:colcon.colcon_core.verb:set package 'mic_pkg' build argument 'catkin_skip_building_tests' from command line to 'False'
[3.625s] DEBUG:colcon.colcon_core.verb:Building package 'mic_pkg' with the following arguments: {'ament_cmake_args': None, 'build_base': '/home/henrik/ros_workspace/src/build/mic_pkg', 'catkin_cmake_args': None, 'catkin_skip_building_tests': False, 'cmake_args': None, 'cmake_clean_cache': False, 'cmake_clean_first': False, 'cmake_force_configure': False, 'cmake_target': None, 'cmake_target_skip_unavailable': False, 'install_base': '/home/henrik/ros_workspace/src/install/mic_pkg', 'merge_install': False, 'path': '/home/henrik/ros_workspace/src/mic_pkg', 'symlink_install': False, 'test_result_base': None}
[3.676s] INFO:colcon.colcon_core.executor:Executing jobs using 'parallel' executor
[3.728s] DEBUG:colcon.colcon_parallel_executor.executor.parallel:run_until_complete
[3.728s] INFO:colcon.colcon_ros.task.ament_python.build:Building ROS package in '/home/henrik/ros_workspace/src/camera_pkg' with build type 'ament_python'
[3.728s] Level 1:colcon.colcon_core.shell:create_environment_hook('camera_pkg', 'ament_prefix_path')
[3.782s] INFO:colcon.colcon_core.plugin_system:Skipping extension 'colcon_core.shell.bat': Not used on non-Windows systems
[3.782s] INFO:colcon.colcon_core.shell:Creating environment hook '/home/henrik/ros_workspace/src/install/camera_pkg/share/camera_pkg/hook/ament_prefix_path.ps1'
[3.782s] INFO:colcon.colcon_core.shell:Creating environment descriptor '/home/henrik/ros_workspace/src/install/camera_pkg/share/camera_pkg/hook/ament_prefix_path.dsv'
[3.782s] INFO:colcon.colcon_core.shell:Creating environment hook '/home/henrik/ros_workspace/src/install/camera_pkg/share/camera_pkg/hook/ament_prefix_path.sh'
[3.836s] INFO:colcon.colcon_core.shell:Skip shell extension 'powershell' for command environment: Not usable outside of PowerShell
[3.836s] DEBUG:colcon.colcon_core.shell:Skip shell extension 'dsv' for command environment
[3.996s] INFO:colcon.colcon_ros.task.ament_cmake.build:Building ROS package in '/home/henrik/ros_workspace/src/interfaces' with build type 'ament_cmake'
[3.996s] INFO:colcon.colcon_cmake.task.cmake.build:Building CMake package in '/home/henrik/ros_workspace/src/interfaces'
[4.050s] INFO:colcon.colcon_core.shell:Skip shell extension 'powershell' for command environment: Not usable outside of PowerShell
[4.050s] DEBUG:colcon.colcon_core.shell:Skip shell extension 'dsv' for command environment
[4.211s] INFO:colcon.colcon_ros.task.ament_python.build:Building ROS package in '/home/henrik/ros_workspace/src/mic_pkg' with build type 'ament_python'
[4.211s] Level 1:colcon.colcon_core.shell:create_environment_hook('mic_pkg', 'ament_prefix_path')
[4.265s] INFO:colcon.colcon_core.shell:Creating environment hook '/home/henrik/ros_workspace/src/install/mic_pkg/share/mic_pkg/hook/ament_prefix_path.ps1'
[4.265s] INFO:colcon.colcon_core.shell:Creating environment descriptor '/home/henrik/ros_workspace/src/install/mic_pkg/share/mic_pkg/hook/ament_prefix_path.dsv'
[4.265s] INFO:colcon.colcon_core.shell:Creating environment hook '/home/henrik/ros_workspace/src/install/mic_pkg/share/mic_pkg/hook/ament_prefix_path.sh'
[4.318s] INFO:colcon.colcon_core.shell:Skip shell extension 'powershell' for command environment: Not usable outside of PowerShell
[4.318s] DEBUG:colcon.colcon_core.shell:Skip shell extension 'dsv' for command environment
[4.589s] INFO:colcon.colcon_core.task.python.build:Building Python package in '/home/henrik/ros_workspace/src/camera_pkg'
[4.641s] INFO:colcon.colcon_core.shell:Skip shell extension 'powershell' for command environment: Not usable outside of PowerShell
[4.641s] DEBUG:colcon.colcon_core.shell:Skip shell extension 'dsv' for command environment
[4.803s] DEBUG:colcon.colcon_core.event_handler.log_command:Invoking command in '/home/henrik/ros_workspace/src/build/interfaces': CMAKE_PREFIX_PATH=${CMAKE_PREFIX_PATH}:/home/henrik/ros_workspace/install/mic_pkg:/opt/ros/foxy /usr/bin/cmake --build /home/henrik/ros_workspace/src/build/interfaces -- -j20 -l20
[4.924s] INFO:colcon.colcon_core.task.python.build:Building Python package in '/home/henrik/ros_workspace/src/mic_pkg'
[4.976s] INFO:colcon.colcon_core.shell:Skip shell extension 'powershell' for command environment: Not usable outside of PowerShell
[4.976s] DEBUG:colcon.colcon_core.shell:Skip shell extension 'dsv' for command environment
[5.139s] DEBUG:colcon.colcon_core.event_handler.log_command:Invoked command in '/home/henrik/ros_workspace/src/build/interfaces' returned '0': CMAKE_PREFIX_PATH=${CMAKE_PREFIX_PATH}:/home/henrik/ros_workspace/install/mic_pkg:/opt/ros/foxy /usr/bin/cmake --build /home/henrik/ros_workspace/src/build/interfaces -- -j20 -l20
[5.176s] DEBUG:colcon.colcon_core.event_handler.log_command:Invoking command in '/home/henrik/ros_workspace/src/build/interfaces': CMAKE_PREFIX_PATH=${CMAKE_PREFIX_PATH}:/home/henrik/ros_workspace/install/mic_pkg:/opt/ros/foxy /usr/bin/cmake --install /home/henrik/ros_workspace/src/build/interfaces
[5.206s] Level 1:colcon.colcon_core.environment:create_environment_scripts_only(interfaces)
[5.207s] DEBUG:colcon.colcon_core.event_handler.log_command:Invoked command in '/home/henrik/ros_workspace/src/build/interfaces' returned '0': CMAKE_PREFIX_PATH=${CMAKE_PREFIX_PATH}:/home/henrik/ros_workspace/install/mic_pkg:/opt/ros/foxy /usr/bin/cmake --install /home/henrik/ros_workspace/src/build/interfaces
[5.305s] Level 1:colcon.colcon_core.environment:checking '/home/henrik/ros_workspace/src/install/interfaces' for CMake module files
[5.306s] Level 1:colcon.colcon_core.environment:checking '/home/henrik/ros_workspace/src/install/interfaces' for CMake config files
[5.306s] Level 1:colcon.colcon_core.shell:create_environment_hook('interfaces', 'cmake_prefix_path')
[5.394s] INFO:colcon.colcon_core.shell:Creating environment hook '/home/henrik/ros_workspace/src/install/interfaces/share/interfaces/hook/cmake_prefix_path.ps1'
[5.394s] INFO:colcon.colcon_core.shell:Creating environment descriptor '/home/henrik/ros_workspace/src/install/interfaces/share/interfaces/hook/cmake_prefix_path.dsv'
[5.394s] INFO:colcon.colcon_core.shell:Creating environment hook '/home/henrik/ros_workspace/src/install/interfaces/share/interfaces/hook/cmake_prefix_path.sh'
[5.395s] Level 1:colcon.colcon_core.environment:checking '/home/henrik/ros_workspace/src/install/interfaces/lib'
[5.395s] Level 1:colcon.colcon_core.shell:create_environment_hook('interfaces', 'ld_library_path_lib')
[5.481s] INFO:colcon.colcon_core.shell:Creating environment hook '/home/henrik/ros_workspace/src/install/interfaces/share/interfaces/hook/ld_library_path_lib.ps1'
[5.481s] INFO:colcon.colcon_core.shell:Creating environment descriptor '/home/henrik/ros_workspace/src/install/interfaces/share/interfaces/hook/ld_library_path_lib.dsv'
[5.482s] INFO:colcon.colcon_core.shell:Creating environment hook '/home/henrik/ros_workspace/src/install/interfaces/share/interfaces/hook/ld_library_path_lib.sh'
[5.482s] Level 1:colcon.colcon_core.environment:checking '/home/henrik/ros_workspace/src/install/interfaces/bin'
[5.482s] Level 1:colcon.colcon_core.environment:checking '/home/henrik/ros_workspace/src/install/interfaces/lib/pkgconfig/interfaces.pc'
[5.482s] Level 1:colcon.colcon_core.environment:checking '/home/henrik/ros_workspace/src/install/interfaces/lib/python3.8/site-packages'
[5.482s] Level 1:colcon.colcon_core.shell:create_environment_hook('interfaces', 'pythonpath')
[5.568s] INFO:colcon.colcon_core.shell:Creating environment hook '/home/henrik/ros_workspace/src/install/interfaces/share/interfaces/hook/pythonpath.ps1'
[5.568s] INFO:colcon.colcon_core.shell:Creating environment descriptor '/home/henrik/ros_workspace/src/install/interfaces/share/interfaces/hook/pythonpath.dsv'
[5.568s] INFO:colcon.colcon_core.shell:Creating environment hook '/home/henrik/ros_workspace/src/install/interfaces/share/interfaces/hook/pythonpath.sh'
[5.569s] Level 1:colcon.colcon_core.environment:checking '/home/henrik/ros_workspace/src/install/interfaces/bin'
[5.655s] INFO:colcon.colcon_core.shell:Creating package script '/home/henrik/ros_workspace/src/install/interfaces/share/interfaces/package.ps1'
[5.656s] INFO:colcon.colcon_core.shell:Creating package descriptor '/home/henrik/ros_workspace/src/install/interfaces/share/interfaces/package.dsv'
[5.656s] INFO:colcon.colcon_core.shell:Creating package script '/home/henrik/ros_workspace/src/install/interfaces/share/interfaces/package.sh'
[5.657s] INFO:colcon.colcon_core.shell:Creating package script '/home/henrik/ros_workspace/src/install/interfaces/share/interfaces/package.bash'
[5.657s] INFO:colcon.colcon_core.shell:Creating package script '/home/henrik/ros_workspace/src/install/interfaces/share/interfaces/package.zsh'
[5.658s] Level 1:colcon.colcon_core.environment:create_file_with_runtime_dependencies(/home/henrik/ros_workspace/src/install/interfaces/share/colcon-core/packages/interfaces)
[5.663s] DEBUG:colcon.colcon_core.event_handler.log_command:Invoking command in '/home/henrik/ros_workspace/src/camera_pkg': PYTHONPATH=/home/henrik/ros_workspace/src/build/camera_pkg/prefix_override:/home/henrik/ros_workspace/src/install/camera_pkg/lib/python3.8/site-packages:${PYTHONPATH} /usr/bin/python3 setup.py egg_info --egg-base ../build/camera_pkg build --build-base /home/henrik/ros_workspace/src/build/camera_pkg/build install --record /home/henrik/ros_workspace/src/build/camera_pkg/install.log --install-scripts $base/lib/camera_pkg --single-version-externally-managed
[5.665s] DEBUG:colcon.colcon_core.event_handler.log_command:Invoking command in '/home/henrik/ros_workspace/src/mic_pkg': PYTHONPATH=/home/henrik/ros_workspace/src/build/mic_pkg/prefix_override:/home/henrik/ros_workspace/src/install/mic_pkg/lib/python3.8/site-packages:${PYTHONPATH} /usr/bin/python3 setup.py egg_info --egg-base ../build/mic_pkg build --build-base /home/henrik/ros_workspace/src/build/mic_pkg/build install --record /home/henrik/ros_workspace/src/build/mic_pkg/install.log --install-scripts $base/lib/mic_pkg --single-version-externally-managed
[5.778s] Level 1:colcon.colcon_core.environment:create_environment_scripts_only(interfaces)
[5.869s] Level 1:colcon.colcon_core.environment:checking '/home/henrik/ros_workspace/src/install/interfaces' for CMake module files
[5.869s] Level 1:colcon.colcon_core.environment:checking '/home/henrik/ros_workspace/src/install/interfaces' for CMake config files
[5.869s] Level 1:colcon.colcon_core.shell:create_environment_hook('interfaces', 'cmake_prefix_path')
[5.955s] INFO:colcon.colcon_core.shell:Creating environment hook '/home/henrik/ros_workspace/src/install/interfaces/share/interfaces/hook/cmake_prefix_path.ps1'
[5.956s] INFO:colcon.colcon_core.shell:Creating environment descriptor '/home/henrik/ros_workspace/src/install/interfaces/share/interfaces/hook/cmake_prefix_path.dsv'
[5.956s] INFO:colcon.colcon_core.shell:Creating environment hook '/home/henrik/ros_workspace/src/install/interfaces/share/interfaces/hook/cmake_prefix_path.sh'
[5.956s] Level 1:colcon.colcon_core.environment:checking '/home/henrik/ros_workspace/src/install/interfaces/lib'
[5.957s] Level 1:colcon.colcon_core.shell:create_environment_hook('interfaces', 'ld_library_path_lib')
[6.042s] INFO:colcon.colcon_core.shell:Creating environment hook '/home/henrik/ros_workspace/src/install/interfaces/share/interfaces/hook/ld_library_path_lib.ps1'
[6.043s] INFO:colcon.colcon_core.shell:Creating environment descriptor '/home/henrik/ros_workspace/src/install/interfaces/share/interfaces/hook/ld_library_path_lib.dsv'
[6.043s] INFO:colcon.colcon_core.shell:Creating environment hook '/home/henrik/ros_workspace/src/install/interfaces/share/interfaces/hook/ld_library_path_lib.sh'
[6.043s] Level 1:colcon.colcon_core.environment:checking '/home/henrik/ros_workspace/src/install/interfaces/bin'
[6.043s] Level 1:colcon.colcon_core.environment:checking '/home/henrik/ros_workspace/src/install/interfaces/lib/pkgconfig/interfaces.pc'
[6.044s] Level 1:colcon.colcon_core.environment:checking '/home/henrik/ros_workspace/src/install/interfaces/lib/python3.8/site-packages'
[6.044s] Level 1:colcon.colcon_core.shell:create_environment_hook('interfaces', 'pythonpath')
[6.130s] INFO:colcon.colcon_core.shell:Creating environment hook '/home/henrik/ros_workspace/src/install/interfaces/share/interfaces/hook/pythonpath.ps1'
[6.130s] INFO:colcon.colcon_core.shell:Creating environment descriptor '/home/henrik/ros_workspace/src/install/interfaces/share/interfaces/hook/pythonpath.dsv'
[6.130s] INFO:colcon.colcon_core.shell:Creating environment hook '/home/henrik/ros_workspace/src/install/interfaces/share/interfaces/hook/pythonpath.sh'
[6.131s] Level 1:colcon.colcon_core.environment:checking '/home/henrik/ros_workspace/src/install/interfaces/bin'
[6.217s] INFO:colcon.colcon_core.shell:Creating package script '/home/henrik/ros_workspace/src/install/interfaces/share/interfaces/package.ps1'
[6.217s] INFO:colcon.colcon_core.shell:Creating package descriptor '/home/henrik/ros_workspace/src/install/interfaces/share/interfaces/package.dsv'
[6.218s] INFO:colcon.colcon_core.shell:Creating package script '/home/henrik/ros_workspace/src/install/interfaces/share/interfaces/package.sh'
[6.218s] INFO:colcon.colcon_core.shell:Creating package script '/home/henrik/ros_workspace/src/install/interfaces/share/interfaces/package.bash'
[6.219s] INFO:colcon.colcon_core.shell:Creating package script '/home/henrik/ros_workspace/src/install/interfaces/share/interfaces/package.zsh'
[6.219s] Level 1:colcon.colcon_core.environment:create_file_with_runtime_dependencies(/home/henrik/ros_workspace/src/install/interfaces/share/colcon-core/packages/interfaces)
[6.221s] DEBUG:colcon.colcon_core.event_handler.log_command:Invoked command in '/home/henrik/ros_workspace/src/camera_pkg' returned '0': PYTHONPATH=/home/henrik/ros_workspace/src/build/camera_pkg/prefix_override:/home/henrik/ros_workspace/src/install/camera_pkg/lib/python3.8/site-packages:${PYTHONPATH} /usr/bin/python3 setup.py egg_info --egg-base ../build/camera_pkg build --build-base /home/henrik/ros_workspace/src/build/camera_pkg/build install --record /home/henrik/ros_workspace/src/build/camera_pkg/install.log --install-scripts $base/lib/camera_pkg --single-version-externally-managed
[6.307s] Level 1:colcon.colcon_core.environment:checking '/home/henrik/ros_workspace/src/install/camera_pkg' for CMake module files
[6.308s] Level 1:colcon.colcon_core.environment:checking '/home/henrik/ros_workspace/src/install/camera_pkg' for CMake config files
[6.308s] Level 1:colcon.colcon_core.environment:checking '/home/henrik/ros_workspace/src/install/camera_pkg/lib'
[6.308s] Level 1:colcon.colcon_core.environment:checking '/home/henrik/ros_workspace/src/install/camera_pkg/bin'
[6.308s] Level 1:colcon.colcon_core.environment:checking '/home/henrik/ros_workspace/src/install/camera_pkg/lib/pkgconfig/camera_pkg.pc'
[6.308s] Level 1:colcon.colcon_core.environment:checking '/home/henrik/ros_workspace/src/install/camera_pkg/lib/python3.8/site-packages'
[6.308s] Level 1:colcon.colcon_core.shell:create_environment_hook('camera_pkg', 'pythonpath')
[6.395s] INFO:colcon.colcon_core.shell:Creating environment hook '/home/henrik/ros_workspace/src/install/camera_pkg/share/camera_pkg/hook/pythonpath.ps1'
[6.395s] INFO:colcon.colcon_core.shell:Creating environment descriptor '/home/henrik/ros_workspace/src/install/camera_pkg/share/camera_pkg/hook/pythonpath.dsv'
[6.395s] INFO:colcon.colcon_core.shell:Creating environment hook '/home/henrik/ros_workspace/src/install/camera_pkg/share/camera_pkg/hook/pythonpath.sh'
[6.396s] Level 1:colcon.colcon_core.environment:checking '/home/henrik/ros_workspace/src/install/camera_pkg/bin'
[6.396s] Level 1:colcon.colcon_core.environment:create_environment_scripts_only(camera_pkg)
[6.482s] INFO:colcon.colcon_core.shell:Creating package script '/home/henrik/ros_workspace/src/install/camera_pkg/share/camera_pkg/package.ps1'
[6.483s] INFO:colcon.colcon_core.shell:Creating package descriptor '/home/henrik/ros_workspace/src/install/camera_pkg/share/camera_pkg/package.dsv'
[6.483s] INFO:colcon.colcon_core.shell:Creating package script '/home/henrik/ros_workspace/src/install/camera_pkg/share/camera_pkg/package.sh'
[6.483s] INFO:colcon.colcon_core.shell:Creating package script '/home/henrik/ros_workspace/src/install/camera_pkg/share/camera_pkg/package.bash'
[6.484s] INFO:colcon.colcon_core.shell:Creating package script '/home/henrik/ros_workspace/src/install/camera_pkg/share/camera_pkg/package.zsh'
[6.484s] Level 1:colcon.colcon_core.environment:create_file_with_runtime_dependencies(/home/henrik/ros_workspace/src/install/camera_pkg/share/colcon-core/packages/camera_pkg)
[6.485s] DEBUG:colcon.colcon_core.event_handler.log_command:Invoked command in '/home/henrik/ros_workspace/src/mic_pkg' returned '0': PYTHONPATH=/home/henrik/ros_workspace/src/build/mic_pkg/prefix_override:/home/henrik/ros_workspace/src/install/mic_pkg/lib/python3.8/site-packages:${PYTHONPATH} /usr/bin/python3 setup.py egg_info --egg-base ../build/mic_pkg build --build-base /home/henrik/ros_workspace/src/build/mic_pkg/build install --record /home/henrik/ros_workspace/src/build/mic_pkg/install.log --install-scripts $base/lib/mic_pkg --single-version-externally-managed
[6.571s] Level 1:colcon.colcon_core.environment:checking '/home/henrik/ros_workspace/src/install/mic_pkg' for CMake module files
[6.571s] Level 1:colcon.colcon_core.environment:checking '/home/henrik/ros_workspace/src/install/mic_pkg' for CMake config files
[6.571s] Level 1:colcon.colcon_core.environment:checking '/home/henrik/ros_workspace/src/install/mic_pkg/lib'
[6.572s] Level 1:colcon.colcon_core.environment:checking '/home/henrik/ros_workspace/src/install/mic_pkg/bin'
[6.572s] Level 1:colcon.colcon_core.environment:checking '/home/henrik/ros_workspace/src/install/mic_pkg/lib/pkgconfig/mic_pkg.pc'
[6.572s] Level 1:colcon.colcon_core.environment:checking '/home/henrik/ros_workspace/src/install/mic_pkg/lib/python3.8/site-packages'
[6.572s] Level 1:colcon.colcon_core.shell:create_environment_hook('mic_pkg', 'pythonpath')
[6.658s] INFO:colcon.colcon_core.shell:Creating environment hook '/home/henrik/ros_workspace/src/install/mic_pkg/share/mic_pkg/hook/pythonpath.ps1'
[6.658s] INFO:colcon.colcon_core.shell:Creating environment descriptor '/home/henrik/ros_workspace/src/install/mic_pkg/share/mic_pkg/hook/pythonpath.dsv'
[6.658s] INFO:colcon.colcon_core.shell:Creating environment hook '/home/henrik/ros_workspace/src/install/mic_pkg/share/mic_pkg/hook/pythonpath.sh'
[6.659s] Level 1:colcon.colcon_core.environment:checking '/home/henrik/ros_workspace/src/install/mic_pkg/bin'
[6.659s] Level 1:colcon.colcon_core.environment:create_environment_scripts_only(mic_pkg)
[6.744s] INFO:colcon.colcon_core.shell:Creating package script '/home/henrik/ros_workspace/src/install/mic_pkg/share/mic_pkg/package.ps1'
[6.745s] INFO:colcon.colcon_core.shell:Creating package descriptor '/home/henrik/ros_workspace/src/install/mic_pkg/share/mic_pkg/package.dsv'
[6.745s] INFO:colcon.colcon_core.shell:Creating package script '/home/henrik/ros_workspace/src/install/mic_pkg/share/mic_pkg/package.sh'
[6.745s] INFO:colcon.colcon_core.shell:Creating package script '/home/henrik/ros_workspace/src/install/mic_pkg/share/mic_pkg/package.bash'
[6.746s] INFO:colcon.colcon_core.shell:Creating package script '/home/henrik/ros_workspace/src/install/mic_pkg/share/mic_pkg/package.zsh'
[6.746s] Level 1:colcon.colcon_core.environment:create_file_with_runtime_dependencies(/home/henrik/ros_workspace/src/install/mic_pkg/share/colcon-core/packages/mic_pkg)
[6.746s] DEBUG:colcon.colcon_parallel_executor.executor.parallel:closing loop
[6.747s] DEBUG:colcon.colcon_parallel_executor.executor.parallel:loop closed
[6.747s] DEBUG:colcon.colcon_parallel_executor.executor.parallel:run_until_complete finished with '0'
[6.747s] DEBUG:colcon.colcon_core.event_reactor:joining thread
[6.838s] INFO:colcon.colcon_core.plugin_system:Skipping extension 'colcon_notification.desktop_notification.terminal_notifier': Not used on non-Darwin systems
[6.838s] INFO:colcon.colcon_core.plugin_system:Skipping extension 'colcon_notification.desktop_notification.win32': Not used on non-Windows systems
[6.838s] INFO:colcon.colcon_notification.desktop_notification:Sending desktop notification using 'notify2'
[6.847s] DEBUG:colcon.colcon_core.event_reactor:joined thread
[6.933s] INFO:colcon.colcon_core.shell:Creating prefix script '/home/henrik/ros_workspace/src/install/local_setup.ps1'
[6.934s] INFO:colcon.colcon_core.shell:Creating prefix util module '/home/henrik/ros_workspace/src/install/_local_setup_util_ps1.py'
[6.935s] INFO:colcon.colcon_core.shell:Creating prefix chain script '/home/henrik/ros_workspace/src/install/setup.ps1'
[7.020s] INFO:colcon.colcon_core.shell:Creating prefix script '/home/henrik/ros_workspace/src/install/local_setup.sh'
[7.021s] INFO:colcon.colcon_core.shell:Creating prefix util module '/home/henrik/ros_workspace/src/install/_local_setup_util_sh.py'
[7.021s] INFO:colcon.colcon_core.shell:Creating prefix chain script '/home/henrik/ros_workspace/src/install/setup.sh'
[7.106s] INFO:colcon.colcon_core.shell:Creating prefix script '/home/henrik/ros_workspace/src/install/local_setup.bash'
[7.107s] INFO:colcon.colcon_core.shell:Creating prefix chain script '/home/henrik/ros_workspace/src/install/setup.bash'
[7.192s] INFO:colcon.colcon_core.shell:Creating prefix script '/home/henrik/ros_workspace/src/install/local_setup.zsh'
[7.192s] INFO:colcon.colcon_core.shell:Creating prefix chain script '/home/henrik/ros_workspace/src/install/setup.zsh'
