[1.290s] Invoking command in '/home/henrik/ros_workspace/build/interfaces': CMAKE_PREFIX_PATH=${CMAKE_PREFIX_PATH}:/home/henrik/ros_workspace/install/mic_pkg:/home/henrik/ros_workspace/install/arm_pkg:/home/henrik/ros_workspace/src/install/motion_control_pkg:/home/henrik/ros_workspace/src/install/mic_pkg:/home/henrik/ros_workspace/src/install/camera_pkg:/home/henrik/ros_workspace/src/install/arm_pkg:/opt/ros/foxy /usr/bin/cmake --build /home/henrik/ros_workspace/build/interfaces -- -j20 -l20
[1.690s] -- Found ament_cmake: 0.9.12 (/opt/ros/foxy/share/ament_cmake/cmake)
[1.690s] -- Found PythonInterp: /usr/bin/python3 (found suitable version "3.8.10", minimum required is "3") 
[1.690s] -- Using PYTHON_EXECUTABLE: /usr/bin/python3
[1.690s] -- Found ament_lint_auto: 0.9.8 (/opt/ros/foxy/share/ament_lint_auto/cmake)
[1.690s] -- Found rosidl_default_generators: 1.0.1 (/opt/ros/foxy/share/rosidl_default_generators/cmake)
[1.690s] -- Using all available rosidl_typesupport_c: rosidl_typesupport_fastrtps_c;rosidl_typesupport_introspection_c
[1.690s] -- Found rosidl_adapter: 1.3.1 (/opt/ros/foxy/share/rosidl_adapter/cmake)
[1.690s] -- Using all available rosidl_typesupport_cpp: rosidl_typesupport_fastrtps_cpp;rosidl_typesupport_introspection_cpp
[1.690s] -- Found PythonInterp: /usr/bin/python3 (found version "3.8.10") 
[1.690s] -- Found ament_cmake_ros: 0.9.2 (/opt/ros/foxy/share/ament_cmake_ros/cmake)
[1.700s] -- Using all available rosidl_typesupport_c: rosidl_typesupport_fastrtps_c;rosidl_typesupport_introspection_c
[1.705s] -- Using all available rosidl_typesupport_cpp: rosidl_typesupport_fastrtps_cpp;rosidl_typesupport_introspection_cpp
[1.720s] -- Found PythonInterp: /usr/bin/python3 (found suitable version "3.8.10", minimum required is "3.5") 
[1.721s] -- Found python_cmake_module: 0.8.1 (/opt/ros/foxy/share/python_cmake_module/cmake)
[1.738s] -- Using PYTHON_EXECUTABLE: /usr/bin/python3
[1.738s] -- Using PYTHON_INCLUDE_DIRS: /usr/include/python3.8
[1.738s] -- Using PYTHON_LIBRARIES: /usr/lib/x86_64-linux-gnu/libpython3.8.so
[1.750s] -- Added test 'copyright' to check source files copyright and LICENSE
[1.751s] -- Added test 'lint_cmake' to check CMake code style
[1.752s] -- Added test 'xmllint' to check XML markup files
[1.756s] -- Configuring done
[1.778s] -- Generating done
[1.779s] -- Build files have been written to: /home/henrik/ros_workspace/build/interfaces
[1.795s] [  2%] [34m[1mGenerating C code for ROS interfaces[0m
[1.795s] [35m[1mScanning dependencies of target interfaces__cpp[0m
[1.801s] [  5%] [34m[1mGenerating C++ code for ROS interfaces[0m
[1.956s] [  5%] Built target interfaces__cpp
[1.958s] [35m[1mScanning dependencies of target interfaces__rosidl_generator_c[0m
[1.962s] [ 12%] [34m[1mGenerating C++ introspection for ROS interfaces[0m
[1.962s] [ 12%] [34m[1mGenerating C++ type support for eProsima Fast-RTPS[0m
[1.962s] [ 12%] [34m[1mGenerating C++ type support dispatch for ROS interfaces[0m
[1.964s] [ 15%] [32mBuilding C object CMakeFiles/interfaces__rosidl_generator_c.dir/rosidl_generator_c/interfaces/msg/detail/robot_status__functions.c.o[0m
[1.964s] [ 17%] [32mBuilding C object CMakeFiles/interfaces__rosidl_generator_c.dir/rosidl_generator_c/interfaces/msg/detail/bottle_info__functions.c.o[0m
[2.003s] [ 20%] [32m[1mLinking C shared library libinterfaces__rosidl_generator_c.so[0m
[2.028s] [ 20%] Built target interfaces__rosidl_generator_c
[2.035s] [ 25%] [34m[1mGenerating C introspection for ROS interfaces[0m
[2.035s] [ 25%] [34m[1mGenerating C type support dispatch for ROS interfaces[0m
[2.096s] [35m[1mScanning dependencies of target interfaces__rosidl_typesupport_cpp[0m
[2.102s] [ 28%] [32mBuilding CXX object CMakeFiles/interfaces__rosidl_typesupport_cpp.dir/rosidl_typesupport_cpp/interfaces/msg/robot_status__type_support.cpp.o[0m
[2.104s] [ 30%] [32mBuilding CXX object CMakeFiles/interfaces__rosidl_typesupport_cpp.dir/rosidl_typesupport_cpp/interfaces/msg/bottle_info__type_support.cpp.o[0m
[2.106s] [35m[1mScanning dependencies of target interfaces__rosidl_typesupport_introspection_cpp[0m
[2.106s] [35m[1mScanning dependencies of target interfaces__rosidl_typesupport_fastrtps_cpp[0m
[2.113s] [ 38%] [32mBuilding CXX object CMakeFiles/interfaces__rosidl_typesupport_fastrtps_cpp.dir/rosidl_typesupport_fastrtps_cpp/interfaces/msg/detail/dds_fastrtps/bottle_info__type_support.cpp.o[0m
[2.114s] [ 38%] [32mBuilding CXX object CMakeFiles/interfaces__rosidl_typesupport_introspection_cpp.dir/rosidl_typesupport_introspection_cpp/interfaces/msg/detail/bottle_info__type_support.cpp.o[0m
[2.114s] [ 38%] [32mBuilding CXX object CMakeFiles/interfaces__rosidl_typesupport_introspection_cpp.dir/rosidl_typesupport_introspection_cpp/interfaces/msg/detail/robot_status__type_support.cpp.o[0m
[2.115s] [ 41%] [32mBuilding CXX object CMakeFiles/interfaces__rosidl_typesupport_fastrtps_cpp.dir/rosidl_typesupport_fastrtps_cpp/interfaces/msg/detail/dds_fastrtps/robot_status__type_support.cpp.o[0m
[2.207s] [35m[1mScanning dependencies of target interfaces__rosidl_typesupport_c[0m
[2.218s] [ 46%] [32mBuilding CXX object CMakeFiles/interfaces__rosidl_typesupport_c.dir/rosidl_typesupport_c/interfaces/msg/bottle_info__type_support.cpp.o[0m
[2.218s] [ 46%] [32mBuilding CXX object CMakeFiles/interfaces__rosidl_typesupport_c.dir/rosidl_typesupport_c/interfaces/msg/robot_status__type_support.cpp.o[0m
[2.233s] [35m[1mScanning dependencies of target interfaces__rosidl_typesupport_introspection_c[0m
[2.244s] [ 51%] [32mBuilding C object CMakeFiles/interfaces__rosidl_typesupport_introspection_c.dir/rosidl_typesupport_introspection_c/interfaces/msg/detail/robot_status__type_support.c.o[0m
[2.245s] [ 51%] [32mBuilding C object CMakeFiles/interfaces__rosidl_typesupport_introspection_c.dir/rosidl_typesupport_introspection_c/interfaces/msg/detail/bottle_info__type_support.c.o[0m
[2.249s] [ 53%] [32m[1mLinking CXX shared library libinterfaces__rosidl_typesupport_c.so[0m
[2.272s] [ 56%] [32m[1mLinking C shared library libinterfaces__rosidl_typesupport_introspection_c.so[0m
[2.284s] [ 56%] Built target interfaces__rosidl_typesupport_c
[2.290s] [ 56%] Built target interfaces__rosidl_typesupport_introspection_c
[2.290s] [ 58%] [32m[1mLinking CXX shared library libinterfaces__rosidl_typesupport_introspection_cpp.so[0m
[2.307s] [ 61%] [32m[1mLinking CXX shared library libinterfaces__rosidl_typesupport_cpp.so[0m
[2.329s] [ 61%] Built target interfaces__rosidl_typesupport_introspection_cpp
[2.330s] [ 61%] Built target interfaces__rosidl_typesupport_cpp
[2.341s] [ 64%] [32m[1mLinking CXX shared library libinterfaces__rosidl_typesupport_fastrtps_cpp.so[0m
[2.391s] [ 64%] Built target interfaces__rosidl_typesupport_fastrtps_cpp
[2.397s] [ 66%] [34m[1mGenerating C type support for eProsima Fast-RTPS[0m
[2.536s] [35m[1mScanning dependencies of target interfaces__rosidl_typesupport_fastrtps_c[0m
[2.543s] [ 71%] [32mBuilding CXX object CMakeFiles/interfaces__rosidl_typesupport_fastrtps_c.dir/rosidl_typesupport_fastrtps_c/interfaces/msg/detail/bottle_info__type_support_c.cpp.o[0m
[2.544s] [ 71%] [32mBuilding CXX object CMakeFiles/interfaces__rosidl_typesupport_fastrtps_c.dir/rosidl_typesupport_fastrtps_c/interfaces/msg/detail/robot_status__type_support_c.cpp.o[0m
[2.725s] [ 74%] [32m[1mLinking CXX shared library libinterfaces__rosidl_typesupport_fastrtps_c.so[0m
[2.770s] [ 74%] Built target interfaces__rosidl_typesupport_fastrtps_c
[2.782s] [ 74%] Built target interfaces
[2.789s] [35m[1mScanning dependencies of target interfaces__py[0m
[2.795s] [ 76%] [34m[1mGenerating Python code for ROS interfaces[0m
[3.152s] [ 76%] Built target interfaces__py
[3.159s] [35m[1mScanning dependencies of target interfaces__python[0m
[3.167s] [ 82%] [32mBuilding C object CMakeFiles/interfaces__python.dir/rosidl_generator_py/interfaces/msg/_robot_status_s.c.o[0m
[3.167s] [ 82%] [32mBuilding C object CMakeFiles/interfaces__python.dir/rosidl_generator_py/interfaces/msg/_bottle_info_s.c.o[0m
[3.215s] [ 84%] [32m[1mLinking C shared library rosidl_generator_py/interfaces/libinterfaces__python.so[0m
[3.238s] [ 84%] Built target interfaces__python
[3.244s] [35m[1mScanning dependencies of target interfaces__rosidl_typesupport_introspection_c__pyext[0m
[3.244s] [35m[1mScanning dependencies of target interfaces__rosidl_typesupport_c__pyext[0m
[3.244s] [35m[1mScanning dependencies of target interfaces__rosidl_typesupport_fastrtps_c__pyext[0m
[3.251s] [ 89%] [32mBuilding C object CMakeFiles/interfaces__rosidl_typesupport_introspection_c__pyext.dir/rosidl_generator_py/interfaces/_interfaces_s.ep.rosidl_typesupport_introspection_c.c.o[0m
[3.251s] [ 89%] [32mBuilding C object CMakeFiles/interfaces__rosidl_typesupport_c__pyext.dir/rosidl_generator_py/interfaces/_interfaces_s.ep.rosidl_typesupport_c.c.o[0m
[3.251s] [ 92%] [32mBuilding C object CMakeFiles/interfaces__rosidl_typesupport_fastrtps_c__pyext.dir/rosidl_generator_py/interfaces/_interfaces_s.ep.rosidl_typesupport_fastrtps_c.c.o[0m
[3.295s] [ 97%] [32m[1mLinking C shared library rosidl_generator_py/interfaces/interfaces_s__rosidl_typesupport_c.cpython-38-x86_64-linux-gnu.so[0m
[3.296s] [ 97%] [32m[1mLinking CXX shared library rosidl_generator_py/interfaces/interfaces_s__rosidl_typesupport_fastrtps_c.cpython-38-x86_64-linux-gnu.so[0m
[3.296s] [100%] [32m[1mLinking C shared library rosidl_generator_py/interfaces/interfaces_s__rosidl_typesupport_introspection_c.cpython-38-x86_64-linux-gnu.so[0m
[3.315s] [100%] Built target interfaces__rosidl_typesupport_c__pyext
[3.315s] [100%] Built target interfaces__rosidl_typesupport_introspection_c__pyext
[3.330s] [100%] Built target interfaces__rosidl_typesupport_fastrtps_c__pyext
[3.708s] Invoked command in '/home/henrik/ros_workspace/build/interfaces' returned '0': CMAKE_PREFIX_PATH=${CMAKE_PREFIX_PATH}:/home/henrik/ros_workspace/install/mic_pkg:/home/henrik/ros_workspace/install/arm_pkg:/home/henrik/ros_workspace/src/install/motion_control_pkg:/home/henrik/ros_workspace/src/install/mic_pkg:/home/henrik/ros_workspace/src/install/camera_pkg:/home/henrik/ros_workspace/src/install/arm_pkg:/opt/ros/foxy /usr/bin/cmake --build /home/henrik/ros_workspace/build/interfaces -- -j20 -l20
[3.743s] Invoking command in '/home/henrik/ros_workspace/build/interfaces': CMAKE_PREFIX_PATH=${CMAKE_PREFIX_PATH}:/home/henrik/ros_workspace/install/mic_pkg:/home/henrik/ros_workspace/install/arm_pkg:/home/henrik/ros_workspace/src/install/motion_control_pkg:/home/henrik/ros_workspace/src/install/mic_pkg:/home/henrik/ros_workspace/src/install/camera_pkg:/home/henrik/ros_workspace/src/install/arm_pkg:/opt/ros/foxy /usr/bin/cmake --install /home/henrik/ros_workspace/build/interfaces
[3.747s] -- Install configuration: ""
[3.750s] -- Installing: /home/henrik/ros_workspace/install/interfaces/share/ament_index/resource_index/rosidl_interfaces/interfaces
[3.750s] -- Up-to-date: /home/henrik/ros_workspace/install/interfaces/include/interfaces
[3.750s] -- Up-to-date: /home/henrik/ros_workspace/install/interfaces/include/interfaces/msg
[3.750s] -- Up-to-date: /home/henrik/ros_workspace/install/interfaces/include/interfaces/msg/rosidl_generator_c__visibility_control.h
[3.750s] -- Installing: /home/henrik/ros_workspace/install/interfaces/include/interfaces/msg/bottle_info.h
[3.751s] -- Installing: /home/henrik/ros_workspace/install/interfaces/include/interfaces/msg/robot_status.h
[3.751s] -- Up-to-date: /home/henrik/ros_workspace/install/interfaces/include/interfaces/msg/detail
[3.751s] -- Installing: /home/henrik/ros_workspace/install/interfaces/include/interfaces/msg/detail/robot_status__functions.h
[3.751s] -- Installing: /home/henrik/ros_workspace/install/interfaces/include/interfaces/msg/detail/robot_status__type_support.h
[3.751s] -- Installing: /home/henrik/ros_workspace/install/interfaces/include/interfaces/msg/detail/bottle_info__functions.c
[3.751s] -- Installing: /home/henrik/ros_workspace/install/interfaces/include/interfaces/msg/detail/robot_status__functions.c
[3.751s] -- Installing: /home/henrik/ros_workspace/install/interfaces/include/interfaces/msg/detail/bottle_info__type_support.h
[3.751s] -- Installing: /home/henrik/ros_workspace/install/interfaces/include/interfaces/msg/detail/bottle_info__struct.h
[3.751s] -- Installing: /home/henrik/ros_workspace/install/interfaces/include/interfaces/msg/detail/bottle_info__functions.h
[3.751s] -- Installing: /home/henrik/ros_workspace/install/interfaces/include/interfaces/msg/detail/robot_status__struct.h
[3.752s] -- Up-to-date: /home/henrik/ros_workspace/install/interfaces/share/interfaces/environment/library_path.sh
[3.752s] -- Installing: /home/henrik/ros_workspace/install/interfaces/share/interfaces/environment/library_path.dsv
[3.752s] -- Installing: /home/henrik/ros_workspace/install/interfaces/lib/libinterfaces__rosidl_generator_c.so
[3.752s] -- Set runtime path of "/home/henrik/ros_workspace/install/interfaces/lib/libinterfaces__rosidl_generator_c.so" to ""
[3.752s] -- Up-to-date: /home/henrik/ros_workspace/install/interfaces/include/interfaces
[3.752s] -- Up-to-date: /home/henrik/ros_workspace/install/interfaces/include/interfaces/msg
[3.752s] -- Up-to-date: /home/henrik/ros_workspace/install/interfaces/include/interfaces/msg/rosidl_typesupport_fastrtps_c__visibility_control.h
[3.752s] -- Up-to-date: /home/henrik/ros_workspace/install/interfaces/include/interfaces/msg/detail
[3.752s] -- Installing: /home/henrik/ros_workspace/install/interfaces/include/interfaces/msg/detail/robot_status__rosidl_typesupport_fastrtps_c.h
[3.752s] -- Installing: /home/henrik/ros_workspace/install/interfaces/include/interfaces/msg/detail/bottle_info__rosidl_typesupport_fastrtps_c.h
[3.752s] -- Installing: /home/henrik/ros_workspace/install/interfaces/lib/libinterfaces__rosidl_typesupport_fastrtps_c.so
[3.752s] -- Set runtime path of "/home/henrik/ros_workspace/install/interfaces/lib/libinterfaces__rosidl_typesupport_fastrtps_c.so" to ""
[3.752s] -- Up-to-date: /home/henrik/ros_workspace/install/interfaces/include/interfaces
[3.752s] -- Up-to-date: /home/henrik/ros_workspace/install/interfaces/include/interfaces/msg
[3.752s] -- Up-to-date: /home/henrik/ros_workspace/install/interfaces/include/interfaces/msg/rosidl_typesupport_fastrtps_cpp__visibility_control.h
[3.752s] -- Up-to-date: /home/henrik/ros_workspace/install/interfaces/include/interfaces/msg/detail
[3.753s] -- Installing: /home/henrik/ros_workspace/install/interfaces/include/interfaces/msg/detail/robot_status__rosidl_typesupport_fastrtps_cpp.hpp
[3.753s] -- Up-to-date: /home/henrik/ros_workspace/install/interfaces/include/interfaces/msg/detail/dds_fastrtps
[3.753s] -- Installing: /home/henrik/ros_workspace/install/interfaces/include/interfaces/msg/detail/bottle_info__rosidl_typesupport_fastrtps_cpp.hpp
[3.753s] -- Installing: /home/henrik/ros_workspace/install/interfaces/lib/libinterfaces__rosidl_typesupport_fastrtps_cpp.so
[3.753s] -- Set runtime path of "/home/henrik/ros_workspace/install/interfaces/lib/libinterfaces__rosidl_typesupport_fastrtps_cpp.so" to ""
[3.753s] -- Up-to-date: /home/henrik/ros_workspace/install/interfaces/include/interfaces
[3.753s] -- Up-to-date: /home/henrik/ros_workspace/install/interfaces/include/interfaces/msg
[3.753s] -- Up-to-date: /home/henrik/ros_workspace/install/interfaces/include/interfaces/msg/rosidl_typesupport_introspection_c__visibility_control.h
[3.753s] -- Up-to-date: /home/henrik/ros_workspace/install/interfaces/include/interfaces/msg/detail
[3.753s] -- Installing: /home/henrik/ros_workspace/install/interfaces/include/interfaces/msg/detail/robot_status__rosidl_typesupport_introspection_c.h
[3.753s] -- Installing: /home/henrik/ros_workspace/install/interfaces/include/interfaces/msg/detail/bottle_info__type_support.c
[3.753s] -- Installing: /home/henrik/ros_workspace/install/interfaces/include/interfaces/msg/detail/bottle_info__rosidl_typesupport_introspection_c.h
[3.753s] -- Installing: /home/henrik/ros_workspace/install/interfaces/include/interfaces/msg/detail/robot_status__type_support.c
[3.753s] -- Installing: /home/henrik/ros_workspace/install/interfaces/lib/libinterfaces__rosidl_typesupport_introspection_c.so
[3.754s] -- Set runtime path of "/home/henrik/ros_workspace/install/interfaces/lib/libinterfaces__rosidl_typesupport_introspection_c.so" to ""
[3.754s] -- Installing: /home/henrik/ros_workspace/install/interfaces/lib/libinterfaces__rosidl_typesupport_c.so
[3.754s] -- Set runtime path of "/home/henrik/ros_workspace/install/interfaces/lib/libinterfaces__rosidl_typesupport_c.so" to ""
[3.754s] -- Up-to-date: /home/henrik/ros_workspace/install/interfaces/include/interfaces
[3.754s] -- Up-to-date: /home/henrik/ros_workspace/install/interfaces/include/interfaces/msg
[3.754s] -- Installing: /home/henrik/ros_workspace/install/interfaces/include/interfaces/msg/bottle_info.hpp
[3.754s] -- Installing: /home/henrik/ros_workspace/install/interfaces/include/interfaces/msg/robot_status.hpp
[3.754s] -- Up-to-date: /home/henrik/ros_workspace/install/interfaces/include/interfaces/msg/detail
[3.754s] -- Installing: /home/henrik/ros_workspace/install/interfaces/include/interfaces/msg/detail/bottle_info__struct.hpp
[3.754s] -- Installing: /home/henrik/ros_workspace/install/interfaces/include/interfaces/msg/detail/robot_status__type_support.hpp
[3.754s] -- Installing: /home/henrik/ros_workspace/install/interfaces/include/interfaces/msg/detail/robot_status__struct.hpp
[3.754s] -- Installing: /home/henrik/ros_workspace/install/interfaces/include/interfaces/msg/detail/bottle_info__builder.hpp
[3.754s] -- Installing: /home/henrik/ros_workspace/install/interfaces/include/interfaces/msg/detail/bottle_info__type_support.hpp
[3.754s] -- Installing: /home/henrik/ros_workspace/install/interfaces/include/interfaces/msg/detail/robot_status__traits.hpp
[3.754s] -- Installing: /home/henrik/ros_workspace/install/interfaces/include/interfaces/msg/detail/robot_status__builder.hpp
[3.754s] -- Installing: /home/henrik/ros_workspace/install/interfaces/include/interfaces/msg/detail/bottle_info__traits.hpp
[3.755s] -- Up-to-date: /home/henrik/ros_workspace/install/interfaces/include/interfaces/msg/rosidl_generator_cpp__visibility_control.hpp
[3.755s] -- Up-to-date: /home/henrik/ros_workspace/install/interfaces/include/interfaces
[3.755s] -- Up-to-date: /home/henrik/ros_workspace/install/interfaces/include/interfaces/msg
[3.755s] -- Up-to-date: /home/henrik/ros_workspace/install/interfaces/include/interfaces/msg/detail
[3.755s] -- Installing: /home/henrik/ros_workspace/install/interfaces/include/interfaces/msg/detail/bottle_info__rosidl_typesupport_introspection_cpp.hpp
[3.755s] -- Installing: /home/henrik/ros_workspace/install/interfaces/include/interfaces/msg/detail/robot_status__rosidl_typesupport_introspection_cpp.hpp
[3.755s] -- Installing: /home/henrik/ros_workspace/install/interfaces/include/interfaces/msg/detail/robot_status__type_support.cpp
[3.755s] -- Installing: /home/henrik/ros_workspace/install/interfaces/include/interfaces/msg/detail/bottle_info__type_support.cpp
[3.755s] -- Installing: /home/henrik/ros_workspace/install/interfaces/lib/libinterfaces__rosidl_typesupport_introspection_cpp.so
[3.755s] -- Set runtime path of "/home/henrik/ros_workspace/install/interfaces/lib/libinterfaces__rosidl_typesupport_introspection_cpp.so" to ""
[3.755s] -- Installing: /home/henrik/ros_workspace/install/interfaces/lib/libinterfaces__rosidl_typesupport_cpp.so
[3.755s] -- Set runtime path of "/home/henrik/ros_workspace/install/interfaces/lib/libinterfaces__rosidl_typesupport_cpp.so" to ""
[3.755s] -- Up-to-date: /home/henrik/ros_workspace/install/interfaces/share/interfaces/environment/pythonpath.sh
[3.755s] -- Installing: /home/henrik/ros_workspace/install/interfaces/share/interfaces/environment/pythonpath.dsv
[3.755s] -- Installing: /home/henrik/ros_workspace/install/interfaces/lib/python3.8/site-packages/interfaces/__init__.py
[3.774s] Compiling '/home/henrik/ros_workspace/install/interfaces/lib/python3.8/site-packages/interfaces/__init__.py'...
[3.777s] -- Up-to-date: /home/henrik/ros_workspace/install/interfaces/lib/python3.8/site-packages/interfaces/msg
[3.777s] -- Installing: /home/henrik/ros_workspace/install/interfaces/lib/python3.8/site-packages/interfaces/msg/__init__.py
[3.777s] -- Installing: /home/henrik/ros_workspace/install/interfaces/lib/python3.8/site-packages/interfaces/msg/_robot_status.py
[3.777s] -- Installing: /home/henrik/ros_workspace/install/interfaces/lib/python3.8/site-packages/interfaces/msg/_robot_status_s.c
[3.777s] -- Installing: /home/henrik/ros_workspace/install/interfaces/lib/python3.8/site-packages/interfaces/msg/_bottle_info.py
[3.777s] -- Installing: /home/henrik/ros_workspace/install/interfaces/lib/python3.8/site-packages/interfaces/msg/_bottle_info_s.c
[3.778s] -- Installing: /home/henrik/ros_workspace/install/interfaces/lib/python3.8/site-packages/interfaces/interfaces_s__rosidl_typesupport_fastrtps_c.cpython-38-x86_64-linux-gnu.so
[3.778s] -- Set runtime path of "/home/henrik/ros_workspace/install/interfaces/lib/python3.8/site-packages/interfaces/interfaces_s__rosidl_typesupport_fastrtps_c.cpython-38-x86_64-linux-gnu.so" to ""
[3.778s] -- Installing: /home/henrik/ros_workspace/install/interfaces/lib/python3.8/site-packages/interfaces/interfaces_s__rosidl_typesupport_introspection_c.cpython-38-x86_64-linux-gnu.so
[3.778s] -- Set runtime path of "/home/henrik/ros_workspace/install/interfaces/lib/python3.8/site-packages/interfaces/interfaces_s__rosidl_typesupport_introspection_c.cpython-38-x86_64-linux-gnu.so" to ""
[3.779s] -- Installing: /home/henrik/ros_workspace/install/interfaces/lib/python3.8/site-packages/interfaces/interfaces_s__rosidl_typesupport_c.cpython-38-x86_64-linux-gnu.so
[3.779s] -- Set runtime path of "/home/henrik/ros_workspace/install/interfaces/lib/python3.8/site-packages/interfaces/interfaces_s__rosidl_typesupport_c.cpython-38-x86_64-linux-gnu.so" to ""
[3.779s] -- Installing: /home/henrik/ros_workspace/install/interfaces/lib/libinterfaces__python.so
[3.779s] -- Set runtime path of "/home/henrik/ros_workspace/install/interfaces/lib/libinterfaces__python.so" to ""
[3.779s] -- Up-to-date: /home/henrik/ros_workspace/install/interfaces/share/interfaces/msg/RobotStatus.idl
[3.779s] -- Installing: /home/henrik/ros_workspace/install/interfaces/share/interfaces/msg/BottleInfo.idl
[3.779s] -- Up-to-date: /home/henrik/ros_workspace/install/interfaces/share/interfaces/msg/RobotStatus.msg
[3.779s] -- Installing: /home/henrik/ros_workspace/install/interfaces/share/interfaces/msg/BottleInfo.msg
[3.779s] -- Up-to-date: /home/henrik/ros_workspace/install/interfaces/share/ament_index/resource_index/package_run_dependencies/interfaces
[3.779s] -- Installing: /home/henrik/ros_workspace/install/interfaces/share/ament_index/resource_index/parent_prefix_path/interfaces
[3.779s] -- Up-to-date: /home/henrik/ros_workspace/install/interfaces/share/interfaces/environment/ament_prefix_path.sh
[3.779s] -- Installing: /home/henrik/ros_workspace/install/interfaces/share/interfaces/environment/ament_prefix_path.dsv
[3.780s] -- Up-to-date: /home/henrik/ros_workspace/install/interfaces/share/interfaces/environment/path.sh
[3.780s] -- Installing: /home/henrik/ros_workspace/install/interfaces/share/interfaces/environment/path.dsv
[3.780s] -- Up-to-date: /home/henrik/ros_workspace/install/interfaces/share/interfaces/local_setup.bash
[3.780s] -- Up-to-date: /home/henrik/ros_workspace/install/interfaces/share/interfaces/local_setup.sh
[3.780s] -- Up-to-date: /home/henrik/ros_workspace/install/interfaces/share/interfaces/local_setup.zsh
[3.780s] -- Installing: /home/henrik/ros_workspace/install/interfaces/share/interfaces/local_setup.dsv
[3.780s] -- Installing: /home/henrik/ros_workspace/install/interfaces/share/interfaces/package.dsv
[3.780s] -- Up-to-date: /home/henrik/ros_workspace/install/interfaces/share/ament_index/resource_index/packages/interfaces
[3.780s] -- Up-to-date: /home/henrik/ros_workspace/install/interfaces/share/interfaces/cmake/interfaces__rosidl_generator_cExport.cmake
[3.780s] -- Installing: /home/henrik/ros_workspace/install/interfaces/share/interfaces/cmake/interfaces__rosidl_generator_cExport-noconfig.cmake
[3.780s] -- Up-to-date: /home/henrik/ros_workspace/install/interfaces/share/interfaces/cmake/interfaces__rosidl_typesupport_introspection_cExport.cmake
[3.780s] -- Installing: /home/henrik/ros_workspace/install/interfaces/share/interfaces/cmake/interfaces__rosidl_typesupport_introspection_cExport-noconfig.cmake
[3.780s] -- Up-to-date: /home/henrik/ros_workspace/install/interfaces/share/interfaces/cmake/interfaces__rosidl_typesupport_cExport.cmake
[3.780s] -- Installing: /home/henrik/ros_workspace/install/interfaces/share/interfaces/cmake/interfaces__rosidl_typesupport_cExport-noconfig.cmake
[3.780s] -- Up-to-date: /home/henrik/ros_workspace/install/interfaces/share/interfaces/cmake/interfaces__rosidl_generator_cppExport.cmake
[3.781s] -- Up-to-date: /home/henrik/ros_workspace/install/interfaces/share/interfaces/cmake/interfaces__rosidl_typesupport_introspection_cppExport.cmake
[3.781s] -- Installing: /home/henrik/ros_workspace/install/interfaces/share/interfaces/cmake/interfaces__rosidl_typesupport_introspection_cppExport-noconfig.cmake
[3.781s] -- Up-to-date: /home/henrik/ros_workspace/install/interfaces/share/interfaces/cmake/interfaces__rosidl_typesupport_cppExport.cmake
[3.781s] -- Installing: /home/henrik/ros_workspace/install/interfaces/share/interfaces/cmake/interfaces__rosidl_typesupport_cppExport-noconfig.cmake
[3.781s] -- Installing: /home/henrik/ros_workspace/install/interfaces/share/interfaces/cmake/rosidl_cmake-extras.cmake
[3.781s] -- Up-to-date: /home/henrik/ros_workspace/install/interfaces/share/interfaces/cmake/ament_cmake_export_dependencies-extras.cmake
[3.781s] -- Up-to-date: /home/henrik/ros_workspace/install/interfaces/share/interfaces/cmake/ament_cmake_export_libraries-extras.cmake
[3.781s] -- Up-to-date: /home/henrik/ros_workspace/install/interfaces/share/interfaces/cmake/ament_cmake_export_targets-extras.cmake
[3.781s] -- Up-to-date: /home/henrik/ros_workspace/install/interfaces/share/interfaces/cmake/ament_cmake_export_include_directories-extras.cmake
[3.781s] -- Up-to-date: /home/henrik/ros_workspace/install/interfaces/share/interfaces/cmake/rosidl_cmake_export_typesupport_libraries-extras.cmake
[3.781s] -- Up-to-date: /home/henrik/ros_workspace/install/interfaces/share/interfaces/cmake/rosidl_cmake_export_typesupport_targets-extras.cmake
[3.781s] -- Up-to-date: /home/henrik/ros_workspace/install/interfaces/share/interfaces/cmake/interfacesConfig.cmake
[3.781s] -- Up-to-date: /home/henrik/ros_workspace/install/interfaces/share/interfaces/cmake/interfacesConfig-version.cmake
[3.781s] -- Up-to-date: /home/henrik/ros_workspace/install/interfaces/share/interfaces/package.xml
[3.782s] Invoked command in '/home/henrik/ros_workspace/build/interfaces' returned '0': CMAKE_PREFIX_PATH=${CMAKE_PREFIX_PATH}:/home/henrik/ros_workspace/install/mic_pkg:/home/henrik/ros_workspace/install/arm_pkg:/home/henrik/ros_workspace/src/install/motion_control_pkg:/home/henrik/ros_workspace/src/install/mic_pkg:/home/henrik/ros_workspace/src/install/camera_pkg:/home/henrik/ros_workspace/src/install/arm_pkg:/opt/ros/foxy /usr/bin/cmake --install /home/henrik/ros_workspace/build/interfaces
