[2.356s] DEBUG:colcon:Command line arguments: ['/usr/bin/colcon', 'list', '-p', '--base-paths', '/home/henrik/ros_workspace']
[2.356s] DEBUG:colcon:Parsed command line arguments: Namespace(allow_overriding=[], base_paths=['/home/henrik/ros_workspace'], build_base='build', ignore_user_meta=False, log_base=None, log_level=None, main=<bound method ListVerb.main of <colcon_package_information.verb.list.ListVerb object at 0x7f916a147400>>, metas=['./colcon.meta'], names_only=False, packages_above=None, packages_above_and_dependencies=None, packages_above_depth=None, packages_end=None, packages_ignore=None, packages_ignore_regex=None, packages_select=None, packages_select_build_failed=False, packages_select_by_dep=None, packages_select_regex=None, packages_select_test_failures=False, packages_skip=None, packages_skip_build_finished=False, packages_skip_by_dep=None, packages_skip_regex=None, packages_skip_test_passed=False, packages_skip_up_to=None, packages_start=None, packages_up_to=None, packages_up_to_regex=None, paths=None, paths_only=True, topological_graph=False, topological_graph_density=False, topological_graph_dot=False, topological_graph_dot_cluster=False, topological_graph_dot_include_skipped=False, topological_graph_legend=False, topological_order=False, verb_extension=<colcon_package_information.verb.list.ListVerb object at 0x7f916a147400>, verb_name='list', verb_parser=<colcon_defaults.argument_parser.defaults.DefaultArgumentsDecorator object at 0x7f9169cfc070>)
[2.473s] Level 1:colcon.colcon_core.package_discovery:discover_packages(colcon_meta) check parameters
[2.473s] Level 1:colcon.colcon_core.package_discovery:discover_packages(recursive) check parameters
[2.473s] Level 1:colcon.colcon_core.package_discovery:discover_packages(ignore) check parameters
[2.473s] Level 1:colcon.colcon_core.package_discovery:discover_packages(path) check parameters
[2.473s] Level 1:colcon.colcon_core.package_discovery:discover_packages(recursive) discover
[2.473s] INFO:colcon.colcon_core.package_discovery:Crawling recursively for packages in '/home/henrik/ros_workspace'
[2.473s] Level 1:colcon.colcon_core.package_identification:_identify(/home/henrik/ros_workspace) by extensions ['ignore', 'ignore_ament_install']
[2.473s] Level 1:colcon.colcon_core.package_identification:_identify(/home/henrik/ros_workspace) by extension 'ignore'
[2.473s] Level 1:colcon.colcon_core.package_identification:_identify(/home/henrik/ros_workspace) by extension 'ignore_ament_install'
[2.473s] Level 1:colcon.colcon_core.package_identification:_identify(/home/henrik/ros_workspace) by extensions ['colcon_pkg']
[2.473s] Level 1:colcon.colcon_core.package_identification:_identify(/home/henrik/ros_workspace) by extension 'colcon_pkg'
[2.473s] Level 1:colcon.colcon_core.package_identification:_identify(/home/henrik/ros_workspace) by extensions ['colcon_meta']
[2.473s] Level 1:colcon.colcon_core.package_identification:_identify(/home/henrik/ros_workspace) by extension 'colcon_meta'
[2.473s] Level 1:colcon.colcon_core.package_identification:_identify(/home/henrik/ros_workspace) by extensions ['ros']
[2.473s] Level 1:colcon.colcon_core.package_identification:_identify(/home/henrik/ros_workspace) by extension 'ros'
[2.479s] Level 1:colcon.colcon_core.package_identification:_identify(/home/henrik/ros_workspace) by extensions ['cmake', 'python']
[2.479s] Level 1:colcon.colcon_core.package_identification:_identify(/home/henrik/ros_workspace) by extension 'cmake'
[2.479s] Level 1:colcon.colcon_core.package_identification:_identify(/home/henrik/ros_workspace) by extension 'python'
[2.479s] Level 1:colcon.colcon_core.package_identification:_identify(/home/henrik/ros_workspace) by extensions ['python_setup_py']
[2.479s] Level 1:colcon.colcon_core.package_identification:_identify(/home/henrik/ros_workspace) by extension 'python_setup_py'
[2.479s] Level 1:colcon.colcon_core.package_identification:_identify(/home/henrik/ros_workspace/build) by extensions ['ignore', 'ignore_ament_install']
[2.479s] Level 1:colcon.colcon_core.package_identification:_identify(/home/henrik/ros_workspace/build) by extension 'ignore'
[2.479s] Level 1:colcon.colcon_core.package_identification:_identify(/home/henrik/ros_workspace/build) ignored
[2.479s] Level 1:colcon.colcon_core.package_identification:_identify(/home/henrik/ros_workspace/install) by extensions ['ignore', 'ignore_ament_install']
[2.479s] Level 1:colcon.colcon_core.package_identification:_identify(/home/henrik/ros_workspace/install) by extension 'ignore'
[2.479s] Level 1:colcon.colcon_core.package_identification:_identify(/home/henrik/ros_workspace/install) ignored
[2.480s] Level 1:colcon.colcon_core.package_identification:_identify(/home/henrik/ros_workspace/log) by extensions ['ignore', 'ignore_ament_install']
[2.480s] Level 1:colcon.colcon_core.package_identification:_identify(/home/henrik/ros_workspace/log) by extension 'ignore'
[2.480s] Level 1:colcon.colcon_core.package_identification:_identify(/home/henrik/ros_workspace/log) ignored
[2.480s] Level 1:colcon.colcon_core.package_identification:_identify(/home/henrik/ros_workspace/src) by extensions ['ignore', 'ignore_ament_install']
[2.480s] Level 1:colcon.colcon_core.package_identification:_identify(/home/henrik/ros_workspace/src) by extension 'ignore'
[2.480s] Level 1:colcon.colcon_core.package_identification:_identify(/home/henrik/ros_workspace/src) by extension 'ignore_ament_install'
[2.480s] Level 1:colcon.colcon_core.package_identification:_identify(/home/henrik/ros_workspace/src) by extensions ['colcon_pkg']
[2.480s] Level 1:colcon.colcon_core.package_identification:_identify(/home/henrik/ros_workspace/src) by extension 'colcon_pkg'
[2.480s] Level 1:colcon.colcon_core.package_identification:_identify(/home/henrik/ros_workspace/src) by extensions ['colcon_meta']
[2.480s] Level 1:colcon.colcon_core.package_identification:_identify(/home/henrik/ros_workspace/src) by extension 'colcon_meta'
[2.480s] Level 1:colcon.colcon_core.package_identification:_identify(/home/henrik/ros_workspace/src) by extensions ['ros']
[2.480s] Level 1:colcon.colcon_core.package_identification:_identify(/home/henrik/ros_workspace/src) by extension 'ros'
[2.480s] Level 1:colcon.colcon_core.package_identification:_identify(/home/henrik/ros_workspace/src) by extensions ['cmake', 'python']
[2.480s] Level 1:colcon.colcon_core.package_identification:_identify(/home/henrik/ros_workspace/src) by extension 'cmake'
[2.480s] Level 1:colcon.colcon_core.package_identification:_identify(/home/henrik/ros_workspace/src) by extension 'python'
[2.480s] Level 1:colcon.colcon_core.package_identification:_identify(/home/henrik/ros_workspace/src) by extensions ['python_setup_py']
[2.480s] Level 1:colcon.colcon_core.package_identification:_identify(/home/henrik/ros_workspace/src) by extension 'python_setup_py'
[2.480s] Level 1:colcon.colcon_core.package_identification:_identify(/home/henrik/ros_workspace/src/mic_pkg) by extensions ['ignore', 'ignore_ament_install']
[2.480s] Level 1:colcon.colcon_core.package_identification:_identify(/home/henrik/ros_workspace/src/mic_pkg) by extension 'ignore'
[2.480s] Level 1:colcon.colcon_core.package_identification:_identify(/home/henrik/ros_workspace/src/mic_pkg) by extension 'ignore_ament_install'
[2.480s] Level 1:colcon.colcon_core.package_identification:_identify(/home/henrik/ros_workspace/src/mic_pkg) by extensions ['colcon_pkg']
[2.480s] Level 1:colcon.colcon_core.package_identification:_identify(/home/henrik/ros_workspace/src/mic_pkg) by extension 'colcon_pkg'
[2.480s] Level 1:colcon.colcon_core.package_identification:_identify(/home/henrik/ros_workspace/src/mic_pkg) by extensions ['colcon_meta']
[2.480s] Level 1:colcon.colcon_core.package_identification:_identify(/home/henrik/ros_workspace/src/mic_pkg) by extension 'colcon_meta'
[2.480s] Level 1:colcon.colcon_core.package_identification:_identify(/home/henrik/ros_workspace/src/mic_pkg) by extensions ['ros']
[2.480s] Level 1:colcon.colcon_core.package_identification:_identify(/home/henrik/ros_workspace/src/mic_pkg) by extension 'ros'
[2.482s] DEBUG:colcon.colcon_core.package_identification:Package '/home/henrik/ros_workspace/src/mic_pkg' with type 'ros.ament_python' and name 'mic_pkg'
[2.482s] Level 1:colcon.colcon_core.package_discovery:discover_packages(recursive) using defaults
