[2.377s] Invoking command in '/home/henrik/ros_workspace/src/camera_pkg': PYTHONPATH=/home/henrik/ros_workspace/src/build/camera_pkg/prefix_override:/home/henrik/ros_workspace/src/install/camera_pkg/lib/python3.8/site-packages:${PYTHONPATH} /usr/bin/python3 setup.py egg_info --egg-base ../build/camera_pkg build --build-base /home/henrik/ros_workspace/src/build/camera_pkg/build install --record /home/henrik/ros_workspace/src/build/camera_pkg/install.log --install-scripts $base/lib/camera_pkg --single-version-externally-managed
[2.484s] running egg_info
[2.484s] creating ../build/camera_pkg/camera_pkg.egg-info
[2.484s] writing ../build/camera_pkg/camera_pkg.egg-info/PKG-INFO
[2.485s] writing dependency_links to ../build/camera_pkg/camera_pkg.egg-info/dependency_links.txt
[2.485s] writing entry points to ../build/camera_pkg/camera_pkg.egg-info/entry_points.txt
[2.485s] writing requirements to ../build/camera_pkg/camera_pkg.egg-info/requires.txt
[2.485s] writing top-level names to ../build/camera_pkg/camera_pkg.egg-info/top_level.txt
[2.485s] writing manifest file '../build/camera_pkg/camera_pkg.egg-info/SOURCES.txt'
[2.503s] file constants.py (for module constants) not found
[2.504s] reading manifest file '../build/camera_pkg/camera_pkg.egg-info/SOURCES.txt'
[2.504s] writing manifest file '../build/camera_pkg/camera_pkg.egg-info/SOURCES.txt'
[2.504s] running build
[2.505s] running build_py
[2.505s] creating /home/henrik/ros_workspace/src/build/camera_pkg/build
[2.505s] creating /home/henrik/ros_workspace/src/build/camera_pkg/build/lib
[2.505s] creating /home/henrik/ros_workspace/src/build/camera_pkg/build/lib/camera_pkg
[2.505s] file constants.py (for module constants) not found
[2.505s] copying camera_pkg/__init__.py -> /home/henrik/ros_workspace/src/build/camera_pkg/build/lib/camera_pkg
[2.505s] copying camera_pkg/bottle_recog_node.py -> /home/henrik/ros_workspace/src/build/camera_pkg/build/lib/camera_pkg
[2.505s] running install
[2.505s] file constants.py (for module constants) not found
[2.505s] running install_lib
[2.505s] creating /home/henrik/ros_workspace/src/install/camera_pkg/lib/python3.8/site-packages/camera_pkg
[2.505s] copying /home/henrik/ros_workspace/src/build/camera_pkg/build/lib/camera_pkg/__init__.py -> /home/henrik/ros_workspace/src/install/camera_pkg/lib/python3.8/site-packages/camera_pkg
[2.505s] copying /home/henrik/ros_workspace/src/build/camera_pkg/build/lib/camera_pkg/bottle_recog_node.py -> /home/henrik/ros_workspace/src/install/camera_pkg/lib/python3.8/site-packages/camera_pkg
[2.505s] byte-compiling /home/henrik/ros_workspace/src/install/camera_pkg/lib/python3.8/site-packages/camera_pkg/__init__.py to __init__.cpython-38.pyc
[2.506s] byte-compiling /home/henrik/ros_workspace/src/install/camera_pkg/lib/python3.8/site-packages/camera_pkg/bottle_recog_node.py to bottle_recog_node.cpython-38.pyc
[2.506s] running install_data
[2.507s] creating /home/henrik/ros_workspace/src/install/camera_pkg/share/ament_index
[2.507s] creating /home/henrik/ros_workspace/src/install/camera_pkg/share/ament_index/resource_index
[2.507s] creating /home/henrik/ros_workspace/src/install/camera_pkg/share/ament_index/resource_index/packages
[2.507s] copying resource/camera_pkg -> /home/henrik/ros_workspace/src/install/camera_pkg/share/ament_index/resource_index/packages
[2.507s] copying package.xml -> /home/henrik/ros_workspace/src/install/camera_pkg/share/camera_pkg
[2.507s] running install_egg_info
[2.508s] Copying ../build/camera_pkg/camera_pkg.egg-info to /home/henrik/ros_workspace/src/install/camera_pkg/lib/python3.8/site-packages/camera_pkg-0.0.0-py3.8.egg-info
[2.508s] running install_scripts
[2.518s] writing list of installed files to '/home/henrik/ros_workspace/src/build/camera_pkg/install.log'
[2.518s] file constants.py (for module constants) not found
[2.530s] Invoked command in '/home/henrik/ros_workspace/src/camera_pkg' returned '0': PYTHONPATH=/home/henrik/ros_workspace/src/build/camera_pkg/prefix_override:/home/henrik/ros_workspace/src/install/camera_pkg/lib/python3.8/site-packages:${PYTHONPATH} /usr/bin/python3 setup.py egg_info --egg-base ../build/camera_pkg build --build-base /home/henrik/ros_workspace/src/build/camera_pkg/build install --record /home/henrik/ros_workspace/src/build/camera_pkg/install.log --install-scripts $base/lib/camera_pkg --single-version-externally-managed
