[2.393s] Invoking command in '/home/henrik/ros_workspace/src/mic_pkg': PYTHONPATH=/home/henrik/ros_workspace/build/mic_pkg/prefix_override:/home/henrik/ros_workspace/install/mic_pkg/lib/python3.8/site-packages:${PYTHONPATH} /usr/bin/python3 setup.py egg_info --egg-base ../../build/mic_pkg build --build-base /home/henrik/ros_workspace/build/mic_pkg/build install --record /home/henrik/ros_workspace/build/mic_pkg/install.log --install-scripts $base/lib/mic_pkg --single-version-externally-managed
[2.506s] running egg_info
[2.506s] writing ../../build/mic_pkg/mic_pkg.egg-info/PKG-INFO
[2.506s] writing dependency_links to ../../build/mic_pkg/mic_pkg.egg-info/dependency_links.txt
[2.506s] writing entry points to ../../build/mic_pkg/mic_pkg.egg-info/entry_points.txt
[2.506s] writing requirements to ../../build/mic_pkg/mic_pkg.egg-info/requires.txt
[2.506s] writing top-level names to ../../build/mic_pkg/mic_pkg.egg-info/top_level.txt
[2.525s] reading manifest file '../../build/mic_pkg/mic_pkg.egg-info/SOURCES.txt'
[2.526s] writing manifest file '../../build/mic_pkg/mic_pkg.egg-info/SOURCES.txt'
[2.526s] running build
[2.526s] running build_py
[2.526s] copying constants.py -> /home/henrik/ros_workspace/build/mic_pkg/build/lib
[2.526s] copying mic_pkg/mic_node.py -> /home/henrik/ros_workspace/build/mic_pkg/build/lib/mic_pkg
[2.526s] running install
[2.527s] running install_lib
[2.527s] copying /home/henrik/ros_workspace/build/mic_pkg/build/lib/mic_pkg/mic_node.py -> /home/henrik/ros_workspace/install/mic_pkg/lib/python3.8/site-packages/mic_pkg
[2.527s] copying /home/henrik/ros_workspace/build/mic_pkg/build/lib/constants.py -> /home/henrik/ros_workspace/install/mic_pkg/lib/python3.8/site-packages
[2.527s] byte-compiling /home/henrik/ros_workspace/install/mic_pkg/lib/python3.8/site-packages/mic_pkg/mic_node.py to mic_node.cpython-38.pyc
[2.528s] byte-compiling /home/henrik/ros_workspace/install/mic_pkg/lib/python3.8/site-packages/constants.py to constants.cpython-38.pyc
[2.528s] running install_data
[2.529s] running install_egg_info
[2.530s] removing '/home/henrik/ros_workspace/install/mic_pkg/lib/python3.8/site-packages/mic_pkg-0.0.0-py3.8.egg-info' (and everything under it)
[2.530s] Copying ../../build/mic_pkg/mic_pkg.egg-info to /home/henrik/ros_workspace/install/mic_pkg/lib/python3.8/site-packages/mic_pkg-0.0.0-py3.8.egg-info
[2.530s] running install_scripts
[2.540s] Installing mic_node script to /home/henrik/ros_workspace/install/mic_pkg/lib/mic_pkg
[2.540s] writing list of installed files to '/home/henrik/ros_workspace/build/mic_pkg/install.log'
[2.891s] Invoked command in '/home/henrik/ros_workspace/src/mic_pkg' returned '0': PYTHONPATH=/home/henrik/ros_workspace/build/mic_pkg/prefix_override:/home/henrik/ros_workspace/install/mic_pkg/lib/python3.8/site-packages:${PYTHONPATH} /usr/bin/python3 setup.py egg_info --egg-base ../../build/mic_pkg build --build-base /home/henrik/ros_workspace/build/mic_pkg/build install --record /home/henrik/ros_workspace/build/mic_pkg/install.log --install-scripts $base/lib/mic_pkg --single-version-externally-managed
