[1.260s] Invoking command in '/home/henrik/ros_workspace/src/build/interfaces': CMAKE_PREFIX_PATH=${CMAKE_PREFIX_PATH}:/home/henrik/ros_workspace/install/mic_pkg:/opt/ros/foxy /usr/bin/cmake /home/henrik/ros_workspace/src/interfaces -DCMAKE_INSTALL_PREFIX=/home/henrik/ros_workspace/src/install/interfaces
[1.294s] -- The C compiler identification is GNU 9.4.0
[1.323s] -- The CXX compiler identification is GNU 9.4.0
[1.325s] -- Check for working C compiler: /usr/bin/cc
[1.363s] -- Check for working C compiler: /usr/bin/cc -- works
[1.363s] -- Detecting C compiler ABI info
[1.404s] -- Detecting C compiler ABI info - done
[1.410s] -- Detecting C compile features
[1.410s] -- Detecting C compile features - done
[1.410s] -- Check for working CXX compiler: /usr/bin/c++
[1.453s] -- Check for working CXX compiler: /usr/bin/c++ -- works
[1.453s] -- Detecting CXX compiler ABI info
[1.498s] -- Detecting CXX compiler ABI info - done
[1.504s] -- Detecting CXX compile features
[1.504s] -- Detecting CXX compile features - done
[1.504s] -- Found ament_cmake: 0.9.12 (/opt/ros/foxy/share/ament_cmake/cmake)
[1.519s] -- Found PythonInterp: /usr/bin/python3 (found suitable version "3.8.10", minimum required is "3") 
[1.520s] -- Using PYTHON_EXECUTABLE: /usr/bin/python3
[1.613s] -- Found ament_lint_auto: 0.9.8 (/opt/ros/foxy/share/ament_lint_auto/cmake)
[1.649s] -- Found rosidl_default_generators: 1.0.1 (/opt/ros/foxy/share/rosidl_default_generators/cmake)
[1.650s] -- Using all available rosidl_typesupport_c: rosidl_typesupport_fastrtps_c;rosidl_typesupport_introspection_c
[1.654s] -- Found rosidl_adapter: 1.3.1 (/opt/ros/foxy/share/rosidl_adapter/cmake)
[1.701s] -- Found OpenSSL: /usr/lib/x86_64-linux-gnu/libcrypto.so (found version "1.1.1f")  
[1.716s] -- Found FastRTPS: /opt/ros/foxy/include  
[1.757s] -- Using all available rosidl_typesupport_cpp: rosidl_typesupport_fastrtps_cpp;rosidl_typesupport_introspection_cpp
[1.784s] -- Found PythonInterp: /usr/bin/python3 (found version "3.8.10") 
[1.823s] -- Found ament_cmake_ros: 0.9.2 (/opt/ros/foxy/share/ament_cmake_ros/cmake)
[1.877s] -- Using all available rosidl_typesupport_c: rosidl_typesupport_fastrtps_c;rosidl_typesupport_introspection_c
[1.881s] -- Using all available rosidl_typesupport_cpp: rosidl_typesupport_fastrtps_cpp;rosidl_typesupport_introspection_cpp
[1.894s] -- Found PythonInterp: /usr/bin/python3 (found suitable version "3.8.10", minimum required is "3.5") 
[1.895s] -- Found python_cmake_module: 0.8.1 (/opt/ros/foxy/share/python_cmake_module/cmake)
[1.911s] -- Found PythonLibs: /usr/lib/x86_64-linux-gnu/libpython3.8.so (found suitable version "3.8.10", minimum required is "3.5") 
[1.911s] -- Using PYTHON_EXECUTABLE: /usr/bin/python3
[1.911s] -- Using PYTHON_INCLUDE_DIRS: /usr/include/python3.8
[1.911s] -- Using PYTHON_LIBRARIES: /usr/lib/x86_64-linux-gnu/libpython3.8.so
[1.924s] -- Found PythonExtra: .so  
[1.948s] -- Added test 'copyright' to check source files copyright and LICENSE
[1.949s] -- Added test 'lint_cmake' to check CMake code style
[1.950s] -- Added test 'xmllint' to check XML markup files
[1.953s] -- Configuring done
[1.968s] -- Generating done
[1.969s] -- Build files have been written to: /home/henrik/ros_workspace/src/build/interfaces
[1.975s] Invoked command in '/home/henrik/ros_workspace/src/build/interfaces' returned '0': CMAKE_PREFIX_PATH=${CMAKE_PREFIX_PATH}:/home/henrik/ros_workspace/install/mic_pkg:/opt/ros/foxy /usr/bin/cmake /home/henrik/ros_workspace/src/interfaces -DCMAKE_INSTALL_PREFIX=/home/henrik/ros_workspace/src/install/interfaces
[1.975s] Invoking command in '/home/henrik/ros_workspace/src/build/interfaces': CMAKE_PREFIX_PATH=${CMAKE_PREFIX_PATH}:/home/henrik/ros_workspace/install/mic_pkg:/opt/ros/foxy /usr/bin/cmake --build /home/henrik/ros_workspace/src/build/interfaces -- -j20 -l20
[1.998s] [35m[1mScanning dependencies of target interfaces__cpp[0m
[1.998s] [  2%] [34m[1mGenerating C code for ROS interfaces[0m
[2.004s] [  5%] [34m[1mGenerating C++ code for ROS interfaces[0m
[2.148s] [35m[1mScanning dependencies of target interfaces__rosidl_generator_c[0m
[2.148s] [  5%] Built target interfaces__cpp
[2.153s] [  7%] [34m[1mGenerating C++ introspection for ROS interfaces[0m
[2.153s] [ 12%] [34m[1mGenerating C++ type support for eProsima Fast-RTPS[0m
[2.153s] [ 12%] [34m[1mGenerating C++ type support dispatch for ROS interfaces[0m
[2.154s] [ 15%] [32mBuilding C object CMakeFiles/interfaces__rosidl_generator_c.dir/rosidl_generator_c/interfaces/msg/detail/robot_status__functions.c.o[0m
[2.154s] [ 17%] [32mBuilding C object CMakeFiles/interfaces__rosidl_generator_c.dir/rosidl_generator_c/interfaces/msg/detail/bottle_info__functions.c.o[0m
[2.181s] [ 20%] [32m[1mLinking C shared library libinterfaces__rosidl_generator_c.so[0m
[2.202s] [ 20%] Built target interfaces__rosidl_generator_c
[2.208s] [ 25%] [34m[1mGenerating C type support dispatch for ROS interfaces[0m
[2.208s] [ 25%] [34m[1mGenerating C introspection for ROS interfaces[0m
[2.284s] [35m[1mScanning dependencies of target interfaces__rosidl_typesupport_cpp[0m
[2.291s] [ 30%] [32mBuilding CXX object CMakeFiles/interfaces__rosidl_typesupport_cpp.dir/rosidl_typesupport_cpp/interfaces/msg/bottle_info__type_support.cpp.o[0m
[2.291s] [ 30%] [32mBuilding CXX object CMakeFiles/interfaces__rosidl_typesupport_cpp.dir/rosidl_typesupport_cpp/interfaces/msg/robot_status__type_support.cpp.o[0m
[2.293s] [35m[1mScanning dependencies of target interfaces__rosidl_typesupport_introspection_cpp[0m
[2.300s] [ 33%] [32mBuilding CXX object CMakeFiles/interfaces__rosidl_typesupport_introspection_cpp.dir/rosidl_typesupport_introspection_cpp/interfaces/msg/detail/robot_status__type_support.cpp.o[0m
[2.300s] [ 35%] [32mBuilding CXX object CMakeFiles/interfaces__rosidl_typesupport_introspection_cpp.dir/rosidl_typesupport_introspection_cpp/interfaces/msg/detail/bottle_info__type_support.cpp.o[0m
[2.302s] [35m[1mScanning dependencies of target interfaces__rosidl_typesupport_fastrtps_cpp[0m
[2.314s] [ 41%] [32mBuilding CXX object CMakeFiles/interfaces__rosidl_typesupport_fastrtps_cpp.dir/rosidl_typesupport_fastrtps_cpp/interfaces/msg/detail/dds_fastrtps/bottle_info__type_support.cpp.o[0m
[2.314s] [ 41%] [32mBuilding CXX object CMakeFiles/interfaces__rosidl_typesupport_fastrtps_cpp.dir/rosidl_typesupport_fastrtps_cpp/interfaces/msg/detail/dds_fastrtps/robot_status__type_support.cpp.o[0m
[2.344s] [35m[1mScanning dependencies of target interfaces__rosidl_typesupport_c[0m
[2.352s] [ 46%] [32mBuilding CXX object CMakeFiles/interfaces__rosidl_typesupport_c.dir/rosidl_typesupport_c/interfaces/msg/robot_status__type_support.cpp.o[0m
[2.352s] [ 46%] [32mBuilding CXX object CMakeFiles/interfaces__rosidl_typesupport_c.dir/rosidl_typesupport_c/interfaces/msg/bottle_info__type_support.cpp.o[0m
[2.355s] [35m[1mScanning dependencies of target interfaces__rosidl_typesupport_introspection_c[0m
[2.366s] [ 51%] [32mBuilding C object CMakeFiles/interfaces__rosidl_typesupport_introspection_c.dir/rosidl_typesupport_introspection_c/interfaces/msg/detail/robot_status__type_support.c.o[0m
[2.367s] [ 51%] [32mBuilding C object CMakeFiles/interfaces__rosidl_typesupport_introspection_c.dir/rosidl_typesupport_introspection_c/interfaces/msg/detail/bottle_info__type_support.c.o[0m
[2.370s] [ 53%] [32m[1mLinking CXX shared library libinterfaces__rosidl_typesupport_c.so[0m
[2.391s] [ 56%] [32m[1mLinking C shared library libinterfaces__rosidl_typesupport_introspection_c.so[0m
[2.392s] [ 56%] Built target interfaces__rosidl_typesupport_c
[2.410s] [ 56%] Built target interfaces__rosidl_typesupport_introspection_c
[2.436s] [ 58%] [32m[1mLinking CXX shared library libinterfaces__rosidl_typesupport_cpp.so[0m
[2.447s] [ 61%] [32m[1mLinking CXX shared library libinterfaces__rosidl_typesupport_introspection_cpp.so[0m
[2.458s] [ 61%] Built target interfaces__rosidl_typesupport_cpp
[2.481s] [ 61%] Built target interfaces__rosidl_typesupport_introspection_cpp
[2.690s] [ 64%] [32m[1mLinking CXX shared library libinterfaces__rosidl_typesupport_fastrtps_cpp.so[0m
[2.732s] [ 64%] Built target interfaces__rosidl_typesupport_fastrtps_cpp
[2.738s] [ 66%] [34m[1mGenerating C type support for eProsima Fast-RTPS[0m
[2.865s] [35m[1mScanning dependencies of target interfaces__rosidl_typesupport_fastrtps_c[0m
[2.873s] [ 71%] [32mBuilding CXX object CMakeFiles/interfaces__rosidl_typesupport_fastrtps_c.dir/rosidl_typesupport_fastrtps_c/interfaces/msg/detail/bottle_info__type_support_c.cpp.o[0m
[2.873s] [ 71%] [32mBuilding CXX object CMakeFiles/interfaces__rosidl_typesupport_fastrtps_c.dir/rosidl_typesupport_fastrtps_c/interfaces/msg/detail/robot_status__type_support_c.cpp.o[0m
[3.036s] [ 74%] [32m[1mLinking CXX shared library libinterfaces__rosidl_typesupport_fastrtps_c.so[0m
[3.080s] [ 74%] Built target interfaces__rosidl_typesupport_fastrtps_c
[3.085s] [35m[1mScanning dependencies of target interfaces[0m
[3.090s] [ 74%] Built target interfaces
[3.096s] [35m[1mScanning dependencies of target interfaces__py[0m
[3.101s] [ 76%] [34m[1mGenerating Python code for ROS interfaces[0m
[3.363s] [ 76%] Built target interfaces__py
[3.368s] [35m[1mScanning dependencies of target interfaces__python[0m
[3.378s] [ 79%] [32mBuilding C object CMakeFiles/interfaces__python.dir/rosidl_generator_py/interfaces/msg/_robot_status_s.c.o[0m
[3.378s] [ 82%] [32mBuilding C object CMakeFiles/interfaces__python.dir/rosidl_generator_py/interfaces/msg/_bottle_info_s.c.o[0m
[3.424s] [ 84%] [32m[1mLinking C shared library rosidl_generator_py/interfaces/libinterfaces__python.so[0m
[3.445s] [ 84%] Built target interfaces__python
[3.451s] [35m[1mScanning dependencies of target interfaces__rosidl_typesupport_introspection_c__pyext[0m
[3.451s] [35m[1mScanning dependencies of target interfaces__rosidl_typesupport_c__pyext[0m
[3.451s] [35m[1mScanning dependencies of target interfaces__rosidl_typesupport_fastrtps_c__pyext[0m
[3.460s] [ 87%] [32mBuilding C object CMakeFiles/interfaces__rosidl_typesupport_introspection_c__pyext.dir/rosidl_generator_py/interfaces/_interfaces_s.ep.rosidl_typesupport_introspection_c.c.o[0m
[3.460s] [ 89%] [32mBuilding C object CMakeFiles/interfaces__rosidl_typesupport_c__pyext.dir/rosidl_generator_py/interfaces/_interfaces_s.ep.rosidl_typesupport_c.c.o[0m
[3.460s] [ 92%] [32mBuilding C object CMakeFiles/interfaces__rosidl_typesupport_fastrtps_c__pyext.dir/rosidl_generator_py/interfaces/_interfaces_s.ep.rosidl_typesupport_fastrtps_c.c.o[0m
[3.503s] [100%] [32m[1mLinking C shared library rosidl_generator_py/interfaces/interfaces_s__rosidl_typesupport_introspection_c.cpython-38-x86_64-linux-gnu.so[0m
[3.503s] [100%] [32m[1mLinking CXX shared library rosidl_generator_py/interfaces/interfaces_s__rosidl_typesupport_fastrtps_c.cpython-38-x86_64-linux-gnu.so[0m
[3.503s] [100%] [32m[1mLinking C shared library rosidl_generator_py/interfaces/interfaces_s__rosidl_typesupport_c.cpython-38-x86_64-linux-gnu.so[0m
[3.521s] [100%] Built target interfaces__rosidl_typesupport_introspection_c__pyext
[3.522s] [100%] Built target interfaces__rosidl_typesupport_c__pyext
[3.536s] [100%] Built target interfaces__rosidl_typesupport_fastrtps_c__pyext
[3.542s] Invoked command in '/home/henrik/ros_workspace/src/build/interfaces' returned '0': CMAKE_PREFIX_PATH=${CMAKE_PREFIX_PATH}:/home/henrik/ros_workspace/install/mic_pkg:/opt/ros/foxy /usr/bin/cmake --build /home/henrik/ros_workspace/src/build/interfaces -- -j20 -l20
[3.575s] Invoking command in '/home/henrik/ros_workspace/src/build/interfaces': CMAKE_PREFIX_PATH=${CMAKE_PREFIX_PATH}:/home/henrik/ros_workspace/install/mic_pkg:/opt/ros/foxy /usr/bin/cmake --install /home/henrik/ros_workspace/src/build/interfaces
[3.580s] -- Install configuration: ""
[3.580s] -- Installing: /home/henrik/ros_workspace/src/install/interfaces/share/ament_index/resource_index/rosidl_interfaces/interfaces
[3.580s] -- Installing: /home/henrik/ros_workspace/src/install/interfaces/include/interfaces
[3.580s] -- Installing: /home/henrik/ros_workspace/src/install/interfaces/include/interfaces/msg
[3.580s] -- Installing: /home/henrik/ros_workspace/src/install/interfaces/include/interfaces/msg/rosidl_generator_c__visibility_control.h
[3.580s] -- Installing: /home/henrik/ros_workspace/src/install/interfaces/include/interfaces/msg/bottle_info.h
[3.580s] -- Installing: /home/henrik/ros_workspace/src/install/interfaces/include/interfaces/msg/robot_status.h
[3.580s] -- Installing: /home/henrik/ros_workspace/src/install/interfaces/include/interfaces/msg/detail
[3.580s] -- Installing: /home/henrik/ros_workspace/src/install/interfaces/include/interfaces/msg/detail/robot_status__functions.h
[3.581s] -- Installing: /home/henrik/ros_workspace/src/install/interfaces/include/interfaces/msg/detail/robot_status__type_support.h
[3.581s] -- Installing: /home/henrik/ros_workspace/src/install/interfaces/include/interfaces/msg/detail/bottle_info__functions.c
[3.581s] -- Installing: /home/henrik/ros_workspace/src/install/interfaces/include/interfaces/msg/detail/robot_status__functions.c
[3.581s] -- Installing: /home/henrik/ros_workspace/src/install/interfaces/include/interfaces/msg/detail/bottle_info__type_support.h
[3.581s] -- Installing: /home/henrik/ros_workspace/src/install/interfaces/include/interfaces/msg/detail/bottle_info__struct.h
[3.581s] -- Installing: /home/henrik/ros_workspace/src/install/interfaces/include/interfaces/msg/detail/bottle_info__functions.h
[3.581s] -- Installing: /home/henrik/ros_workspace/src/install/interfaces/include/interfaces/msg/detail/robot_status__struct.h
[3.581s] -- Installing: /home/henrik/ros_workspace/src/install/interfaces/share/interfaces/environment/library_path.sh
[3.581s] -- Installing: /home/henrik/ros_workspace/src/install/interfaces/share/interfaces/environment/library_path.dsv
[3.581s] -- Installing: /home/henrik/ros_workspace/src/install/interfaces/lib/libinterfaces__rosidl_generator_c.so
[3.581s] -- Set runtime path of "/home/henrik/ros_workspace/src/install/interfaces/lib/libinterfaces__rosidl_generator_c.so" to ""
[3.581s] -- Up-to-date: /home/henrik/ros_workspace/src/install/interfaces/include/interfaces
[3.581s] -- Up-to-date: /home/henrik/ros_workspace/src/install/interfaces/include/interfaces/msg
[3.581s] -- Installing: /home/henrik/ros_workspace/src/install/interfaces/include/interfaces/msg/rosidl_typesupport_fastrtps_c__visibility_control.h
[3.582s] -- Up-to-date: /home/henrik/ros_workspace/src/install/interfaces/include/interfaces/msg/detail
[3.582s] -- Installing: /home/henrik/ros_workspace/src/install/interfaces/include/interfaces/msg/detail/robot_status__rosidl_typesupport_fastrtps_c.h
[3.582s] -- Installing: /home/henrik/ros_workspace/src/install/interfaces/include/interfaces/msg/detail/bottle_info__rosidl_typesupport_fastrtps_c.h
[3.582s] -- Installing: /home/henrik/ros_workspace/src/install/interfaces/lib/libinterfaces__rosidl_typesupport_fastrtps_c.so
[3.582s] -- Set runtime path of "/home/henrik/ros_workspace/src/install/interfaces/lib/libinterfaces__rosidl_typesupport_fastrtps_c.so" to ""
[3.582s] -- Up-to-date: /home/henrik/ros_workspace/src/install/interfaces/include/interfaces
[3.582s] -- Up-to-date: /home/henrik/ros_workspace/src/install/interfaces/include/interfaces/msg
[3.582s] -- Installing: /home/henrik/ros_workspace/src/install/interfaces/include/interfaces/msg/rosidl_typesupport_fastrtps_cpp__visibility_control.h
[3.582s] -- Up-to-date: /home/henrik/ros_workspace/src/install/interfaces/include/interfaces/msg/detail
[3.582s] -- Installing: /home/henrik/ros_workspace/src/install/interfaces/include/interfaces/msg/detail/robot_status__rosidl_typesupport_fastrtps_cpp.hpp
[3.582s] -- Installing: /home/henrik/ros_workspace/src/install/interfaces/include/interfaces/msg/detail/dds_fastrtps
[3.582s] -- Installing: /home/henrik/ros_workspace/src/install/interfaces/include/interfaces/msg/detail/bottle_info__rosidl_typesupport_fastrtps_cpp.hpp
[3.582s] -- Installing: /home/henrik/ros_workspace/src/install/interfaces/lib/libinterfaces__rosidl_typesupport_fastrtps_cpp.so
[3.583s] -- Set runtime path of "/home/henrik/ros_workspace/src/install/interfaces/lib/libinterfaces__rosidl_typesupport_fastrtps_cpp.so" to ""
[3.583s] -- Up-to-date: /home/henrik/ros_workspace/src/install/interfaces/include/interfaces
[3.583s] -- Up-to-date: /home/henrik/ros_workspace/src/install/interfaces/include/interfaces/msg
[3.583s] -- Installing: /home/henrik/ros_workspace/src/install/interfaces/include/interfaces/msg/rosidl_typesupport_introspection_c__visibility_control.h
[3.583s] -- Up-to-date: /home/henrik/ros_workspace/src/install/interfaces/include/interfaces/msg/detail
[3.583s] -- Installing: /home/henrik/ros_workspace/src/install/interfaces/include/interfaces/msg/detail/robot_status__rosidl_typesupport_introspection_c.h
[3.583s] -- Installing: /home/henrik/ros_workspace/src/install/interfaces/include/interfaces/msg/detail/bottle_info__type_support.c
[3.583s] -- Installing: /home/henrik/ros_workspace/src/install/interfaces/include/interfaces/msg/detail/bottle_info__rosidl_typesupport_introspection_c.h
[3.583s] -- Installing: /home/henrik/ros_workspace/src/install/interfaces/include/interfaces/msg/detail/robot_status__type_support.c
[3.583s] -- Installing: /home/henrik/ros_workspace/src/install/interfaces/lib/libinterfaces__rosidl_typesupport_introspection_c.so
[3.583s] -- Set runtime path of "/home/henrik/ros_workspace/src/install/interfaces/lib/libinterfaces__rosidl_typesupport_introspection_c.so" to ""
[3.583s] -- Installing: /home/henrik/ros_workspace/src/install/interfaces/lib/libinterfaces__rosidl_typesupport_c.so
[3.583s] -- Set runtime path of "/home/henrik/ros_workspace/src/install/interfaces/lib/libinterfaces__rosidl_typesupport_c.so" to ""
[3.583s] -- Up-to-date: /home/henrik/ros_workspace/src/install/interfaces/include/interfaces
[3.583s] -- Up-to-date: /home/henrik/ros_workspace/src/install/interfaces/include/interfaces/msg
[3.583s] -- Installing: /home/henrik/ros_workspace/src/install/interfaces/include/interfaces/msg/bottle_info.hpp
[3.583s] -- Installing: /home/henrik/ros_workspace/src/install/interfaces/include/interfaces/msg/robot_status.hpp
[3.584s] -- Up-to-date: /home/henrik/ros_workspace/src/install/interfaces/include/interfaces/msg/detail
[3.584s] -- Installing: /home/henrik/ros_workspace/src/install/interfaces/include/interfaces/msg/detail/bottle_info__struct.hpp
[3.584s] -- Installing: /home/henrik/ros_workspace/src/install/interfaces/include/interfaces/msg/detail/robot_status__type_support.hpp
[3.584s] -- Installing: /home/henrik/ros_workspace/src/install/interfaces/include/interfaces/msg/detail/robot_status__struct.hpp
[3.584s] -- Installing: /home/henrik/ros_workspace/src/install/interfaces/include/interfaces/msg/detail/bottle_info__builder.hpp
[3.584s] -- Installing: /home/henrik/ros_workspace/src/install/interfaces/include/interfaces/msg/detail/bottle_info__type_support.hpp
[3.584s] -- Installing: /home/henrik/ros_workspace/src/install/interfaces/include/interfaces/msg/detail/robot_status__traits.hpp
[3.584s] -- Installing: /home/henrik/ros_workspace/src/install/interfaces/include/interfaces/msg/detail/robot_status__builder.hpp
[3.584s] -- Installing: /home/henrik/ros_workspace/src/install/interfaces/include/interfaces/msg/detail/bottle_info__traits.hpp
[3.584s] -- Installing: /home/henrik/ros_workspace/src/install/interfaces/include/interfaces/msg/rosidl_generator_cpp__visibility_control.hpp
[3.584s] -- Up-to-date: /home/henrik/ros_workspace/src/install/interfaces/include/interfaces
[3.584s] -- Up-to-date: /home/henrik/ros_workspace/src/install/interfaces/include/interfaces/msg
[3.584s] -- Up-to-date: /home/henrik/ros_workspace/src/install/interfaces/include/interfaces/msg/detail
[3.584s] -- Installing: /home/henrik/ros_workspace/src/install/interfaces/include/interfaces/msg/detail/bottle_info__rosidl_typesupport_introspection_cpp.hpp
[3.584s] -- Installing: /home/henrik/ros_workspace/src/install/interfaces/include/interfaces/msg/detail/robot_status__rosidl_typesupport_introspection_cpp.hpp
[3.584s] -- Installing: /home/henrik/ros_workspace/src/install/interfaces/include/interfaces/msg/detail/robot_status__type_support.cpp
[3.584s] -- Installing: /home/henrik/ros_workspace/src/install/interfaces/include/interfaces/msg/detail/bottle_info__type_support.cpp
[3.585s] -- Installing: /home/henrik/ros_workspace/src/install/interfaces/lib/libinterfaces__rosidl_typesupport_introspection_cpp.so
[3.585s] -- Set runtime path of "/home/henrik/ros_workspace/src/install/interfaces/lib/libinterfaces__rosidl_typesupport_introspection_cpp.so" to ""
[3.585s] -- Installing: /home/henrik/ros_workspace/src/install/interfaces/lib/libinterfaces__rosidl_typesupport_cpp.so
[3.585s] -- Set runtime path of "/home/henrik/ros_workspace/src/install/interfaces/lib/libinterfaces__rosidl_typesupport_cpp.so" to ""
[3.585s] -- Installing: /home/henrik/ros_workspace/src/install/interfaces/share/interfaces/environment/pythonpath.sh
[3.585s] -- Installing: /home/henrik/ros_workspace/src/install/interfaces/share/interfaces/environment/pythonpath.dsv
[3.585s] -- Installing: /home/henrik/ros_workspace/src/install/interfaces/lib/python3.8/site-packages/interfaces/__init__.py
[3.599s] Compiling '/home/henrik/ros_workspace/src/install/interfaces/lib/python3.8/site-packages/interfaces/__init__.py'...
[3.602s] -- Installing: /home/henrik/ros_workspace/src/install/interfaces/lib/python3.8/site-packages/interfaces/msg
[3.602s] -- Installing: /home/henrik/ros_workspace/src/install/interfaces/lib/python3.8/site-packages/interfaces/msg/__init__.py
[3.602s] -- Installing: /home/henrik/ros_workspace/src/install/interfaces/lib/python3.8/site-packages/interfaces/msg/_robot_status.py
[3.602s] -- Installing: /home/henrik/ros_workspace/src/install/interfaces/lib/python3.8/site-packages/interfaces/msg/_robot_status_s.c
[3.602s] -- Installing: /home/henrik/ros_workspace/src/install/interfaces/lib/python3.8/site-packages/interfaces/msg/_bottle_info.py
[3.602s] -- Installing: /home/henrik/ros_workspace/src/install/interfaces/lib/python3.8/site-packages/interfaces/msg/_bottle_info_s.c
[3.602s] -- Installing: /home/henrik/ros_workspace/src/install/interfaces/lib/python3.8/site-packages/interfaces/interfaces_s__rosidl_typesupport_fastrtps_c.cpython-38-x86_64-linux-gnu.so
[3.602s] -- Set runtime path of "/home/henrik/ros_workspace/src/install/interfaces/lib/python3.8/site-packages/interfaces/interfaces_s__rosidl_typesupport_fastrtps_c.cpython-38-x86_64-linux-gnu.so" to ""
[3.602s] -- Installing: /home/henrik/ros_workspace/src/install/interfaces/lib/python3.8/site-packages/interfaces/interfaces_s__rosidl_typesupport_introspection_c.cpython-38-x86_64-linux-gnu.so
[3.602s] -- Set runtime path of "/home/henrik/ros_workspace/src/install/interfaces/lib/python3.8/site-packages/interfaces/interfaces_s__rosidl_typesupport_introspection_c.cpython-38-x86_64-linux-gnu.so" to ""
[3.603s] -- Installing: /home/henrik/ros_workspace/src/install/interfaces/lib/python3.8/site-packages/interfaces/interfaces_s__rosidl_typesupport_c.cpython-38-x86_64-linux-gnu.so
[3.603s] -- Set runtime path of "/home/henrik/ros_workspace/src/install/interfaces/lib/python3.8/site-packages/interfaces/interfaces_s__rosidl_typesupport_c.cpython-38-x86_64-linux-gnu.so" to ""
[3.603s] -- Installing: /home/henrik/ros_workspace/src/install/interfaces/lib/libinterfaces__python.so
[3.603s] -- Set runtime path of "/home/henrik/ros_workspace/src/install/interfaces/lib/libinterfaces__python.so" to ""
[3.603s] -- Installing: /home/henrik/ros_workspace/src/install/interfaces/share/interfaces/msg/RobotStatus.idl
[3.603s] -- Installing: /home/henrik/ros_workspace/src/install/interfaces/share/interfaces/msg/BottleInfo.idl
[3.603s] -- Installing: /home/henrik/ros_workspace/src/install/interfaces/share/interfaces/msg/RobotStatus.msg
[3.603s] -- Installing: /home/henrik/ros_workspace/src/install/interfaces/share/interfaces/msg/BottleInfo.msg
[3.603s] -- Installing: /home/henrik/ros_workspace/src/install/interfaces/share/ament_index/resource_index/package_run_dependencies/interfaces
[3.603s] -- Installing: /home/henrik/ros_workspace/src/install/interfaces/share/ament_index/resource_index/parent_prefix_path/interfaces
[3.603s] -- Installing: /home/henrik/ros_workspace/src/install/interfaces/share/interfaces/environment/ament_prefix_path.sh
[3.604s] -- Installing: /home/henrik/ros_workspace/src/install/interfaces/share/interfaces/environment/ament_prefix_path.dsv
[3.604s] -- Installing: /home/henrik/ros_workspace/src/install/interfaces/share/interfaces/environment/path.sh
[3.604s] -- Installing: /home/henrik/ros_workspace/src/install/interfaces/share/interfaces/environment/path.dsv
[3.604s] -- Installing: /home/henrik/ros_workspace/src/install/interfaces/share/interfaces/local_setup.bash
[3.604s] -- Installing: /home/henrik/ros_workspace/src/install/interfaces/share/interfaces/local_setup.sh
[3.604s] -- Installing: /home/henrik/ros_workspace/src/install/interfaces/share/interfaces/local_setup.zsh
[3.604s] -- Installing: /home/henrik/ros_workspace/src/install/interfaces/share/interfaces/local_setup.dsv
[3.604s] -- Installing: /home/henrik/ros_workspace/src/install/interfaces/share/interfaces/package.dsv
[3.604s] -- Installing: /home/henrik/ros_workspace/src/install/interfaces/share/ament_index/resource_index/packages/interfaces
[3.604s] -- Installing: /home/henrik/ros_workspace/src/install/interfaces/share/interfaces/cmake/interfaces__rosidl_generator_cExport.cmake
[3.604s] -- Installing: /home/henrik/ros_workspace/src/install/interfaces/share/interfaces/cmake/interfaces__rosidl_generator_cExport-noconfig.cmake
[3.604s] -- Installing: /home/henrik/ros_workspace/src/install/interfaces/share/interfaces/cmake/interfaces__rosidl_typesupport_introspection_cExport.cmake
[3.604s] -- Installing: /home/henrik/ros_workspace/src/install/interfaces/share/interfaces/cmake/interfaces__rosidl_typesupport_introspection_cExport-noconfig.cmake
[3.604s] -- Installing: /home/henrik/ros_workspace/src/install/interfaces/share/interfaces/cmake/interfaces__rosidl_typesupport_cExport.cmake
[3.604s] -- Installing: /home/henrik/ros_workspace/src/install/interfaces/share/interfaces/cmake/interfaces__rosidl_typesupport_cExport-noconfig.cmake
[3.605s] -- Installing: /home/henrik/ros_workspace/src/install/interfaces/share/interfaces/cmake/interfaces__rosidl_generator_cppExport.cmake
[3.605s] -- Installing: /home/henrik/ros_workspace/src/install/interfaces/share/interfaces/cmake/interfaces__rosidl_typesupport_introspection_cppExport.cmake
[3.605s] -- Installing: /home/henrik/ros_workspace/src/install/interfaces/share/interfaces/cmake/interfaces__rosidl_typesupport_introspection_cppExport-noconfig.cmake
[3.605s] -- Installing: /home/henrik/ros_workspace/src/install/interfaces/share/interfaces/cmake/interfaces__rosidl_typesupport_cppExport.cmake
[3.605s] -- Installing: /home/henrik/ros_workspace/src/install/interfaces/share/interfaces/cmake/interfaces__rosidl_typesupport_cppExport-noconfig.cmake
[3.605s] -- Installing: /home/henrik/ros_workspace/src/install/interfaces/share/interfaces/cmake/rosidl_cmake-extras.cmake
[3.605s] -- Installing: /home/henrik/ros_workspace/src/install/interfaces/share/interfaces/cmake/ament_cmake_export_dependencies-extras.cmake
[3.605s] -- Installing: /home/henrik/ros_workspace/src/install/interfaces/share/interfaces/cmake/ament_cmake_export_libraries-extras.cmake
[3.605s] -- Installing: /home/henrik/ros_workspace/src/install/interfaces/share/interfaces/cmake/ament_cmake_export_targets-extras.cmake
[3.605s] -- Installing: /home/henrik/ros_workspace/src/install/interfaces/share/interfaces/cmake/ament_cmake_export_include_directories-extras.cmake
[3.605s] -- Installing: /home/henrik/ros_workspace/src/install/interfaces/share/interfaces/cmake/rosidl_cmake_export_typesupport_libraries-extras.cmake
[3.605s] -- Installing: /home/henrik/ros_workspace/src/install/interfaces/share/interfaces/cmake/rosidl_cmake_export_typesupport_targets-extras.cmake
[3.605s] -- Installing: /home/henrik/ros_workspace/src/install/interfaces/share/interfaces/cmake/interfacesConfig.cmake
[3.605s] -- Installing: /home/henrik/ros_workspace/src/install/interfaces/share/interfaces/cmake/interfacesConfig-version.cmake
[3.605s] -- Installing: /home/henrik/ros_workspace/src/install/interfaces/share/interfaces/package.xml
[3.606s] Invoked command in '/home/henrik/ros_workspace/src/build/interfaces' returned '0': CMAKE_PREFIX_PATH=${CMAKE_PREFIX_PATH}:/home/henrik/ros_workspace/install/mic_pkg:/opt/ros/foxy /usr/bin/cmake --install /home/henrik/ros_workspace/src/build/interfaces
