[0.859s] Invoking command in '/home/henrik/ros_workspace/src/arm_pkg': PYTHONPATH=/home/henrik/ros_workspace/src/build/arm_pkg/prefix_override:/home/henrik/ros_workspace/src/install/arm_pkg/lib/python3.8/site-packages:${PYTHONPATH} /usr/bin/python3 setup.py egg_info --egg-base ../build/arm_pkg build --build-base /home/henrik/ros_workspace/src/build/arm_pkg/build install --record /home/henrik/ros_workspace/src/build/arm_pkg/install.log --install-scripts $base/lib/arm_pkg --single-version-externally-managed
[0.961s] running egg_info
[0.961s] writing ../build/arm_pkg/arm_pkg.egg-info/PKG-INFO
[0.962s] writing dependency_links to ../build/arm_pkg/arm_pkg.egg-info/dependency_links.txt
[0.962s] writing entry points to ../build/arm_pkg/arm_pkg.egg-info/entry_points.txt
[0.962s] writing requirements to ../build/arm_pkg/arm_pkg.egg-info/requires.txt
[0.962s] writing top-level names to ../build/arm_pkg/arm_pkg.egg-info/top_level.txt
[0.978s] reading manifest file '../build/arm_pkg/arm_pkg.egg-info/SOURCES.txt'
[0.979s] writing manifest file '../build/arm_pkg/arm_pkg.egg-info/SOURCES.txt'
[0.979s] running build
[0.979s] running build_py
[0.979s] running install
[0.979s] running install_lib
[0.980s] running install_data
[0.980s] running install_egg_info
[0.981s] removing '/home/henrik/ros_workspace/src/install/arm_pkg/lib/python3.8/site-packages/arm_pkg-0.0.0-py3.8.egg-info' (and everything under it)
[0.981s] Copying ../build/arm_pkg/arm_pkg.egg-info to /home/henrik/ros_workspace/src/install/arm_pkg/lib/python3.8/site-packages/arm_pkg-0.0.0-py3.8.egg-info
[0.981s] running install_scripts
[0.991s] Installing arm_control_node script to /home/henrik/ros_workspace/src/install/arm_pkg/lib/arm_pkg
[0.991s] writing list of installed files to '/home/henrik/ros_workspace/src/build/arm_pkg/install.log'
[1.001s] Invoked command in '/home/henrik/ros_workspace/src/arm_pkg' returned '0': PYTHONPATH=/home/henrik/ros_workspace/src/build/arm_pkg/prefix_override:/home/henrik/ros_workspace/src/install/arm_pkg/lib/python3.8/site-packages:${PYTHONPATH} /usr/bin/python3 setup.py egg_info --egg-base ../build/arm_pkg build --build-base /home/henrik/ros_workspace/src/build/arm_pkg/build install --record /home/henrik/ros_workspace/src/build/arm_pkg/install.log --install-scripts $base/lib/arm_pkg --single-version-externally-managed
