[0.897s] Invoking command in '/home/henrik/ros_workspace/src/mic_pkg': PYTHONPATH=/home/henrik/ros_workspace/build/mic_pkg/prefix_override:/home/henrik/ros_workspace/install/mic_pkg/lib/python3.8/site-packages:${PYTHONPATH} /usr/bin/python3 setup.py egg_info --egg-base ../../build/mic_pkg build --build-base /home/henrik/ros_workspace/build/mic_pkg/build install --record /home/henrik/ros_workspace/build/mic_pkg/install.log --install-scripts $base/lib/mic_pkg --single-version-externally-managed
[1.001s] running egg_info
[1.003s] writing ../../build/mic_pkg/mic_pkg.egg-info/PKG-INFO
[1.003s] writing dependency_links to ../../build/mic_pkg/mic_pkg.egg-info/dependency_links.txt
[1.003s] writing entry points to ../../build/mic_pkg/mic_pkg.egg-info/entry_points.txt
[1.004s] writing requirements to ../../build/mic_pkg/mic_pkg.egg-info/requires.txt
[1.004s] writing top-level names to ../../build/mic_pkg/mic_pkg.egg-info/top_level.txt
[1.019s] reading manifest file '../../build/mic_pkg/mic_pkg.egg-info/SOURCES.txt'
[1.019s] writing manifest file '../../build/mic_pkg/mic_pkg.egg-info/SOURCES.txt'
[1.020s] running build
[1.020s] running build_py
[1.021s] copying mic_pkg/mic_node.py -> /home/henrik/ros_workspace/build/mic_pkg/build/lib/mic_pkg
[1.021s] running install
[1.022s] running install_lib
[1.022s] copying /home/henrik/ros_workspace/build/mic_pkg/build/lib/mic_pkg/mic_node.py -> /home/henrik/ros_workspace/install/mic_pkg/lib/python3.8/site-packages/mic_pkg
[1.023s] byte-compiling /home/henrik/ros_workspace/install/mic_pkg/lib/python3.8/site-packages/mic_pkg/mic_node.py to mic_node.cpython-38.pyc
[1.023s] running install_data
[1.024s] running install_egg_info
[1.024s] removing '/home/henrik/ros_workspace/install/mic_pkg/lib/python3.8/site-packages/mic_pkg-0.0.0-py3.8.egg-info' (and everything under it)
[1.024s] Copying ../../build/mic_pkg/mic_pkg.egg-info to /home/henrik/ros_workspace/install/mic_pkg/lib/python3.8/site-packages/mic_pkg-0.0.0-py3.8.egg-info
[1.024s] running install_scripts
[1.031s] Installing mic_node script to /home/henrik/ros_workspace/install/mic_pkg/lib/mic_pkg
[1.031s] writing list of installed files to '/home/henrik/ros_workspace/build/mic_pkg/install.log'
[1.230s] Invoked command in '/home/henrik/ros_workspace/src/mic_pkg' returned '0': PYTHONPATH=/home/henrik/ros_workspace/build/mic_pkg/prefix_override:/home/henrik/ros_workspace/install/mic_pkg/lib/python3.8/site-packages:${PYTHONPATH} /usr/bin/python3 setup.py egg_info --egg-base ../../build/mic_pkg build --build-base /home/henrik/ros_workspace/build/mic_pkg/build install --record /home/henrik/ros_workspace/build/mic_pkg/install.log --install-scripts $base/lib/mic_pkg --single-version-externally-managed
