[2.679s] DEBUG:colcon:Command line arguments: ['/usr/bin/colcon', 'build']
[2.679s] DEBUG:colcon:Parsed command line arguments: Namespace(allow_overriding=[], ament_cmake_args=None, base_paths=['.'], build_base='build', catkin_cmake_args=None, catkin_skip_building_tests=False, cmake_args=None, cmake_clean_cache=False, cmake_clean_first=False, cmake_force_configure=False, cmake_target=None, cmake_target_skip_unavailable=False, continue_on_error=False, event_handlers=None, executor='parallel', ignore_user_meta=False, install_base='install', log_base=None, log_level=None, main=<bound method BuildVerb.main of <colcon_core.verb.build.BuildVerb object at 0x7f759bc435b0>>, merge_install=False, metas=['./colcon.meta'], packages_above=None, packages_above_and_dependencies=None, packages_above_depth=None, packages_end=None, packages_ignore=None, packages_ignore_regex=None, packages_select=None, packages_select_build_failed=False, packages_select_by_dep=None, packages_select_regex=None, packages_select_test_failures=False, packages_skip=None, packages_skip_build_finished=False, packages_skip_by_dep=None, packages_skip_regex=None, packages_skip_test_passed=False, packages_skip_up_to=None, packages_start=None, packages_up_to=None, packages_up_to_regex=None, parallel_workers=20, paths=None, symlink_install=False, test_result_base=None, verb_extension=<colcon_core.verb.build.BuildVerb object at 0x7f759bc435b0>, verb_name='build', verb_parser=<colcon_defaults.argument_parser.defaults.DefaultArgumentsDecorator object at 0x7f759b83edc0>)
[2.787s] Level 1:colcon.colcon_core.package_discovery:discover_packages(colcon_meta) check parameters
[2.787s] Level 1:colcon.colcon_core.package_discovery:discover_packages(recursive) check parameters
[2.787s] Level 1:colcon.colcon_core.package_discovery:discover_packages(ignore) check parameters
[2.787s] Level 1:colcon.colcon_core.package_discovery:discover_packages(path) check parameters
[2.787s] Level 1:colcon.colcon_core.package_discovery:discover_packages(colcon_meta) discover
[2.787s] Level 1:colcon.colcon_core.package_discovery:discover_packages(recursive) discover
[2.787s] INFO:colcon.colcon_core.package_discovery:Crawling recursively for packages in '/home/henrik/ros_workspace/src'
[2.787s] Level 1:colcon.colcon_core.package_identification:_identify(.) by extensions ['ignore', 'ignore_ament_install']
[2.787s] Level 1:colcon.colcon_core.package_identification:_identify(.) by extension 'ignore'
[2.787s] Level 1:colcon.colcon_core.package_identification:_identify(.) by extension 'ignore_ament_install'
[2.787s] Level 1:colcon.colcon_core.package_identification:_identify(.) by extensions ['colcon_pkg']
[2.787s] Level 1:colcon.colcon_core.package_identification:_identify(.) by extension 'colcon_pkg'
[2.787s] Level 1:colcon.colcon_core.package_identification:_identify(.) by extensions ['colcon_meta']
[2.787s] Level 1:colcon.colcon_core.package_identification:_identify(.) by extension 'colcon_meta'
[2.787s] Level 1:colcon.colcon_core.package_identification:_identify(.) by extensions ['ros']
[2.787s] Level 1:colcon.colcon_core.package_identification:_identify(.) by extension 'ros'
[2.793s] Level 1:colcon.colcon_core.package_identification:_identify(.) by extensions ['cmake', 'python']
[2.793s] Level 1:colcon.colcon_core.package_identification:_identify(.) by extension 'cmake'
[2.793s] Level 1:colcon.colcon_core.package_identification:_identify(.) by extension 'python'
[2.793s] Level 1:colcon.colcon_core.package_identification:_identify(.) by extensions ['python_setup_py']
[2.793s] Level 1:colcon.colcon_core.package_identification:_identify(.) by extension 'python_setup_py'
[2.793s] Level 1:colcon.colcon_core.package_identification:_identify(build) by extensions ['ignore', 'ignore_ament_install']
[2.793s] Level 1:colcon.colcon_core.package_identification:_identify(build) by extension 'ignore'
[2.793s] Level 1:colcon.colcon_core.package_identification:_identify(build) ignored
[2.793s] Level 1:colcon.colcon_core.package_identification:_identify(camera_pkg) by extensions ['ignore', 'ignore_ament_install']
[2.793s] Level 1:colcon.colcon_core.package_identification:_identify(camera_pkg) by extension 'ignore'
[2.793s] Level 1:colcon.colcon_core.package_identification:_identify(camera_pkg) by extension 'ignore_ament_install'
[2.793s] Level 1:colcon.colcon_core.package_identification:_identify(camera_pkg) by extensions ['colcon_pkg']
[2.793s] Level 1:colcon.colcon_core.package_identification:_identify(camera_pkg) by extension 'colcon_pkg'
[2.793s] Level 1:colcon.colcon_core.package_identification:_identify(camera_pkg) by extensions ['colcon_meta']
[2.793s] Level 1:colcon.colcon_core.package_identification:_identify(camera_pkg) by extension 'colcon_meta'
[2.793s] Level 1:colcon.colcon_core.package_identification:_identify(camera_pkg) by extensions ['ros']
[2.793s] Level 1:colcon.colcon_core.package_identification:_identify(camera_pkg) by extension 'ros'
[2.795s] DEBUG:colcon.colcon_core.package_identification:Package 'camera_pkg' with type 'ros.ament_python' and name 'camera_pkg'
[2.795s] Level 1:colcon.colcon_core.package_identification:_identify(install) by extensions ['ignore', 'ignore_ament_install']
[2.795s] Level 1:colcon.colcon_core.package_identification:_identify(install) by extension 'ignore'
[2.795s] Level 1:colcon.colcon_core.package_identification:_identify(install) ignored
[2.795s] Level 1:colcon.colcon_core.package_identification:_identify(interfaces) by extensions ['ignore', 'ignore_ament_install']
[2.795s] Level 1:colcon.colcon_core.package_identification:_identify(interfaces) by extension 'ignore'
[2.795s] Level 1:colcon.colcon_core.package_identification:_identify(interfaces) by extension 'ignore_ament_install'
[2.795s] Level 1:colcon.colcon_core.package_identification:_identify(interfaces) by extensions ['colcon_pkg']
[2.795s] Level 1:colcon.colcon_core.package_identification:_identify(interfaces) by extension 'colcon_pkg'
[2.795s] Level 1:colcon.colcon_core.package_identification:_identify(interfaces) by extensions ['colcon_meta']
[2.795s] Level 1:colcon.colcon_core.package_identification:_identify(interfaces) by extension 'colcon_meta'
[2.795s] Level 1:colcon.colcon_core.package_identification:_identify(interfaces) by extensions ['ros']
[2.795s] Level 1:colcon.colcon_core.package_identification:_identify(interfaces) by extension 'ros'
[2.795s] DEBUG:colcon.colcon_core.package_identification:Package 'interfaces' with type 'ros.ament_cmake' and name 'interfaces'
[2.795s] Level 1:colcon.colcon_core.package_identification:_identify(log) by extensions ['ignore', 'ignore_ament_install']
[2.795s] Level 1:colcon.colcon_core.package_identification:_identify(log) by extension 'ignore'
[2.795s] Level 1:colcon.colcon_core.package_identification:_identify(log) ignored
[2.795s] Level 1:colcon.colcon_core.package_identification:_identify(mic_pkg) by extensions ['ignore', 'ignore_ament_install']
[2.796s] Level 1:colcon.colcon_core.package_identification:_identify(mic_pkg) by extension 'ignore'
[2.796s] Level 1:colcon.colcon_core.package_identification:_identify(mic_pkg) by extension 'ignore_ament_install'
[2.796s] Level 1:colcon.colcon_core.package_identification:_identify(mic_pkg) by extensions ['colcon_pkg']
[2.796s] Level 1:colcon.colcon_core.package_identification:_identify(mic_pkg) by extension 'colcon_pkg'
[2.796s] Level 1:colcon.colcon_core.package_identification:_identify(mic_pkg) by extensions ['colcon_meta']
[2.796s] Level 1:colcon.colcon_core.package_identification:_identify(mic_pkg) by extension 'colcon_meta'
[2.796s] Level 1:colcon.colcon_core.package_identification:_identify(mic_pkg) by extensions ['ros']
[2.796s] Level 1:colcon.colcon_core.package_identification:_identify(mic_pkg) by extension 'ros'
[2.796s] DEBUG:colcon.colcon_core.package_identification:Package 'mic_pkg' with type 'ros.ament_python' and name 'mic_pkg'
[2.796s] Level 1:colcon.colcon_core.package_discovery:discover_packages(recursive) using defaults
[2.796s] Level 1:colcon.colcon_core.package_discovery:discover_packages(ignore) discover
[2.796s] Level 1:colcon.colcon_core.package_discovery:discover_packages(ignore) using defaults
[2.796s] Level 1:colcon.colcon_core.package_discovery:discover_packages(path) discover
[2.796s] Level 1:colcon.colcon_core.package_discovery:discover_packages(path) using defaults
[3.047s] Level 1:colcon.colcon_core.package_discovery:discover_packages(prefix_path) check parameters
[3.047s] Level 1:colcon.colcon_core.package_discovery:discover_packages(prefix_path) discover
[3.144s] DEBUG:colcon.colcon_installed_package_information.package_discovery:Found 3 installed packages in /home/henrik/ros_workspace/src/install
[3.193s] DEBUG:colcon.colcon_installed_package_information.package_discovery:Found 2 installed packages in /home/henrik/ros_workspace/install
[3.247s] DEBUG:colcon.colcon_installed_package_information.package_discovery:Found 256 installed packages in /opt/ros/foxy
[3.248s] Level 1:colcon.colcon_core.package_discovery:discover_packages(prefix_path) using defaults
[3.384s] Level 5:colcon.colcon_core.verb:set package 'camera_pkg' build argument 'cmake_args' from command line to 'None'
[3.384s] Level 5:colcon.colcon_core.verb:set package 'camera_pkg' build argument 'cmake_target' from command line to 'None'
[3.384s] Level 5:colcon.colcon_core.verb:set package 'camera_pkg' build argument 'cmake_target_skip_unavailable' from command line to 'False'
[3.384s] Level 5:colcon.colcon_core.verb:set package 'camera_pkg' build argument 'cmake_clean_cache' from command line to 'False'
[3.384s] Level 5:colcon.colcon_core.verb:set package 'camera_pkg' build argument 'cmake_clean_first' from command line to 'False'
[3.384s] Level 5:colcon.colcon_core.verb:set package 'camera_pkg' build argument 'cmake_force_configure' from command line to 'False'
[3.384s] Level 5:colcon.colcon_core.verb:set package 'camera_pkg' build argument 'ament_cmake_args' from command line to 'None'
[3.384s] Level 5:colcon.colcon_core.verb:set package 'camera_pkg' build argument 'catkin_cmake_args' from command line to 'None'
[3.384s] Level 5:colcon.colcon_core.verb:set package 'camera_pkg' build argument 'catkin_skip_building_tests' from command line to 'False'
[3.384s] DEBUG:colcon.colcon_core.verb:Building package 'camera_pkg' with the following arguments: {'ament_cmake_args': None, 'build_base': '/home/henrik/ros_workspace/src/build/camera_pkg', 'catkin_cmake_args': None, 'catkin_skip_building_tests': False, 'cmake_args': None, 'cmake_clean_cache': False, 'cmake_clean_first': False, 'cmake_force_configure': False, 'cmake_target': None, 'cmake_target_skip_unavailable': False, 'install_base': '/home/henrik/ros_workspace/src/install/camera_pkg', 'merge_install': False, 'path': '/home/henrik/ros_workspace/src/camera_pkg', 'symlink_install': False, 'test_result_base': None}
[3.433s] Level 5:colcon.colcon_core.verb:set package 'interfaces' build argument 'cmake_args' from command line to 'None'
[3.433s] Level 5:colcon.colcon_core.verb:set package 'interfaces' build argument 'cmake_target' from command line to 'None'
[3.433s] Level 5:colcon.colcon_core.verb:set package 'interfaces' build argument 'cmake_target_skip_unavailable' from command line to 'False'
[3.433s] Level 5:colcon.colcon_core.verb:set package 'interfaces' build argument 'cmake_clean_cache' from command line to 'False'
[3.433s] Level 5:colcon.colcon_core.verb:set package 'interfaces' build argument 'cmake_clean_first' from command line to 'False'
[3.433s] Level 5:colcon.colcon_core.verb:set package 'interfaces' build argument 'cmake_force_configure' from command line to 'False'
[3.433s] Level 5:colcon.colcon_core.verb:set package 'interfaces' build argument 'ament_cmake_args' from command line to 'None'
[3.433s] Level 5:colcon.colcon_core.verb:set package 'interfaces' build argument 'catkin_cmake_args' from command line to 'None'
[3.433s] Level 5:colcon.colcon_core.verb:set package 'interfaces' build argument 'catkin_skip_building_tests' from command line to 'False'
[3.433s] DEBUG:colcon.colcon_core.verb:Building package 'interfaces' with the following arguments: {'ament_cmake_args': None, 'build_base': '/home/henrik/ros_workspace/src/build/interfaces', 'catkin_cmake_args': None, 'catkin_skip_building_tests': False, 'cmake_args': None, 'cmake_clean_cache': False, 'cmake_clean_first': False, 'cmake_force_configure': False, 'cmake_target': None, 'cmake_target_skip_unavailable': False, 'install_base': '/home/henrik/ros_workspace/src/install/interfaces', 'merge_install': False, 'path': '/home/henrik/ros_workspace/src/interfaces', 'symlink_install': False, 'test_result_base': None}
[3.482s] Level 5:colcon.colcon_core.verb:set package 'mic_pkg' build argument 'cmake_args' from command line to 'None'
[3.482s] Level 5:colcon.colcon_core.verb:set package 'mic_pkg' build argument 'cmake_target' from command line to 'None'
[3.482s] Level 5:colcon.colcon_core.verb:set package 'mic_pkg' build argument 'cmake_target_skip_unavailable' from command line to 'False'
[3.482s] Level 5:colcon.colcon_core.verb:set package 'mic_pkg' build argument 'cmake_clean_cache' from command line to 'False'
[3.482s] Level 5:colcon.colcon_core.verb:set package 'mic_pkg' build argument 'cmake_clean_first' from command line to 'False'
[3.482s] Level 5:colcon.colcon_core.verb:set package 'mic_pkg' build argument 'cmake_force_configure' from command line to 'False'
[3.482s] Level 5:colcon.colcon_core.verb:set package 'mic_pkg' build argument 'ament_cmake_args' from command line to 'None'
[3.482s] Level 5:colcon.colcon_core.verb:set package 'mic_pkg' build argument 'catkin_cmake_args' from command line to 'None'
[3.482s] Level 5:colcon.colcon_core.verb:set package 'mic_pkg' build argument 'catkin_skip_building_tests' from command line to 'False'
[3.482s] DEBUG:colcon.colcon_core.verb:Building package 'mic_pkg' with the following arguments: {'ament_cmake_args': None, 'build_base': '/home/henrik/ros_workspace/src/build/mic_pkg', 'catkin_cmake_args': None, 'catkin_skip_building_tests': False, 'cmake_args': None, 'cmake_clean_cache': False, 'cmake_clean_first': False, 'cmake_force_configure': False, 'cmake_target': None, 'cmake_target_skip_unavailable': False, 'install_base': '/home/henrik/ros_workspace/src/install/mic_pkg', 'merge_install': False, 'path': '/home/henrik/ros_workspace/src/mic_pkg', 'symlink_install': False, 'test_result_base': None}
[3.530s] INFO:colcon.colcon_core.executor:Executing jobs using 'parallel' executor
[3.580s] DEBUG:colcon.colcon_parallel_executor.executor.parallel:run_until_complete
[3.580s] INFO:colcon.colcon_ros.task.ament_python.build:Building ROS package in '/home/henrik/ros_workspace/src/camera_pkg' with build type 'ament_python'
[3.580s] Level 1:colcon.colcon_core.shell:create_environment_hook('camera_pkg', 'ament_prefix_path')
[3.633s] INFO:colcon.colcon_core.plugin_system:Skipping extension 'colcon_core.shell.bat': Not used on non-Windows systems
[3.633s] INFO:colcon.colcon_core.shell:Creating environment hook '/home/henrik/ros_workspace/src/install/camera_pkg/share/camera_pkg/hook/ament_prefix_path.ps1'
[3.633s] INFO:colcon.colcon_core.shell:Creating environment descriptor '/home/henrik/ros_workspace/src/install/camera_pkg/share/camera_pkg/hook/ament_prefix_path.dsv'
[3.633s] INFO:colcon.colcon_core.shell:Creating environment hook '/home/henrik/ros_workspace/src/install/camera_pkg/share/camera_pkg/hook/ament_prefix_path.sh'
[3.683s] INFO:colcon.colcon_core.shell:Skip shell extension 'powershell' for command environment: Not usable outside of PowerShell
[3.683s] DEBUG:colcon.colcon_core.shell:Skip shell extension 'dsv' for command environment
[3.882s] INFO:colcon.colcon_ros.task.ament_cmake.build:Building ROS package in '/home/henrik/ros_workspace/src/interfaces' with build type 'ament_cmake'
[3.882s] INFO:colcon.colcon_cmake.task.cmake.build:Building CMake package in '/home/henrik/ros_workspace/src/interfaces'
[3.933s] INFO:colcon.colcon_core.shell:Skip shell extension 'powershell' for command environment: Not usable outside of PowerShell
[3.933s] DEBUG:colcon.colcon_core.shell:Skip shell extension 'dsv' for command environment
[4.133s] INFO:colcon.colcon_ros.task.ament_python.build:Building ROS package in '/home/henrik/ros_workspace/src/mic_pkg' with build type 'ament_python'
[4.134s] Level 1:colcon.colcon_core.shell:create_environment_hook('mic_pkg', 'ament_prefix_path')
[4.184s] INFO:colcon.colcon_core.shell:Creating environment hook '/home/henrik/ros_workspace/src/install/mic_pkg/share/mic_pkg/hook/ament_prefix_path.ps1'
[4.185s] INFO:colcon.colcon_core.shell:Creating environment descriptor '/home/henrik/ros_workspace/src/install/mic_pkg/share/mic_pkg/hook/ament_prefix_path.dsv'
[4.185s] INFO:colcon.colcon_core.shell:Creating environment hook '/home/henrik/ros_workspace/src/install/mic_pkg/share/mic_pkg/hook/ament_prefix_path.sh'
[4.234s] INFO:colcon.colcon_core.shell:Skip shell extension 'powershell' for command environment: Not usable outside of PowerShell
[4.234s] DEBUG:colcon.colcon_core.shell:Skip shell extension 'dsv' for command environment
[4.549s] INFO:colcon.colcon_core.task.python.build:Building Python package in '/home/henrik/ros_workspace/src/camera_pkg'
[4.600s] INFO:colcon.colcon_core.shell:Skip shell extension 'powershell' for command environment: Not usable outside of PowerShell
[4.600s] DEBUG:colcon.colcon_core.shell:Skip shell extension 'dsv' for command environment
[4.805s] DEBUG:colcon.colcon_core.event_handler.log_command:Invoking command in '/home/henrik/ros_workspace/src/build/interfaces': CMAKE_PREFIX_PATH=${CMAKE_PREFIX_PATH}:/home/henrik/ros_workspace/src/install/mic_pkg:/home/henrik/ros_workspace/src/install/camera_pkg:/home/henrik/ros_workspace/install/mic_pkg:/opt/ros/foxy /usr/bin/cmake --build /home/henrik/ros_workspace/src/build/interfaces -- -j20 -l20
[4.929s] INFO:colcon.colcon_core.task.python.build:Building Python package in '/home/henrik/ros_workspace/src/mic_pkg'
[4.987s] INFO:colcon.colcon_core.shell:Skip shell extension 'powershell' for command environment: Not usable outside of PowerShell
[4.987s] DEBUG:colcon.colcon_core.shell:Skip shell extension 'dsv' for command environment
[5.191s] DEBUG:colcon.colcon_core.event_handler.log_command:Invoked command in '/home/henrik/ros_workspace/src/build/interfaces' returned '0': CMAKE_PREFIX_PATH=${CMAKE_PREFIX_PATH}:/home/henrik/ros_workspace/src/install/mic_pkg:/home/henrik/ros_workspace/src/install/camera_pkg:/home/henrik/ros_workspace/install/mic_pkg:/opt/ros/foxy /usr/bin/cmake --build /home/henrik/ros_workspace/src/build/interfaces -- -j20 -l20
[5.229s] DEBUG:colcon.colcon_core.event_handler.log_command:Invoking command in '/home/henrik/ros_workspace/src/build/interfaces': CMAKE_PREFIX_PATH=${CMAKE_PREFIX_PATH}:/home/henrik/ros_workspace/src/install/mic_pkg:/home/henrik/ros_workspace/src/install/camera_pkg:/home/henrik/ros_workspace/install/mic_pkg:/opt/ros/foxy /usr/bin/cmake --install /home/henrik/ros_workspace/src/build/interfaces
[5.261s] Level 1:colcon.colcon_core.environment:create_environment_scripts_only(interfaces)
[5.261s] DEBUG:colcon.colcon_core.event_handler.log_command:Invoked command in '/home/henrik/ros_workspace/src/build/interfaces' returned '0': CMAKE_PREFIX_PATH=${CMAKE_PREFIX_PATH}:/home/henrik/ros_workspace/src/install/mic_pkg:/home/henrik/ros_workspace/src/install/camera_pkg:/home/henrik/ros_workspace/install/mic_pkg:/opt/ros/foxy /usr/bin/cmake --install /home/henrik/ros_workspace/src/build/interfaces
[5.316s] Level 1:colcon.colcon_core.environment:checking '/home/henrik/ros_workspace/src/install/interfaces' for CMake module files
[5.316s] Level 1:colcon.colcon_core.environment:checking '/home/henrik/ros_workspace/src/install/interfaces' for CMake config files
[5.316s] Level 1:colcon.colcon_core.shell:create_environment_hook('interfaces', 'cmake_prefix_path')
[5.370s] INFO:colcon.colcon_core.shell:Creating environment hook '/home/henrik/ros_workspace/src/install/interfaces/share/interfaces/hook/cmake_prefix_path.ps1'
[5.370s] INFO:colcon.colcon_core.shell:Creating environment descriptor '/home/henrik/ros_workspace/src/install/interfaces/share/interfaces/hook/cmake_prefix_path.dsv'
[5.370s] INFO:colcon.colcon_core.shell:Creating environment hook '/home/henrik/ros_workspace/src/install/interfaces/share/interfaces/hook/cmake_prefix_path.sh'
[5.370s] Level 1:colcon.colcon_core.environment:checking '/home/henrik/ros_workspace/src/install/interfaces/lib'
[5.371s] Level 1:colcon.colcon_core.shell:create_environment_hook('interfaces', 'ld_library_path_lib')
[5.424s] INFO:colcon.colcon_core.shell:Creating environment hook '/home/henrik/ros_workspace/src/install/interfaces/share/interfaces/hook/ld_library_path_lib.ps1'
[5.424s] INFO:colcon.colcon_core.shell:Creating environment descriptor '/home/henrik/ros_workspace/src/install/interfaces/share/interfaces/hook/ld_library_path_lib.dsv'
[5.424s] INFO:colcon.colcon_core.shell:Creating environment hook '/home/henrik/ros_workspace/src/install/interfaces/share/interfaces/hook/ld_library_path_lib.sh'
[5.424s] Level 1:colcon.colcon_core.environment:checking '/home/henrik/ros_workspace/src/install/interfaces/bin'
[5.424s] Level 1:colcon.colcon_core.environment:checking '/home/henrik/ros_workspace/src/install/interfaces/lib/pkgconfig/interfaces.pc'
[5.424s] Level 1:colcon.colcon_core.environment:checking '/home/henrik/ros_workspace/src/install/interfaces/lib/python3.8/site-packages'
[5.424s] Level 1:colcon.colcon_core.shell:create_environment_hook('interfaces', 'pythonpath')
[5.474s] INFO:colcon.colcon_core.shell:Creating environment hook '/home/henrik/ros_workspace/src/install/interfaces/share/interfaces/hook/pythonpath.ps1'
[5.475s] INFO:colcon.colcon_core.shell:Creating environment descriptor '/home/henrik/ros_workspace/src/install/interfaces/share/interfaces/hook/pythonpath.dsv'
[5.475s] INFO:colcon.colcon_core.shell:Creating environment hook '/home/henrik/ros_workspace/src/install/interfaces/share/interfaces/hook/pythonpath.sh'
[5.475s] Level 1:colcon.colcon_core.environment:checking '/home/henrik/ros_workspace/src/install/interfaces/bin'
[5.525s] INFO:colcon.colcon_core.shell:Creating package script '/home/henrik/ros_workspace/src/install/interfaces/share/interfaces/package.ps1'
[5.526s] INFO:colcon.colcon_core.shell:Creating package descriptor '/home/henrik/ros_workspace/src/install/interfaces/share/interfaces/package.dsv'
[5.526s] INFO:colcon.colcon_core.shell:Creating package script '/home/henrik/ros_workspace/src/install/interfaces/share/interfaces/package.sh'
[5.527s] INFO:colcon.colcon_core.shell:Creating package script '/home/henrik/ros_workspace/src/install/interfaces/share/interfaces/package.bash'
[5.527s] INFO:colcon.colcon_core.shell:Creating package script '/home/henrik/ros_workspace/src/install/interfaces/share/interfaces/package.zsh'
[5.527s] Level 1:colcon.colcon_core.environment:create_file_with_runtime_dependencies(/home/henrik/ros_workspace/src/install/interfaces/share/colcon-core/packages/interfaces)
[5.531s] DEBUG:colcon.colcon_core.event_handler.log_command:Invoking command in '/home/henrik/ros_workspace/src/camera_pkg': PYTHONPATH=/home/henrik/ros_workspace/src/build/camera_pkg/prefix_override:/home/henrik/ros_workspace/src/install/camera_pkg/lib/python3.8/site-packages:${PYTHONPATH} /usr/bin/python3 setup.py egg_info --egg-base ../build/camera_pkg build --build-base /home/henrik/ros_workspace/src/build/camera_pkg/build install --record /home/henrik/ros_workspace/src/build/camera_pkg/install.log --install-scripts $base/lib/camera_pkg --single-version-externally-managed
[5.533s] DEBUG:colcon.colcon_core.event_handler.log_command:Invoking command in '/home/henrik/ros_workspace/src/mic_pkg': PYTHONPATH=/home/henrik/ros_workspace/src/build/mic_pkg/prefix_override:/home/henrik/ros_workspace/src/install/mic_pkg/lib/python3.8/site-packages:${PYTHONPATH} /usr/bin/python3 setup.py egg_info --egg-base ../build/mic_pkg build --build-base /home/henrik/ros_workspace/src/build/mic_pkg/build install --record /home/henrik/ros_workspace/src/build/mic_pkg/install.log --install-scripts $base/lib/mic_pkg --single-version-externally-managed
[5.612s] Level 1:colcon.colcon_core.environment:create_environment_scripts_only(interfaces)
[5.667s] Level 1:colcon.colcon_core.environment:checking '/home/henrik/ros_workspace/src/install/interfaces' for CMake module files
[5.668s] Level 1:colcon.colcon_core.environment:checking '/home/henrik/ros_workspace/src/install/interfaces' for CMake config files
[5.668s] Level 1:colcon.colcon_core.shell:create_environment_hook('interfaces', 'cmake_prefix_path')
[5.721s] INFO:colcon.colcon_core.shell:Creating environment hook '/home/henrik/ros_workspace/src/install/interfaces/share/interfaces/hook/cmake_prefix_path.ps1'
[5.721s] INFO:colcon.colcon_core.shell:Creating environment descriptor '/home/henrik/ros_workspace/src/install/interfaces/share/interfaces/hook/cmake_prefix_path.dsv'
[5.721s] INFO:colcon.colcon_core.shell:Creating environment hook '/home/henrik/ros_workspace/src/install/interfaces/share/interfaces/hook/cmake_prefix_path.sh'
[5.721s] Level 1:colcon.colcon_core.environment:checking '/home/henrik/ros_workspace/src/install/interfaces/lib'
[5.721s] Level 1:colcon.colcon_core.shell:create_environment_hook('interfaces', 'ld_library_path_lib')
[5.771s] INFO:colcon.colcon_core.shell:Creating environment hook '/home/henrik/ros_workspace/src/install/interfaces/share/interfaces/hook/ld_library_path_lib.ps1'
[5.771s] INFO:colcon.colcon_core.shell:Creating environment descriptor '/home/henrik/ros_workspace/src/install/interfaces/share/interfaces/hook/ld_library_path_lib.dsv'
[5.771s] INFO:colcon.colcon_core.shell:Creating environment hook '/home/henrik/ros_workspace/src/install/interfaces/share/interfaces/hook/ld_library_path_lib.sh'
[5.771s] Level 1:colcon.colcon_core.environment:checking '/home/henrik/ros_workspace/src/install/interfaces/bin'
[5.771s] Level 1:colcon.colcon_core.environment:checking '/home/henrik/ros_workspace/src/install/interfaces/lib/pkgconfig/interfaces.pc'
[5.772s] Level 1:colcon.colcon_core.environment:checking '/home/henrik/ros_workspace/src/install/interfaces/lib/python3.8/site-packages'
[5.772s] Level 1:colcon.colcon_core.shell:create_environment_hook('interfaces', 'pythonpath')
[5.821s] INFO:colcon.colcon_core.shell:Creating environment hook '/home/henrik/ros_workspace/src/install/interfaces/share/interfaces/hook/pythonpath.ps1'
[5.821s] INFO:colcon.colcon_core.shell:Creating environment descriptor '/home/henrik/ros_workspace/src/install/interfaces/share/interfaces/hook/pythonpath.dsv'
[5.821s] INFO:colcon.colcon_core.shell:Creating environment hook '/home/henrik/ros_workspace/src/install/interfaces/share/interfaces/hook/pythonpath.sh'
[5.821s] Level 1:colcon.colcon_core.environment:checking '/home/henrik/ros_workspace/src/install/interfaces/bin'
[5.871s] INFO:colcon.colcon_core.shell:Creating package script '/home/henrik/ros_workspace/src/install/interfaces/share/interfaces/package.ps1'
[5.871s] INFO:colcon.colcon_core.shell:Creating package descriptor '/home/henrik/ros_workspace/src/install/interfaces/share/interfaces/package.dsv'
[5.872s] INFO:colcon.colcon_core.shell:Creating package script '/home/henrik/ros_workspace/src/install/interfaces/share/interfaces/package.sh'
[5.872s] INFO:colcon.colcon_core.shell:Creating package script '/home/henrik/ros_workspace/src/install/interfaces/share/interfaces/package.bash'
[5.872s] INFO:colcon.colcon_core.shell:Creating package script '/home/henrik/ros_workspace/src/install/interfaces/share/interfaces/package.zsh'
[5.872s] Level 1:colcon.colcon_core.environment:create_file_with_runtime_dependencies(/home/henrik/ros_workspace/src/install/interfaces/share/colcon-core/packages/interfaces)
[5.873s] DEBUG:colcon.colcon_core.event_handler.log_command:Invoked command in '/home/henrik/ros_workspace/src/camera_pkg' returned '0': PYTHONPATH=/home/henrik/ros_workspace/src/build/camera_pkg/prefix_override:/home/henrik/ros_workspace/src/install/camera_pkg/lib/python3.8/site-packages:${PYTHONPATH} /usr/bin/python3 setup.py egg_info --egg-base ../build/camera_pkg build --build-base /home/henrik/ros_workspace/src/build/camera_pkg/build install --record /home/henrik/ros_workspace/src/build/camera_pkg/install.log --install-scripts $base/lib/camera_pkg --single-version-externally-managed
[5.923s] Level 1:colcon.colcon_core.environment:checking '/home/henrik/ros_workspace/src/install/camera_pkg' for CMake module files
[5.924s] Level 1:colcon.colcon_core.environment:checking '/home/henrik/ros_workspace/src/install/camera_pkg' for CMake config files
[5.924s] Level 1:colcon.colcon_core.environment:checking '/home/henrik/ros_workspace/src/install/camera_pkg/lib'
[5.924s] Level 1:colcon.colcon_core.environment:checking '/home/henrik/ros_workspace/src/install/camera_pkg/bin'
[5.924s] Level 1:colcon.colcon_core.environment:checking '/home/henrik/ros_workspace/src/install/camera_pkg/lib/pkgconfig/camera_pkg.pc'
[5.924s] Level 1:colcon.colcon_core.environment:checking '/home/henrik/ros_workspace/src/install/camera_pkg/lib/python3.8/site-packages'
[5.924s] Level 1:colcon.colcon_core.shell:create_environment_hook('camera_pkg', 'pythonpath')
[5.976s] INFO:colcon.colcon_core.shell:Creating environment hook '/home/henrik/ros_workspace/src/install/camera_pkg/share/camera_pkg/hook/pythonpath.ps1'
[5.976s] INFO:colcon.colcon_core.shell:Creating environment descriptor '/home/henrik/ros_workspace/src/install/camera_pkg/share/camera_pkg/hook/pythonpath.dsv'
[5.976s] INFO:colcon.colcon_core.shell:Creating environment hook '/home/henrik/ros_workspace/src/install/camera_pkg/share/camera_pkg/hook/pythonpath.sh'
[5.977s] Level 1:colcon.colcon_core.environment:checking '/home/henrik/ros_workspace/src/install/camera_pkg/bin'
[5.977s] Level 1:colcon.colcon_core.environment:create_environment_scripts_only(camera_pkg)
[6.029s] INFO:colcon.colcon_core.shell:Creating package script '/home/henrik/ros_workspace/src/install/camera_pkg/share/camera_pkg/package.ps1'
[6.029s] INFO:colcon.colcon_core.shell:Creating package descriptor '/home/henrik/ros_workspace/src/install/camera_pkg/share/camera_pkg/package.dsv'
[6.029s] INFO:colcon.colcon_core.shell:Creating package script '/home/henrik/ros_workspace/src/install/camera_pkg/share/camera_pkg/package.sh'
[6.030s] INFO:colcon.colcon_core.shell:Creating package script '/home/henrik/ros_workspace/src/install/camera_pkg/share/camera_pkg/package.bash'
[6.030s] INFO:colcon.colcon_core.shell:Creating package script '/home/henrik/ros_workspace/src/install/camera_pkg/share/camera_pkg/package.zsh'
[6.030s] Level 1:colcon.colcon_core.environment:create_file_with_runtime_dependencies(/home/henrik/ros_workspace/src/install/camera_pkg/share/colcon-core/packages/camera_pkg)
[6.030s] DEBUG:colcon.colcon_core.event_handler.log_command:Invoked command in '/home/henrik/ros_workspace/src/mic_pkg' returned '0': PYTHONPATH=/home/henrik/ros_workspace/src/build/mic_pkg/prefix_override:/home/henrik/ros_workspace/src/install/mic_pkg/lib/python3.8/site-packages:${PYTHONPATH} /usr/bin/python3 setup.py egg_info --egg-base ../build/mic_pkg build --build-base /home/henrik/ros_workspace/src/build/mic_pkg/build install --record /home/henrik/ros_workspace/src/build/mic_pkg/install.log --install-scripts $base/lib/mic_pkg --single-version-externally-managed
[6.082s] Level 1:colcon.colcon_core.environment:checking '/home/henrik/ros_workspace/src/install/mic_pkg' for CMake module files
[6.082s] Level 1:colcon.colcon_core.environment:checking '/home/henrik/ros_workspace/src/install/mic_pkg' for CMake config files
[6.082s] Level 1:colcon.colcon_core.environment:checking '/home/henrik/ros_workspace/src/install/mic_pkg/lib'
[6.082s] Level 1:colcon.colcon_core.environment:checking '/home/henrik/ros_workspace/src/install/mic_pkg/bin'
[6.083s] Level 1:colcon.colcon_core.environment:checking '/home/henrik/ros_workspace/src/install/mic_pkg/lib/pkgconfig/mic_pkg.pc'
[6.083s] Level 1:colcon.colcon_core.environment:checking '/home/henrik/ros_workspace/src/install/mic_pkg/lib/python3.8/site-packages'
[6.083s] Level 1:colcon.colcon_core.shell:create_environment_hook('mic_pkg', 'pythonpath')
[6.135s] INFO:colcon.colcon_core.shell:Creating environment hook '/home/henrik/ros_workspace/src/install/mic_pkg/share/mic_pkg/hook/pythonpath.ps1'
[6.135s] INFO:colcon.colcon_core.shell:Creating environment descriptor '/home/henrik/ros_workspace/src/install/mic_pkg/share/mic_pkg/hook/pythonpath.dsv'
[6.135s] INFO:colcon.colcon_core.shell:Creating environment hook '/home/henrik/ros_workspace/src/install/mic_pkg/share/mic_pkg/hook/pythonpath.sh'
[6.135s] Level 1:colcon.colcon_core.environment:checking '/home/henrik/ros_workspace/src/install/mic_pkg/bin'
[6.136s] Level 1:colcon.colcon_core.environment:create_environment_scripts_only(mic_pkg)
[6.188s] INFO:colcon.colcon_core.shell:Creating package script '/home/henrik/ros_workspace/src/install/mic_pkg/share/mic_pkg/package.ps1'
[6.188s] INFO:colcon.colcon_core.shell:Creating package descriptor '/home/henrik/ros_workspace/src/install/mic_pkg/share/mic_pkg/package.dsv'
[6.188s] INFO:colcon.colcon_core.shell:Creating package script '/home/henrik/ros_workspace/src/install/mic_pkg/share/mic_pkg/package.sh'
[6.189s] INFO:colcon.colcon_core.shell:Creating package script '/home/henrik/ros_workspace/src/install/mic_pkg/share/mic_pkg/package.bash'
[6.189s] INFO:colcon.colcon_core.shell:Creating package script '/home/henrik/ros_workspace/src/install/mic_pkg/share/mic_pkg/package.zsh'
[6.189s] Level 1:colcon.colcon_core.environment:create_file_with_runtime_dependencies(/home/henrik/ros_workspace/src/install/mic_pkg/share/colcon-core/packages/mic_pkg)
[6.189s] DEBUG:colcon.colcon_parallel_executor.executor.parallel:closing loop
[6.189s] DEBUG:colcon.colcon_parallel_executor.executor.parallel:loop closed
[6.189s] DEBUG:colcon.colcon_parallel_executor.executor.parallel:run_until_complete finished with '0'
[6.189s] DEBUG:colcon.colcon_core.event_reactor:joining thread
[6.243s] INFO:colcon.colcon_core.plugin_system:Skipping extension 'colcon_notification.desktop_notification.terminal_notifier': Not used on non-Darwin systems
[6.243s] INFO:colcon.colcon_core.plugin_system:Skipping extension 'colcon_notification.desktop_notification.win32': Not used on non-Windows systems
[6.243s] INFO:colcon.colcon_notification.desktop_notification:Sending desktop notification using 'notify2'
[6.252s] DEBUG:colcon.colcon_core.event_reactor:joined thread
[6.304s] INFO:colcon.colcon_core.shell:Creating prefix script '/home/henrik/ros_workspace/src/install/local_setup.ps1'
[6.305s] INFO:colcon.colcon_core.shell:Creating prefix util module '/home/henrik/ros_workspace/src/install/_local_setup_util_ps1.py'
[6.306s] INFO:colcon.colcon_core.shell:Creating prefix chain script '/home/henrik/ros_workspace/src/install/setup.ps1'
[6.359s] INFO:colcon.colcon_core.shell:Creating prefix script '/home/henrik/ros_workspace/src/install/local_setup.sh'
[6.359s] INFO:colcon.colcon_core.shell:Creating prefix util module '/home/henrik/ros_workspace/src/install/_local_setup_util_sh.py'
[6.359s] INFO:colcon.colcon_core.shell:Creating prefix chain script '/home/henrik/ros_workspace/src/install/setup.sh'
[6.413s] INFO:colcon.colcon_core.shell:Creating prefix script '/home/henrik/ros_workspace/src/install/local_setup.bash'
[6.413s] INFO:colcon.colcon_core.shell:Creating prefix chain script '/home/henrik/ros_workspace/src/install/setup.bash'
[6.466s] INFO:colcon.colcon_core.shell:Creating prefix script '/home/henrik/ros_workspace/src/install/local_setup.zsh'
[6.466s] INFO:colcon.colcon_core.shell:Creating prefix chain script '/home/henrik/ros_workspace/src/install/setup.zsh'
