[1.591s] Invoking command in '/home/henrik/ros_workspace/src/mic_pkg': PYTHONPATH=/home/henrik/ros_workspace/src/build/mic_pkg/prefix_override:/home/henrik/ros_workspace/src/install/mic_pkg/lib/python3.8/site-packages:${PYTHONPATH} /usr/bin/python3 setup.py egg_info --egg-base ../build/mic_pkg build --build-base /home/henrik/ros_workspace/src/build/mic_pkg/build install --record /home/henrik/ros_workspace/src/build/mic_pkg/install.log --install-scripts $base/lib/mic_pkg --single-version-externally-managed
[1.698s] running egg_info
[1.698s] creating ../build/mic_pkg/mic_pkg.egg-info
[1.698s] writing ../build/mic_pkg/mic_pkg.egg-info/PKG-INFO
[1.698s] writing dependency_links to ../build/mic_pkg/mic_pkg.egg-info/dependency_links.txt
[1.698s] writing entry points to ../build/mic_pkg/mic_pkg.egg-info/entry_points.txt
[1.698s] writing requirements to ../build/mic_pkg/mic_pkg.egg-info/requires.txt
[1.698s] writing top-level names to ../build/mic_pkg/mic_pkg.egg-info/top_level.txt
[1.699s] writing manifest file '../build/mic_pkg/mic_pkg.egg-info/SOURCES.txt'
[1.717s] file constants.py (for module constants) not found
[1.717s] reading manifest file '../build/mic_pkg/mic_pkg.egg-info/SOURCES.txt'
[1.718s] writing manifest file '../build/mic_pkg/mic_pkg.egg-info/SOURCES.txt'
[1.718s] file constants.py (for module constants) not found
[1.718s] file constants.py (for module constants) not found
[1.718s] running build
[1.718s] running build_py
[1.718s] creating /home/henrik/ros_workspace/src/build/mic_pkg/build
[1.718s] creating /home/henrik/ros_workspace/src/build/mic_pkg/build/lib
[1.718s] creating /home/henrik/ros_workspace/src/build/mic_pkg/build/lib/mic_pkg
[1.718s] copying mic_pkg/__init__.py -> /home/henrik/ros_workspace/src/build/mic_pkg/build/lib/mic_pkg
[1.718s] copying mic_pkg/mic_node.py -> /home/henrik/ros_workspace/src/build/mic_pkg/build/lib/mic_pkg
[1.719s] running install
[1.719s] running install_lib
[1.719s] creating /home/henrik/ros_workspace/src/install/mic_pkg/lib/python3.8/site-packages/mic_pkg
[1.719s] copying /home/henrik/ros_workspace/src/build/mic_pkg/build/lib/mic_pkg/__init__.py -> /home/henrik/ros_workspace/src/install/mic_pkg/lib/python3.8/site-packages/mic_pkg
[1.719s] copying /home/henrik/ros_workspace/src/build/mic_pkg/build/lib/mic_pkg/mic_node.py -> /home/henrik/ros_workspace/src/install/mic_pkg/lib/python3.8/site-packages/mic_pkg
[1.719s] byte-compiling /home/henrik/ros_workspace/src/install/mic_pkg/lib/python3.8/site-packages/mic_pkg/__init__.py to __init__.cpython-38.pyc
[1.719s] byte-compiling /home/henrik/ros_workspace/src/install/mic_pkg/lib/python3.8/site-packages/mic_pkg/mic_node.py to mic_node.cpython-38.pyc
[1.720s] running install_data
[1.720s] creating /home/henrik/ros_workspace/src/install/mic_pkg/share/ament_index
[1.720s] creating /home/henrik/ros_workspace/src/install/mic_pkg/share/ament_index/resource_index
[1.720s] creating /home/henrik/ros_workspace/src/install/mic_pkg/share/ament_index/resource_index/packages
[1.720s] copying resource/mic_pkg -> /home/henrik/ros_workspace/src/install/mic_pkg/share/ament_index/resource_index/packages
[1.720s] copying package.xml -> /home/henrik/ros_workspace/src/install/mic_pkg/share/mic_pkg
[1.720s] running install_egg_info
[1.721s] Copying ../build/mic_pkg/mic_pkg.egg-info to /home/henrik/ros_workspace/src/install/mic_pkg/lib/python3.8/site-packages/mic_pkg-0.0.0-py3.8.egg-info
[1.721s] running install_scripts
[1.731s] Installing mic_node script to /home/henrik/ros_workspace/src/install/mic_pkg/lib/mic_pkg
[1.731s] writing list of installed files to '/home/henrik/ros_workspace/src/build/mic_pkg/install.log'
[1.731s] file constants.py (for module constants) not found
[2.049s] Invoked command in '/home/henrik/ros_workspace/src/mic_pkg' returned '0': PYTHONPATH=/home/henrik/ros_workspace/src/build/mic_pkg/prefix_override:/home/henrik/ros_workspace/src/install/mic_pkg/lib/python3.8/site-packages:${PYTHONPATH} /usr/bin/python3 setup.py egg_info --egg-base ../build/mic_pkg build --build-base /home/henrik/ros_workspace/src/build/mic_pkg/build install --record /home/henrik/ros_workspace/src/build/mic_pkg/install.log --install-scripts $base/lib/mic_pkg --single-version-externally-managed
