[2.614s] Invoking command in '/home/henrik/ros_workspace/src/arm_pkg': PYTHONPATH=/home/henrik/ros_workspace/src/build/arm_pkg/prefix_override:/home/henrik/ros_workspace/src/install/arm_pkg/lib/python3.8/site-packages:${PYTHONPATH} /usr/bin/python3 setup.py egg_info --egg-base ../build/arm_pkg build --build-base /home/henrik/ros_workspace/src/build/arm_pkg/build install --record /home/henrik/ros_workspace/src/build/arm_pkg/install.log --install-scripts $base/lib/arm_pkg --single-version-externally-managed
[2.724s] running egg_info
[2.724s] creating ../build/arm_pkg/arm_pkg.egg-info
[2.725s] writing ../build/arm_pkg/arm_pkg.egg-info/PKG-INFO
[2.725s] writing dependency_links to ../build/arm_pkg/arm_pkg.egg-info/dependency_links.txt
[2.725s] writing entry points to ../build/arm_pkg/arm_pkg.egg-info/entry_points.txt
[2.725s] writing requirements to ../build/arm_pkg/arm_pkg.egg-info/requires.txt
[2.725s] writing top-level names to ../build/arm_pkg/arm_pkg.egg-info/top_level.txt
[2.725s] writing manifest file '../build/arm_pkg/arm_pkg.egg-info/SOURCES.txt'
[2.744s] reading manifest file '../build/arm_pkg/arm_pkg.egg-info/SOURCES.txt'
[2.744s] writing manifest file '../build/arm_pkg/arm_pkg.egg-info/SOURCES.txt'
[2.745s] running build
[2.746s] running build_py
[2.746s] creating /home/henrik/ros_workspace/src/build/arm_pkg/build
[2.746s] creating /home/henrik/ros_workspace/src/build/arm_pkg/build/lib
[2.746s] creating /home/henrik/ros_workspace/src/build/arm_pkg/build/lib/arm_pkg
[2.747s] copying arm_pkg/__init__.py -> /home/henrik/ros_workspace/src/build/arm_pkg/build/lib/arm_pkg
[2.747s] copying arm_pkg/arm_control_node.py -> /home/henrik/ros_workspace/src/build/arm_pkg/build/lib/arm_pkg
[2.747s] running install
[2.748s] running install_lib
[2.748s] creating /home/henrik/ros_workspace/src/install/arm_pkg/lib/python3.8/site-packages/arm_pkg
[2.748s] copying /home/henrik/ros_workspace/src/build/arm_pkg/build/lib/arm_pkg/__init__.py -> /home/henrik/ros_workspace/src/install/arm_pkg/lib/python3.8/site-packages/arm_pkg
[2.748s] copying /home/henrik/ros_workspace/src/build/arm_pkg/build/lib/arm_pkg/arm_control_node.py -> /home/henrik/ros_workspace/src/install/arm_pkg/lib/python3.8/site-packages/arm_pkg
[2.749s] byte-compiling /home/henrik/ros_workspace/src/install/arm_pkg/lib/python3.8/site-packages/arm_pkg/__init__.py to __init__.cpython-38.pyc
[2.750s] byte-compiling /home/henrik/ros_workspace/src/install/arm_pkg/lib/python3.8/site-packages/arm_pkg/arm_control_node.py to arm_control_node.cpython-38.pyc
[2.750s] running install_data
[2.750s] creating /home/henrik/ros_workspace/src/install/arm_pkg/share/ament_index
[2.751s] creating /home/henrik/ros_workspace/src/install/arm_pkg/share/ament_index/resource_index
[2.751s] creating /home/henrik/ros_workspace/src/install/arm_pkg/share/ament_index/resource_index/packages
[2.751s] copying resource/arm_pkg -> /home/henrik/ros_workspace/src/install/arm_pkg/share/ament_index/resource_index/packages
[2.751s] copying package.xml -> /home/henrik/ros_workspace/src/install/arm_pkg/share/arm_pkg
[2.751s] running install_egg_info
[2.752s] Copying ../build/arm_pkg/arm_pkg.egg-info to /home/henrik/ros_workspace/src/install/arm_pkg/lib/python3.8/site-packages/arm_pkg-0.0.0-py3.8.egg-info
[2.752s] running install_scripts
[2.759s] Installing arm_control_node script to /home/henrik/ros_workspace/src/install/arm_pkg/lib/arm_pkg
[2.759s] writing list of installed files to '/home/henrik/ros_workspace/src/build/arm_pkg/install.log'
[3.448s] Invoked command in '/home/henrik/ros_workspace/src/arm_pkg' returned '0': PYTHONPATH=/home/henrik/ros_workspace/src/build/arm_pkg/prefix_override:/home/henrik/ros_workspace/src/install/arm_pkg/lib/python3.8/site-packages:${PYTHONPATH} /usr/bin/python3 setup.py egg_info --egg-base ../build/arm_pkg build --build-base /home/henrik/ros_workspace/src/build/arm_pkg/build install --record /home/henrik/ros_workspace/src/build/arm_pkg/install.log --install-scripts $base/lib/arm_pkg --single-version-externally-managed
