[0.925s] Invoking command in '/home/henrik/ros_workspace/src/build/interfaces': CMAKE_PREFIX_PATH=${CMAKE_PREFIX_PATH}:/home/henrik/ros_workspace/src/install/mic_pkg:/home/henrik/ros_workspace/src/install/camera_pkg:/home/henrik/ros_workspace/install/mic_pkg:/opt/ros/foxy /usr/bin/cmake --build /home/henrik/ros_workspace/src/build/interfaces -- -j20 -l20
[0.955s] [  2%] Built target interfaces__cpp
[0.955s] [ 12%] Built target interfaces__rosidl_generator_c
[0.967s] [ 33%] Built target interfaces__rosidl_typesupport_introspection_cpp
[0.967s] [ 33%] Built target interfaces__rosidl_typesupport_cpp
[0.968s] [ 43%] Built target interfaces__rosidl_typesupport_fastrtps_cpp
[0.978s] [ 53%] Built target interfaces__rosidl_typesupport_c
[0.978s] [ 64%] Built target interfaces__rosidl_typesupport_introspection_c
[0.982s] [ 74%] Built target interfaces__rosidl_typesupport_fastrtps_c
[0.993s] [ 74%] Built target interfaces
[1.003s] [ 76%] Built target interfaces__py
[1.017s] [ 84%] Built target interfaces__python
[1.031s] [100%] Built target interfaces__rosidl_typesupport_c__pyext
[1.032s] [100%] Built target interfaces__rosidl_typesupport_fastrtps_c__pyext
[1.032s] [100%] Built target interfaces__rosidl_typesupport_introspection_c__pyext
[1.312s] Invoked command in '/home/henrik/ros_workspace/src/build/interfaces' returned '0': CMAKE_PREFIX_PATH=${CMAKE_PREFIX_PATH}:/home/henrik/ros_workspace/src/install/mic_pkg:/home/henrik/ros_workspace/src/install/camera_pkg:/home/henrik/ros_workspace/install/mic_pkg:/opt/ros/foxy /usr/bin/cmake --build /home/henrik/ros_workspace/src/build/interfaces -- -j20 -l20
[1.350s] Invoking command in '/home/henrik/ros_workspace/src/build/interfaces': CMAKE_PREFIX_PATH=${CMAKE_PREFIX_PATH}:/home/henrik/ros_workspace/src/install/mic_pkg:/home/henrik/ros_workspace/src/install/camera_pkg:/home/henrik/ros_workspace/install/mic_pkg:/opt/ros/foxy /usr/bin/cmake --install /home/henrik/ros_workspace/src/build/interfaces
[1.355s] -- Install configuration: ""
[1.355s] -- Up-to-date: /home/henrik/ros_workspace/src/install/interfaces/share/ament_index/resource_index/rosidl_interfaces/interfaces
[1.355s] -- Up-to-date: /home/henrik/ros_workspace/src/install/interfaces/include/interfaces
[1.355s] -- Up-to-date: /home/henrik/ros_workspace/src/install/interfaces/include/interfaces/msg
[1.355s] -- Up-to-date: /home/henrik/ros_workspace/src/install/interfaces/include/interfaces/msg/rosidl_generator_c__visibility_control.h
[1.355s] -- Up-to-date: /home/henrik/ros_workspace/src/install/interfaces/include/interfaces/msg/bottle_info.h
[1.355s] -- Up-to-date: /home/henrik/ros_workspace/src/install/interfaces/include/interfaces/msg/robot_status.h
[1.355s] -- Up-to-date: /home/henrik/ros_workspace/src/install/interfaces/include/interfaces/msg/detail
[1.355s] -- Up-to-date: /home/henrik/ros_workspace/src/install/interfaces/include/interfaces/msg/detail/robot_status__functions.h
[1.355s] -- Up-to-date: /home/henrik/ros_workspace/src/install/interfaces/include/interfaces/msg/detail/robot_status__type_support.h
[1.356s] -- Up-to-date: /home/henrik/ros_workspace/src/install/interfaces/include/interfaces/msg/detail/bottle_info__functions.c
[1.356s] -- Up-to-date: /home/henrik/ros_workspace/src/install/interfaces/include/interfaces/msg/detail/robot_status__functions.c
[1.356s] -- Up-to-date: /home/henrik/ros_workspace/src/install/interfaces/include/interfaces/msg/detail/bottle_info__type_support.h
[1.356s] -- Up-to-date: /home/henrik/ros_workspace/src/install/interfaces/include/interfaces/msg/detail/bottle_info__struct.h
[1.356s] -- Up-to-date: /home/henrik/ros_workspace/src/install/interfaces/include/interfaces/msg/detail/bottle_info__functions.h
[1.356s] -- Up-to-date: /home/henrik/ros_workspace/src/install/interfaces/include/interfaces/msg/detail/robot_status__struct.h
[1.356s] -- Up-to-date: /home/henrik/ros_workspace/src/install/interfaces/share/interfaces/environment/library_path.sh
[1.356s] -- Up-to-date: /home/henrik/ros_workspace/src/install/interfaces/share/interfaces/environment/library_path.dsv
[1.356s] -- Up-to-date: /home/henrik/ros_workspace/src/install/interfaces/lib/libinterfaces__rosidl_generator_c.so
[1.356s] -- Up-to-date: /home/henrik/ros_workspace/src/install/interfaces/include/interfaces
[1.356s] -- Up-to-date: /home/henrik/ros_workspace/src/install/interfaces/include/interfaces/msg
[1.356s] -- Up-to-date: /home/henrik/ros_workspace/src/install/interfaces/include/interfaces/msg/rosidl_typesupport_fastrtps_c__visibility_control.h
[1.356s] -- Up-to-date: /home/henrik/ros_workspace/src/install/interfaces/include/interfaces/msg/detail
[1.357s] -- Up-to-date: /home/henrik/ros_workspace/src/install/interfaces/include/interfaces/msg/detail/robot_status__rosidl_typesupport_fastrtps_c.h
[1.357s] -- Up-to-date: /home/henrik/ros_workspace/src/install/interfaces/include/interfaces/msg/detail/bottle_info__rosidl_typesupport_fastrtps_c.h
[1.357s] -- Up-to-date: /home/henrik/ros_workspace/src/install/interfaces/lib/libinterfaces__rosidl_typesupport_fastrtps_c.so
[1.357s] -- Up-to-date: /home/henrik/ros_workspace/src/install/interfaces/include/interfaces
[1.357s] -- Up-to-date: /home/henrik/ros_workspace/src/install/interfaces/include/interfaces/msg
[1.357s] -- Up-to-date: /home/henrik/ros_workspace/src/install/interfaces/include/interfaces/msg/rosidl_typesupport_fastrtps_cpp__visibility_control.h
[1.357s] -- Up-to-date: /home/henrik/ros_workspace/src/install/interfaces/include/interfaces/msg/detail
[1.357s] -- Up-to-date: /home/henrik/ros_workspace/src/install/interfaces/include/interfaces/msg/detail/robot_status__rosidl_typesupport_fastrtps_cpp.hpp
[1.357s] -- Up-to-date: /home/henrik/ros_workspace/src/install/interfaces/include/interfaces/msg/detail/dds_fastrtps
[1.357s] -- Up-to-date: /home/henrik/ros_workspace/src/install/interfaces/include/interfaces/msg/detail/bottle_info__rosidl_typesupport_fastrtps_cpp.hpp
[1.357s] -- Up-to-date: /home/henrik/ros_workspace/src/install/interfaces/lib/libinterfaces__rosidl_typesupport_fastrtps_cpp.so
[1.357s] -- Up-to-date: /home/henrik/ros_workspace/src/install/interfaces/include/interfaces
[1.357s] -- Up-to-date: /home/henrik/ros_workspace/src/install/interfaces/include/interfaces/msg
[1.357s] -- Up-to-date: /home/henrik/ros_workspace/src/install/interfaces/include/interfaces/msg/rosidl_typesupport_introspection_c__visibility_control.h
[1.357s] -- Up-to-date: /home/henrik/ros_workspace/src/install/interfaces/include/interfaces/msg/detail
[1.357s] -- Up-to-date: /home/henrik/ros_workspace/src/install/interfaces/include/interfaces/msg/detail/robot_status__rosidl_typesupport_introspection_c.h
[1.357s] -- Up-to-date: /home/henrik/ros_workspace/src/install/interfaces/include/interfaces/msg/detail/bottle_info__type_support.c
[1.358s] -- Up-to-date: /home/henrik/ros_workspace/src/install/interfaces/include/interfaces/msg/detail/bottle_info__rosidl_typesupport_introspection_c.h
[1.358s] -- Up-to-date: /home/henrik/ros_workspace/src/install/interfaces/include/interfaces/msg/detail/robot_status__type_support.c
[1.358s] -- Up-to-date: /home/henrik/ros_workspace/src/install/interfaces/lib/libinterfaces__rosidl_typesupport_introspection_c.so
[1.358s] -- Up-to-date: /home/henrik/ros_workspace/src/install/interfaces/lib/libinterfaces__rosidl_typesupport_c.so
[1.358s] -- Up-to-date: /home/henrik/ros_workspace/src/install/interfaces/include/interfaces
[1.358s] -- Up-to-date: /home/henrik/ros_workspace/src/install/interfaces/include/interfaces/msg
[1.358s] -- Up-to-date: /home/henrik/ros_workspace/src/install/interfaces/include/interfaces/msg/bottle_info.hpp
[1.358s] -- Up-to-date: /home/henrik/ros_workspace/src/install/interfaces/include/interfaces/msg/robot_status.hpp
[1.358s] -- Up-to-date: /home/henrik/ros_workspace/src/install/interfaces/include/interfaces/msg/detail
[1.358s] -- Up-to-date: /home/henrik/ros_workspace/src/install/interfaces/include/interfaces/msg/detail/bottle_info__struct.hpp
[1.358s] -- Up-to-date: /home/henrik/ros_workspace/src/install/interfaces/include/interfaces/msg/detail/robot_status__type_support.hpp
[1.358s] -- Up-to-date: /home/henrik/ros_workspace/src/install/interfaces/include/interfaces/msg/detail/robot_status__struct.hpp
[1.358s] -- Up-to-date: /home/henrik/ros_workspace/src/install/interfaces/include/interfaces/msg/detail/bottle_info__builder.hpp
[1.358s] -- Up-to-date: /home/henrik/ros_workspace/src/install/interfaces/include/interfaces/msg/detail/bottle_info__type_support.hpp
[1.358s] -- Up-to-date: /home/henrik/ros_workspace/src/install/interfaces/include/interfaces/msg/detail/robot_status__traits.hpp
[1.358s] -- Up-to-date: /home/henrik/ros_workspace/src/install/interfaces/include/interfaces/msg/detail/robot_status__builder.hpp
[1.358s] -- Up-to-date: /home/henrik/ros_workspace/src/install/interfaces/include/interfaces/msg/detail/bottle_info__traits.hpp
[1.358s] -- Up-to-date: /home/henrik/ros_workspace/src/install/interfaces/include/interfaces/msg/rosidl_generator_cpp__visibility_control.hpp
[1.359s] -- Up-to-date: /home/henrik/ros_workspace/src/install/interfaces/include/interfaces
[1.359s] -- Up-to-date: /home/henrik/ros_workspace/src/install/interfaces/include/interfaces/msg
[1.359s] -- Up-to-date: /home/henrik/ros_workspace/src/install/interfaces/include/interfaces/msg/detail
[1.359s] -- Up-to-date: /home/henrik/ros_workspace/src/install/interfaces/include/interfaces/msg/detail/bottle_info__rosidl_typesupport_introspection_cpp.hpp
[1.359s] -- Up-to-date: /home/henrik/ros_workspace/src/install/interfaces/include/interfaces/msg/detail/robot_status__rosidl_typesupport_introspection_cpp.hpp
[1.359s] -- Up-to-date: /home/henrik/ros_workspace/src/install/interfaces/include/interfaces/msg/detail/robot_status__type_support.cpp
[1.359s] -- Up-to-date: /home/henrik/ros_workspace/src/install/interfaces/include/interfaces/msg/detail/bottle_info__type_support.cpp
[1.359s] -- Up-to-date: /home/henrik/ros_workspace/src/install/interfaces/lib/libinterfaces__rosidl_typesupport_introspection_cpp.so
[1.359s] -- Up-to-date: /home/henrik/ros_workspace/src/install/interfaces/lib/libinterfaces__rosidl_typesupport_cpp.so
[1.359s] -- Up-to-date: /home/henrik/ros_workspace/src/install/interfaces/share/interfaces/environment/pythonpath.sh
[1.359s] -- Up-to-date: /home/henrik/ros_workspace/src/install/interfaces/share/interfaces/environment/pythonpath.dsv
[1.359s] -- Up-to-date: /home/henrik/ros_workspace/src/install/interfaces/lib/python3.8/site-packages/interfaces/__init__.py
[1.377s] -- Up-to-date: /home/henrik/ros_workspace/src/install/interfaces/lib/python3.8/site-packages/interfaces/msg
[1.377s] -- Up-to-date: /home/henrik/ros_workspace/src/install/interfaces/lib/python3.8/site-packages/interfaces/msg/__init__.py
[1.377s] -- Up-to-date: /home/henrik/ros_workspace/src/install/interfaces/lib/python3.8/site-packages/interfaces/msg/_robot_status.py
[1.377s] -- Up-to-date: /home/henrik/ros_workspace/src/install/interfaces/lib/python3.8/site-packages/interfaces/msg/_robot_status_s.c
[1.377s] -- Up-to-date: /home/henrik/ros_workspace/src/install/interfaces/lib/python3.8/site-packages/interfaces/msg/_bottle_info.py
[1.377s] -- Up-to-date: /home/henrik/ros_workspace/src/install/interfaces/lib/python3.8/site-packages/interfaces/msg/_bottle_info_s.c
[1.377s] -- Up-to-date: /home/henrik/ros_workspace/src/install/interfaces/lib/python3.8/site-packages/interfaces/interfaces_s__rosidl_typesupport_fastrtps_c.cpython-38-x86_64-linux-gnu.so
[1.377s] -- Up-to-date: /home/henrik/ros_workspace/src/install/interfaces/lib/python3.8/site-packages/interfaces/interfaces_s__rosidl_typesupport_introspection_c.cpython-38-x86_64-linux-gnu.so
[1.377s] -- Up-to-date: /home/henrik/ros_workspace/src/install/interfaces/lib/python3.8/site-packages/interfaces/interfaces_s__rosidl_typesupport_c.cpython-38-x86_64-linux-gnu.so
[1.378s] -- Up-to-date: /home/henrik/ros_workspace/src/install/interfaces/lib/libinterfaces__python.so
[1.378s] -- Up-to-date: /home/henrik/ros_workspace/src/install/interfaces/share/interfaces/msg/RobotStatus.idl
[1.378s] -- Up-to-date: /home/henrik/ros_workspace/src/install/interfaces/share/interfaces/msg/BottleInfo.idl
[1.378s] -- Up-to-date: /home/henrik/ros_workspace/src/install/interfaces/share/interfaces/msg/RobotStatus.msg
[1.378s] -- Up-to-date: /home/henrik/ros_workspace/src/install/interfaces/share/interfaces/msg/BottleInfo.msg
[1.378s] -- Up-to-date: /home/henrik/ros_workspace/src/install/interfaces/share/ament_index/resource_index/package_run_dependencies/interfaces
[1.378s] -- Up-to-date: /home/henrik/ros_workspace/src/install/interfaces/share/ament_index/resource_index/parent_prefix_path/interfaces
[1.378s] -- Up-to-date: /home/henrik/ros_workspace/src/install/interfaces/share/interfaces/environment/ament_prefix_path.sh
[1.378s] -- Up-to-date: /home/henrik/ros_workspace/src/install/interfaces/share/interfaces/environment/ament_prefix_path.dsv
[1.378s] -- Up-to-date: /home/henrik/ros_workspace/src/install/interfaces/share/interfaces/environment/path.sh
[1.378s] -- Up-to-date: /home/henrik/ros_workspace/src/install/interfaces/share/interfaces/environment/path.dsv
[1.378s] -- Up-to-date: /home/henrik/ros_workspace/src/install/interfaces/share/interfaces/local_setup.bash
[1.379s] -- Up-to-date: /home/henrik/ros_workspace/src/install/interfaces/share/interfaces/local_setup.sh
[1.379s] -- Up-to-date: /home/henrik/ros_workspace/src/install/interfaces/share/interfaces/local_setup.zsh
[1.379s] -- Up-to-date: /home/henrik/ros_workspace/src/install/interfaces/share/interfaces/local_setup.dsv
[1.379s] -- Installing: /home/henrik/ros_workspace/src/install/interfaces/share/interfaces/package.dsv
[1.379s] -- Up-to-date: /home/henrik/ros_workspace/src/install/interfaces/share/ament_index/resource_index/packages/interfaces
[1.379s] -- Up-to-date: /home/henrik/ros_workspace/src/install/interfaces/share/interfaces/cmake/interfaces__rosidl_generator_cExport.cmake
[1.379s] -- Up-to-date: /home/henrik/ros_workspace/src/install/interfaces/share/interfaces/cmake/interfaces__rosidl_generator_cExport-noconfig.cmake
[1.379s] -- Up-to-date: /home/henrik/ros_workspace/src/install/interfaces/share/interfaces/cmake/interfaces__rosidl_typesupport_introspection_cExport.cmake
[1.379s] -- Up-to-date: /home/henrik/ros_workspace/src/install/interfaces/share/interfaces/cmake/interfaces__rosidl_typesupport_introspection_cExport-noconfig.cmake
[1.379s] -- Up-to-date: /home/henrik/ros_workspace/src/install/interfaces/share/interfaces/cmake/interfaces__rosidl_typesupport_cExport.cmake
[1.379s] -- Up-to-date: /home/henrik/ros_workspace/src/install/interfaces/share/interfaces/cmake/interfaces__rosidl_typesupport_cExport-noconfig.cmake
[1.379s] -- Up-to-date: /home/henrik/ros_workspace/src/install/interfaces/share/interfaces/cmake/interfaces__rosidl_generator_cppExport.cmake
[1.379s] -- Up-to-date: /home/henrik/ros_workspace/src/install/interfaces/share/interfaces/cmake/interfaces__rosidl_typesupport_introspection_cppExport.cmake
[1.379s] -- Up-to-date: /home/henrik/ros_workspace/src/install/interfaces/share/interfaces/cmake/interfaces__rosidl_typesupport_introspection_cppExport-noconfig.cmake
[1.379s] -- Up-to-date: /home/henrik/ros_workspace/src/install/interfaces/share/interfaces/cmake/interfaces__rosidl_typesupport_cppExport.cmake
[1.380s] -- Up-to-date: /home/henrik/ros_workspace/src/install/interfaces/share/interfaces/cmake/interfaces__rosidl_typesupport_cppExport-noconfig.cmake
[1.380s] -- Up-to-date: /home/henrik/ros_workspace/src/install/interfaces/share/interfaces/cmake/rosidl_cmake-extras.cmake
[1.380s] -- Up-to-date: /home/henrik/ros_workspace/src/install/interfaces/share/interfaces/cmake/ament_cmake_export_dependencies-extras.cmake
[1.380s] -- Up-to-date: /home/henrik/ros_workspace/src/install/interfaces/share/interfaces/cmake/ament_cmake_export_libraries-extras.cmake
[1.380s] -- Up-to-date: /home/henrik/ros_workspace/src/install/interfaces/share/interfaces/cmake/ament_cmake_export_targets-extras.cmake
[1.380s] -- Up-to-date: /home/henrik/ros_workspace/src/install/interfaces/share/interfaces/cmake/ament_cmake_export_include_directories-extras.cmake
[1.380s] -- Up-to-date: /home/henrik/ros_workspace/src/install/interfaces/share/interfaces/cmake/rosidl_cmake_export_typesupport_libraries-extras.cmake
[1.380s] -- Up-to-date: /home/henrik/ros_workspace/src/install/interfaces/share/interfaces/cmake/rosidl_cmake_export_typesupport_targets-extras.cmake
[1.380s] -- Up-to-date: /home/henrik/ros_workspace/src/install/interfaces/share/interfaces/cmake/interfacesConfig.cmake
[1.380s] -- Up-to-date: /home/henrik/ros_workspace/src/install/interfaces/share/interfaces/cmake/interfacesConfig-version.cmake
[1.380s] -- Up-to-date: /home/henrik/ros_workspace/src/install/interfaces/share/interfaces/package.xml
[1.381s] Invoked command in '/home/henrik/ros_workspace/src/build/interfaces' returned '0': CMAKE_PREFIX_PATH=${CMAKE_PREFIX_PATH}:/home/henrik/ros_workspace/src/install/mic_pkg:/home/henrik/ros_workspace/src/install/camera_pkg:/home/henrik/ros_workspace/install/mic_pkg:/opt/ros/foxy /usr/bin/cmake --install /home/henrik/ros_workspace/src/build/interfaces
