[2.820s] DEBUG:colcon:Command line arguments: ['/usr/bin/colcon', 'build']
[2.820s] DEBUG:colcon:Parsed command line arguments: Namespace(allow_overriding=[], ament_cmake_args=None, base_paths=['.'], build_base='build', catkin_cmake_args=None, catkin_skip_building_tests=False, cmake_args=None, cmake_clean_cache=False, cmake_clean_first=False, cmake_force_configure=False, cmake_target=None, cmake_target_skip_unavailable=False, continue_on_error=False, event_handlers=None, executor='parallel', ignore_user_meta=False, install_base='install', log_base=None, log_level=None, main=<bound method BuildVerb.main of <colcon_core.verb.build.BuildVerb object at 0x7f5c99579ca0>>, merge_install=False, metas=['./colcon.meta'], packages_above=None, packages_above_and_dependencies=None, packages_above_depth=None, packages_end=None, packages_ignore=None, packages_ignore_regex=None, packages_select=None, packages_select_build_failed=False, packages_select_by_dep=None, packages_select_regex=None, packages_select_test_failures=False, packages_skip=None, packages_skip_build_finished=False, packages_skip_by_dep=None, packages_skip_regex=None, packages_skip_test_passed=False, packages_skip_up_to=None, packages_start=None, packages_up_to=None, packages_up_to_regex=None, parallel_workers=20, paths=None, symlink_install=False, test_result_base=None, verb_extension=<colcon_core.verb.build.BuildVerb object at 0x7f5c99579ca0>, verb_name='build', verb_parser=<colcon_defaults.argument_parser.defaults.DefaultArgumentsDecorator object at 0x7f5c991dca30>)
[2.934s] Level 1:colcon.colcon_core.package_discovery:discover_packages(colcon_meta) check parameters
[2.934s] Level 1:colcon.colcon_core.package_discovery:discover_packages(recursive) check parameters
[2.934s] Level 1:colcon.colcon_core.package_discovery:discover_packages(ignore) check parameters
[2.934s] Level 1:colcon.colcon_core.package_discovery:discover_packages(path) check parameters
[2.934s] Level 1:colcon.colcon_core.package_discovery:discover_packages(colcon_meta) discover
[2.934s] Level 1:colcon.colcon_core.package_discovery:discover_packages(recursive) discover
[2.934s] INFO:colcon.colcon_core.package_discovery:Crawling recursively for packages in '/home/henrik/ros_workspace/src'
[2.934s] Level 1:colcon.colcon_core.package_identification:_identify(.) by extensions ['ignore', 'ignore_ament_install']
[2.934s] Level 1:colcon.colcon_core.package_identification:_identify(.) by extension 'ignore'
[2.934s] Level 1:colcon.colcon_core.package_identification:_identify(.) by extension 'ignore_ament_install'
[2.934s] Level 1:colcon.colcon_core.package_identification:_identify(.) by extensions ['colcon_pkg']
[2.934s] Level 1:colcon.colcon_core.package_identification:_identify(.) by extension 'colcon_pkg'
[2.934s] Level 1:colcon.colcon_core.package_identification:_identify(.) by extensions ['colcon_meta']
[2.934s] Level 1:colcon.colcon_core.package_identification:_identify(.) by extension 'colcon_meta'
[2.934s] Level 1:colcon.colcon_core.package_identification:_identify(.) by extensions ['ros']
[2.934s] Level 1:colcon.colcon_core.package_identification:_identify(.) by extension 'ros'
[2.940s] Level 1:colcon.colcon_core.package_identification:_identify(.) by extensions ['cmake', 'python']
[2.940s] Level 1:colcon.colcon_core.package_identification:_identify(.) by extension 'cmake'
[2.940s] Level 1:colcon.colcon_core.package_identification:_identify(.) by extension 'python'
[2.940s] Level 1:colcon.colcon_core.package_identification:_identify(.) by extensions ['python_setup_py']
[2.940s] Level 1:colcon.colcon_core.package_identification:_identify(.) by extension 'python_setup_py'
[2.940s] Level 1:colcon.colcon_core.package_identification:_identify(build) by extensions ['ignore', 'ignore_ament_install']
[2.940s] Level 1:colcon.colcon_core.package_identification:_identify(build) by extension 'ignore'
[2.940s] Level 1:colcon.colcon_core.package_identification:_identify(build) ignored
[2.941s] Level 1:colcon.colcon_core.package_identification:_identify(camera_pkg) by extensions ['ignore', 'ignore_ament_install']
[2.941s] Level 1:colcon.colcon_core.package_identification:_identify(camera_pkg) by extension 'ignore'
[2.941s] Level 1:colcon.colcon_core.package_identification:_identify(camera_pkg) by extension 'ignore_ament_install'
[2.941s] Level 1:colcon.colcon_core.package_identification:_identify(camera_pkg) by extensions ['colcon_pkg']
[2.941s] Level 1:colcon.colcon_core.package_identification:_identify(camera_pkg) by extension 'colcon_pkg'
[2.941s] Level 1:colcon.colcon_core.package_identification:_identify(camera_pkg) by extensions ['colcon_meta']
[2.941s] Level 1:colcon.colcon_core.package_identification:_identify(camera_pkg) by extension 'colcon_meta'
[2.941s] Level 1:colcon.colcon_core.package_identification:_identify(camera_pkg) by extensions ['ros']
[2.941s] Level 1:colcon.colcon_core.package_identification:_identify(camera_pkg) by extension 'ros'
[2.942s] DEBUG:colcon.colcon_core.package_identification:Package 'camera_pkg' with type 'ros.ament_python' and name 'camera_pkg'
[2.942s] Level 1:colcon.colcon_core.package_identification:_identify(install) by extensions ['ignore', 'ignore_ament_install']
[2.942s] Level 1:colcon.colcon_core.package_identification:_identify(install) by extension 'ignore'
[2.943s] Level 1:colcon.colcon_core.package_identification:_identify(install) ignored
[2.943s] Level 1:colcon.colcon_core.package_identification:_identify(interfaces) by extensions ['ignore', 'ignore_ament_install']
[2.943s] Level 1:colcon.colcon_core.package_identification:_identify(interfaces) by extension 'ignore'
[2.943s] Level 1:colcon.colcon_core.package_identification:_identify(interfaces) by extension 'ignore_ament_install'
[2.943s] Level 1:colcon.colcon_core.package_identification:_identify(interfaces) by extensions ['colcon_pkg']
[2.943s] Level 1:colcon.colcon_core.package_identification:_identify(interfaces) by extension 'colcon_pkg'
[2.943s] Level 1:colcon.colcon_core.package_identification:_identify(interfaces) by extensions ['colcon_meta']
[2.943s] Level 1:colcon.colcon_core.package_identification:_identify(interfaces) by extension 'colcon_meta'
[2.943s] Level 1:colcon.colcon_core.package_identification:_identify(interfaces) by extensions ['ros']
[2.943s] Level 1:colcon.colcon_core.package_identification:_identify(interfaces) by extension 'ros'
[2.943s] DEBUG:colcon.colcon_core.package_identification:Package 'interfaces' with type 'ros.ament_cmake' and name 'interfaces'
[2.943s] Level 1:colcon.colcon_core.package_identification:_identify(log) by extensions ['ignore', 'ignore_ament_install']
[2.943s] Level 1:colcon.colcon_core.package_identification:_identify(log) by extension 'ignore'
[2.943s] Level 1:colcon.colcon_core.package_identification:_identify(log) ignored
[2.943s] Level 1:colcon.colcon_core.package_identification:_identify(mic_pkg) by extensions ['ignore', 'ignore_ament_install']
[2.943s] Level 1:colcon.colcon_core.package_identification:_identify(mic_pkg) by extension 'ignore'
[2.943s] Level 1:colcon.colcon_core.package_identification:_identify(mic_pkg) by extension 'ignore_ament_install'
[2.943s] Level 1:colcon.colcon_core.package_identification:_identify(mic_pkg) by extensions ['colcon_pkg']
[2.943s] Level 1:colcon.colcon_core.package_identification:_identify(mic_pkg) by extension 'colcon_pkg'
[2.943s] Level 1:colcon.colcon_core.package_identification:_identify(mic_pkg) by extensions ['colcon_meta']
[2.943s] Level 1:colcon.colcon_core.package_identification:_identify(mic_pkg) by extension 'colcon_meta'
[2.943s] Level 1:colcon.colcon_core.package_identification:_identify(mic_pkg) by extensions ['ros']
[2.943s] Level 1:colcon.colcon_core.package_identification:_identify(mic_pkg) by extension 'ros'
[2.944s] DEBUG:colcon.colcon_core.package_identification:Package 'mic_pkg' with type 'ros.ament_python' and name 'mic_pkg'
[2.944s] Level 1:colcon.colcon_core.package_identification:_identify(motion_control_pkg) by extensions ['ignore', 'ignore_ament_install']
[2.944s] Level 1:colcon.colcon_core.package_identification:_identify(motion_control_pkg) by extension 'ignore'
[2.944s] Level 1:colcon.colcon_core.package_identification:_identify(motion_control_pkg) by extension 'ignore_ament_install'
[2.944s] Level 1:colcon.colcon_core.package_identification:_identify(motion_control_pkg) by extensions ['colcon_pkg']
[2.944s] Level 1:colcon.colcon_core.package_identification:_identify(motion_control_pkg) by extension 'colcon_pkg'
[2.944s] Level 1:colcon.colcon_core.package_identification:_identify(motion_control_pkg) by extensions ['colcon_meta']
[2.944s] Level 1:colcon.colcon_core.package_identification:_identify(motion_control_pkg) by extension 'colcon_meta'
[2.944s] Level 1:colcon.colcon_core.package_identification:_identify(motion_control_pkg) by extensions ['ros']
[2.944s] Level 1:colcon.colcon_core.package_identification:_identify(motion_control_pkg) by extension 'ros'
[2.944s] DEBUG:colcon.colcon_core.package_identification:Package 'motion_control_pkg' with type 'ros.ament_python' and name 'motion_control_pkg'
[2.944s] Level 1:colcon.colcon_core.package_discovery:discover_packages(recursive) using defaults
[2.944s] Level 1:colcon.colcon_core.package_discovery:discover_packages(ignore) discover
[2.944s] Level 1:colcon.colcon_core.package_discovery:discover_packages(ignore) using defaults
[2.944s] Level 1:colcon.colcon_core.package_discovery:discover_packages(path) discover
[2.944s] Level 1:colcon.colcon_core.package_discovery:discover_packages(path) using defaults
[3.215s] Level 1:colcon.colcon_core.package_discovery:discover_packages(prefix_path) check parameters
[3.215s] Level 1:colcon.colcon_core.package_discovery:discover_packages(prefix_path) discover
[3.318s] DEBUG:colcon.colcon_installed_package_information.package_discovery:Found 4 installed packages in /home/henrik/ros_workspace/src/install
[3.370s] DEBUG:colcon.colcon_installed_package_information.package_discovery:Found 3 installed packages in /home/henrik/ros_workspace/install
[3.422s] DEBUG:colcon.colcon_installed_package_information.package_discovery:Found 256 installed packages in /opt/ros/foxy
[3.423s] Level 1:colcon.colcon_core.package_discovery:discover_packages(prefix_path) using defaults
[3.558s] Level 5:colcon.colcon_core.verb:set package 'camera_pkg' build argument 'cmake_args' from command line to 'None'
[3.558s] Level 5:colcon.colcon_core.verb:set package 'camera_pkg' build argument 'cmake_target' from command line to 'None'
[3.558s] Level 5:colcon.colcon_core.verb:set package 'camera_pkg' build argument 'cmake_target_skip_unavailable' from command line to 'False'
[3.558s] Level 5:colcon.colcon_core.verb:set package 'camera_pkg' build argument 'cmake_clean_cache' from command line to 'False'
[3.558s] Level 5:colcon.colcon_core.verb:set package 'camera_pkg' build argument 'cmake_clean_first' from command line to 'False'
[3.558s] Level 5:colcon.colcon_core.verb:set package 'camera_pkg' build argument 'cmake_force_configure' from command line to 'False'
[3.558s] Level 5:colcon.colcon_core.verb:set package 'camera_pkg' build argument 'ament_cmake_args' from command line to 'None'
[3.558s] Level 5:colcon.colcon_core.verb:set package 'camera_pkg' build argument 'catkin_cmake_args' from command line to 'None'
[3.558s] Level 5:colcon.colcon_core.verb:set package 'camera_pkg' build argument 'catkin_skip_building_tests' from command line to 'False'
[3.558s] DEBUG:colcon.colcon_core.verb:Building package 'camera_pkg' with the following arguments: {'ament_cmake_args': None, 'build_base': '/home/henrik/ros_workspace/src/build/camera_pkg', 'catkin_cmake_args': None, 'catkin_skip_building_tests': False, 'cmake_args': None, 'cmake_clean_cache': False, 'cmake_clean_first': False, 'cmake_force_configure': False, 'cmake_target': None, 'cmake_target_skip_unavailable': False, 'install_base': '/home/henrik/ros_workspace/src/install/camera_pkg', 'merge_install': False, 'path': '/home/henrik/ros_workspace/src/camera_pkg', 'symlink_install': False, 'test_result_base': None}
[3.610s] Level 5:colcon.colcon_core.verb:set package 'interfaces' build argument 'cmake_args' from command line to 'None'
[3.610s] Level 5:colcon.colcon_core.verb:set package 'interfaces' build argument 'cmake_target' from command line to 'None'
[3.610s] Level 5:colcon.colcon_core.verb:set package 'interfaces' build argument 'cmake_target_skip_unavailable' from command line to 'False'
[3.610s] Level 5:colcon.colcon_core.verb:set package 'interfaces' build argument 'cmake_clean_cache' from command line to 'False'
[3.610s] Level 5:colcon.colcon_core.verb:set package 'interfaces' build argument 'cmake_clean_first' from command line to 'False'
[3.610s] Level 5:colcon.colcon_core.verb:set package 'interfaces' build argument 'cmake_force_configure' from command line to 'False'
[3.610s] Level 5:colcon.colcon_core.verb:set package 'interfaces' build argument 'ament_cmake_args' from command line to 'None'
[3.610s] Level 5:colcon.colcon_core.verb:set package 'interfaces' build argument 'catkin_cmake_args' from command line to 'None'
[3.610s] Level 5:colcon.colcon_core.verb:set package 'interfaces' build argument 'catkin_skip_building_tests' from command line to 'False'
[3.610s] DEBUG:colcon.colcon_core.verb:Building package 'interfaces' with the following arguments: {'ament_cmake_args': None, 'build_base': '/home/henrik/ros_workspace/src/build/interfaces', 'catkin_cmake_args': None, 'catkin_skip_building_tests': False, 'cmake_args': None, 'cmake_clean_cache': False, 'cmake_clean_first': False, 'cmake_force_configure': False, 'cmake_target': None, 'cmake_target_skip_unavailable': False, 'install_base': '/home/henrik/ros_workspace/src/install/interfaces', 'merge_install': False, 'path': '/home/henrik/ros_workspace/src/interfaces', 'symlink_install': False, 'test_result_base': None}
[3.662s] Level 5:colcon.colcon_core.verb:set package 'mic_pkg' build argument 'cmake_args' from command line to 'None'
[3.662s] Level 5:colcon.colcon_core.verb:set package 'mic_pkg' build argument 'cmake_target' from command line to 'None'
[3.662s] Level 5:colcon.colcon_core.verb:set package 'mic_pkg' build argument 'cmake_target_skip_unavailable' from command line to 'False'
[3.662s] Level 5:colcon.colcon_core.verb:set package 'mic_pkg' build argument 'cmake_clean_cache' from command line to 'False'
[3.662s] Level 5:colcon.colcon_core.verb:set package 'mic_pkg' build argument 'cmake_clean_first' from command line to 'False'
[3.662s] Level 5:colcon.colcon_core.verb:set package 'mic_pkg' build argument 'cmake_force_configure' from command line to 'False'
[3.662s] Level 5:colcon.colcon_core.verb:set package 'mic_pkg' build argument 'ament_cmake_args' from command line to 'None'
[3.662s] Level 5:colcon.colcon_core.verb:set package 'mic_pkg' build argument 'catkin_cmake_args' from command line to 'None'
[3.662s] Level 5:colcon.colcon_core.verb:set package 'mic_pkg' build argument 'catkin_skip_building_tests' from command line to 'False'
[3.662s] DEBUG:colcon.colcon_core.verb:Building package 'mic_pkg' with the following arguments: {'ament_cmake_args': None, 'build_base': '/home/henrik/ros_workspace/src/build/mic_pkg', 'catkin_cmake_args': None, 'catkin_skip_building_tests': False, 'cmake_args': None, 'cmake_clean_cache': False, 'cmake_clean_first': False, 'cmake_force_configure': False, 'cmake_target': None, 'cmake_target_skip_unavailable': False, 'install_base': '/home/henrik/ros_workspace/src/install/mic_pkg', 'merge_install': False, 'path': '/home/henrik/ros_workspace/src/mic_pkg', 'symlink_install': False, 'test_result_base': None}
[3.714s] Level 5:colcon.colcon_core.verb:set package 'motion_control_pkg' build argument 'cmake_args' from command line to 'None'
[3.714s] Level 5:colcon.colcon_core.verb:set package 'motion_control_pkg' build argument 'cmake_target' from command line to 'None'
[3.714s] Level 5:colcon.colcon_core.verb:set package 'motion_control_pkg' build argument 'cmake_target_skip_unavailable' from command line to 'False'
[3.714s] Level 5:colcon.colcon_core.verb:set package 'motion_control_pkg' build argument 'cmake_clean_cache' from command line to 'False'
[3.714s] Level 5:colcon.colcon_core.verb:set package 'motion_control_pkg' build argument 'cmake_clean_first' from command line to 'False'
[3.714s] Level 5:colcon.colcon_core.verb:set package 'motion_control_pkg' build argument 'cmake_force_configure' from command line to 'False'
[3.714s] Level 5:colcon.colcon_core.verb:set package 'motion_control_pkg' build argument 'ament_cmake_args' from command line to 'None'
[3.714s] Level 5:colcon.colcon_core.verb:set package 'motion_control_pkg' build argument 'catkin_cmake_args' from command line to 'None'
[3.714s] Level 5:colcon.colcon_core.verb:set package 'motion_control_pkg' build argument 'catkin_skip_building_tests' from command line to 'False'
[3.714s] DEBUG:colcon.colcon_core.verb:Building package 'motion_control_pkg' with the following arguments: {'ament_cmake_args': None, 'build_base': '/home/henrik/ros_workspace/src/build/motion_control_pkg', 'catkin_cmake_args': None, 'catkin_skip_building_tests': False, 'cmake_args': None, 'cmake_clean_cache': False, 'cmake_clean_first': False, 'cmake_force_configure': False, 'cmake_target': None, 'cmake_target_skip_unavailable': False, 'install_base': '/home/henrik/ros_workspace/src/install/motion_control_pkg', 'merge_install': False, 'path': '/home/henrik/ros_workspace/src/motion_control_pkg', 'symlink_install': False, 'test_result_base': None}
[3.765s] INFO:colcon.colcon_core.executor:Executing jobs using 'parallel' executor
[3.817s] DEBUG:colcon.colcon_parallel_executor.executor.parallel:run_until_complete
[3.817s] INFO:colcon.colcon_ros.task.ament_python.build:Building ROS package in '/home/henrik/ros_workspace/src/camera_pkg' with build type 'ament_python'
[3.817s] Level 1:colcon.colcon_core.shell:create_environment_hook('camera_pkg', 'ament_prefix_path')
[3.869s] INFO:colcon.colcon_core.plugin_system:Skipping extension 'colcon_core.shell.bat': Not used on non-Windows systems
[3.870s] INFO:colcon.colcon_core.shell:Creating environment hook '/home/henrik/ros_workspace/src/install/camera_pkg/share/camera_pkg/hook/ament_prefix_path.ps1'
[3.870s] INFO:colcon.colcon_core.shell:Creating environment descriptor '/home/henrik/ros_workspace/src/install/camera_pkg/share/camera_pkg/hook/ament_prefix_path.dsv'
[3.870s] INFO:colcon.colcon_core.shell:Creating environment hook '/home/henrik/ros_workspace/src/install/camera_pkg/share/camera_pkg/hook/ament_prefix_path.sh'
[3.927s] INFO:colcon.colcon_core.shell:Skip shell extension 'powershell' for command environment: Not usable outside of PowerShell
[3.928s] DEBUG:colcon.colcon_core.shell:Skip shell extension 'dsv' for command environment
[4.139s] INFO:colcon.colcon_ros.task.ament_cmake.build:Building ROS package in '/home/henrik/ros_workspace/src/interfaces' with build type 'ament_cmake'
[4.139s] INFO:colcon.colcon_cmake.task.cmake.build:Building CMake package in '/home/henrik/ros_workspace/src/interfaces'
[4.192s] INFO:colcon.colcon_core.shell:Skip shell extension 'powershell' for command environment: Not usable outside of PowerShell
[4.192s] DEBUG:colcon.colcon_core.shell:Skip shell extension 'dsv' for command environment
[4.403s] INFO:colcon.colcon_ros.task.ament_python.build:Building ROS package in '/home/henrik/ros_workspace/src/mic_pkg' with build type 'ament_python'
[4.403s] Level 1:colcon.colcon_core.shell:create_environment_hook('mic_pkg', 'ament_prefix_path')
[4.455s] INFO:colcon.colcon_core.shell:Creating environment hook '/home/henrik/ros_workspace/src/install/mic_pkg/share/mic_pkg/hook/ament_prefix_path.ps1'
[4.455s] INFO:colcon.colcon_core.shell:Creating environment descriptor '/home/henrik/ros_workspace/src/install/mic_pkg/share/mic_pkg/hook/ament_prefix_path.dsv'
[4.455s] INFO:colcon.colcon_core.shell:Creating environment hook '/home/henrik/ros_workspace/src/install/mic_pkg/share/mic_pkg/hook/ament_prefix_path.sh'
[4.506s] INFO:colcon.colcon_core.shell:Skip shell extension 'powershell' for command environment: Not usable outside of PowerShell
[4.506s] DEBUG:colcon.colcon_core.shell:Skip shell extension 'dsv' for command environment
[4.717s] INFO:colcon.colcon_ros.task.ament_python.build:Building ROS package in '/home/henrik/ros_workspace/src/motion_control_pkg' with build type 'ament_python'
[4.717s] Level 1:colcon.colcon_core.shell:create_environment_hook('motion_control_pkg', 'ament_prefix_path')
[4.769s] INFO:colcon.colcon_core.shell:Creating environment hook '/home/henrik/ros_workspace/src/install/motion_control_pkg/share/motion_control_pkg/hook/ament_prefix_path.ps1'
[4.770s] INFO:colcon.colcon_core.shell:Creating environment descriptor '/home/henrik/ros_workspace/src/install/motion_control_pkg/share/motion_control_pkg/hook/ament_prefix_path.dsv'
[4.770s] INFO:colcon.colcon_core.shell:Creating environment hook '/home/henrik/ros_workspace/src/install/motion_control_pkg/share/motion_control_pkg/hook/ament_prefix_path.sh'
[4.823s] INFO:colcon.colcon_core.shell:Skip shell extension 'powershell' for command environment: Not usable outside of PowerShell
[4.823s] DEBUG:colcon.colcon_core.shell:Skip shell extension 'dsv' for command environment
[5.151s] INFO:colcon.colcon_core.task.python.build:Building Python package in '/home/henrik/ros_workspace/src/camera_pkg'
[5.203s] INFO:colcon.colcon_core.shell:Skip shell extension 'powershell' for command environment: Not usable outside of PowerShell
[5.203s] DEBUG:colcon.colcon_core.shell:Skip shell extension 'dsv' for command environment
[5.417s] DEBUG:colcon.colcon_core.event_handler.log_command:Invoking command in '/home/henrik/ros_workspace/src/build/interfaces': CMAKE_PREFIX_PATH=${CMAKE_PREFIX_PATH}:/home/henrik/ros_workspace/src/install/arm_pkg:/home/henrik/ros_workspace/install/arm_pkg:/home/henrik/ros_workspace/src/install/mic_pkg:/home/henrik/ros_workspace/src/install/camera_pkg:/home/henrik/ros_workspace/install/mic_pkg:/opt/ros/foxy /usr/bin/cmake --build /home/henrik/ros_workspace/src/build/interfaces -- -j20 -l20
[5.540s] INFO:colcon.colcon_core.task.python.build:Building Python package in '/home/henrik/ros_workspace/src/mic_pkg'
[5.592s] INFO:colcon.colcon_core.shell:Skip shell extension 'powershell' for command environment: Not usable outside of PowerShell
[5.592s] DEBUG:colcon.colcon_core.shell:Skip shell extension 'dsv' for command environment
[5.917s] INFO:colcon.colcon_core.task.python.build:Building Python package in '/home/henrik/ros_workspace/src/motion_control_pkg'
[5.968s] INFO:colcon.colcon_core.shell:Skip shell extension 'powershell' for command environment: Not usable outside of PowerShell
[5.968s] DEBUG:colcon.colcon_core.shell:Skip shell extension 'dsv' for command environment
[6.181s] DEBUG:colcon.colcon_core.event_handler.log_command:Invoked command in '/home/henrik/ros_workspace/src/build/interfaces' returned '0': CMAKE_PREFIX_PATH=${CMAKE_PREFIX_PATH}:/home/henrik/ros_workspace/src/install/arm_pkg:/home/henrik/ros_workspace/install/arm_pkg:/home/henrik/ros_workspace/src/install/mic_pkg:/home/henrik/ros_workspace/src/install/camera_pkg:/home/henrik/ros_workspace/install/mic_pkg:/opt/ros/foxy /usr/bin/cmake --build /home/henrik/ros_workspace/src/build/interfaces -- -j20 -l20
[6.220s] DEBUG:colcon.colcon_core.event_handler.log_command:Invoking command in '/home/henrik/ros_workspace/src/build/interfaces': CMAKE_PREFIX_PATH=${CMAKE_PREFIX_PATH}:/home/henrik/ros_workspace/src/install/arm_pkg:/home/henrik/ros_workspace/install/arm_pkg:/home/henrik/ros_workspace/src/install/mic_pkg:/home/henrik/ros_workspace/src/install/camera_pkg:/home/henrik/ros_workspace/install/mic_pkg:/opt/ros/foxy /usr/bin/cmake --install /home/henrik/ros_workspace/src/build/interfaces
[6.251s] Level 1:colcon.colcon_core.environment:create_environment_scripts_only(interfaces)
[6.251s] DEBUG:colcon.colcon_core.event_handler.log_command:Invoked command in '/home/henrik/ros_workspace/src/build/interfaces' returned '0': CMAKE_PREFIX_PATH=${CMAKE_PREFIX_PATH}:/home/henrik/ros_workspace/src/install/arm_pkg:/home/henrik/ros_workspace/install/arm_pkg:/home/henrik/ros_workspace/src/install/mic_pkg:/home/henrik/ros_workspace/src/install/camera_pkg:/home/henrik/ros_workspace/install/mic_pkg:/opt/ros/foxy /usr/bin/cmake --install /home/henrik/ros_workspace/src/build/interfaces
[6.340s] Level 1:colcon.colcon_core.environment:checking '/home/henrik/ros_workspace/src/install/interfaces' for CMake module files
[6.341s] Level 1:colcon.colcon_core.environment:checking '/home/henrik/ros_workspace/src/install/interfaces' for CMake config files
[6.341s] Level 1:colcon.colcon_core.shell:create_environment_hook('interfaces', 'cmake_prefix_path')
[6.429s] INFO:colcon.colcon_core.shell:Creating environment hook '/home/henrik/ros_workspace/src/install/interfaces/share/interfaces/hook/cmake_prefix_path.ps1'
[6.429s] INFO:colcon.colcon_core.shell:Creating environment descriptor '/home/henrik/ros_workspace/src/install/interfaces/share/interfaces/hook/cmake_prefix_path.dsv'
[6.430s] INFO:colcon.colcon_core.shell:Creating environment hook '/home/henrik/ros_workspace/src/install/interfaces/share/interfaces/hook/cmake_prefix_path.sh'
[6.430s] Level 1:colcon.colcon_core.environment:checking '/home/henrik/ros_workspace/src/install/interfaces/lib'
[6.430s] Level 1:colcon.colcon_core.shell:create_environment_hook('interfaces', 'ld_library_path_lib')
[6.517s] INFO:colcon.colcon_core.shell:Creating environment hook '/home/henrik/ros_workspace/src/install/interfaces/share/interfaces/hook/ld_library_path_lib.ps1'
[6.517s] INFO:colcon.colcon_core.shell:Creating environment descriptor '/home/henrik/ros_workspace/src/install/interfaces/share/interfaces/hook/ld_library_path_lib.dsv'
[6.517s] INFO:colcon.colcon_core.shell:Creating environment hook '/home/henrik/ros_workspace/src/install/interfaces/share/interfaces/hook/ld_library_path_lib.sh'
[6.518s] Level 1:colcon.colcon_core.environment:checking '/home/henrik/ros_workspace/src/install/interfaces/bin'
[6.518s] Level 1:colcon.colcon_core.environment:checking '/home/henrik/ros_workspace/src/install/interfaces/lib/pkgconfig/interfaces.pc'
[6.518s] Level 1:colcon.colcon_core.environment:checking '/home/henrik/ros_workspace/src/install/interfaces/lib/python3.8/site-packages'
[6.518s] Level 1:colcon.colcon_core.shell:create_environment_hook('interfaces', 'pythonpath')
[6.604s] INFO:colcon.colcon_core.shell:Creating environment hook '/home/henrik/ros_workspace/src/install/interfaces/share/interfaces/hook/pythonpath.ps1'
[6.604s] INFO:colcon.colcon_core.shell:Creating environment descriptor '/home/henrik/ros_workspace/src/install/interfaces/share/interfaces/hook/pythonpath.dsv'
[6.605s] INFO:colcon.colcon_core.shell:Creating environment hook '/home/henrik/ros_workspace/src/install/interfaces/share/interfaces/hook/pythonpath.sh'
[6.605s] Level 1:colcon.colcon_core.environment:checking '/home/henrik/ros_workspace/src/install/interfaces/bin'
[6.692s] INFO:colcon.colcon_core.shell:Creating package script '/home/henrik/ros_workspace/src/install/interfaces/share/interfaces/package.ps1'
[6.693s] INFO:colcon.colcon_core.shell:Creating package descriptor '/home/henrik/ros_workspace/src/install/interfaces/share/interfaces/package.dsv'
[6.693s] INFO:colcon.colcon_core.shell:Creating package script '/home/henrik/ros_workspace/src/install/interfaces/share/interfaces/package.sh'
[6.694s] INFO:colcon.colcon_core.shell:Creating package script '/home/henrik/ros_workspace/src/install/interfaces/share/interfaces/package.bash'
[6.694s] INFO:colcon.colcon_core.shell:Creating package script '/home/henrik/ros_workspace/src/install/interfaces/share/interfaces/package.zsh'
[6.695s] Level 1:colcon.colcon_core.environment:create_file_with_runtime_dependencies(/home/henrik/ros_workspace/src/install/interfaces/share/colcon-core/packages/interfaces)
[6.702s] DEBUG:colcon.colcon_core.event_handler.log_command:Invoking command in '/home/henrik/ros_workspace/src/camera_pkg': PYTHONPATH=/home/henrik/ros_workspace/src/build/camera_pkg/prefix_override:/home/henrik/ros_workspace/src/install/camera_pkg/lib/python3.8/site-packages:${PYTHONPATH} /usr/bin/python3 setup.py egg_info --egg-base ../build/camera_pkg build --build-base /home/henrik/ros_workspace/src/build/camera_pkg/build install --record /home/henrik/ros_workspace/src/build/camera_pkg/install.log --install-scripts $base/lib/camera_pkg --single-version-externally-managed
[6.703s] DEBUG:colcon.colcon_core.event_handler.log_command:Invoking command in '/home/henrik/ros_workspace/src/mic_pkg': PYTHONPATH=/home/henrik/ros_workspace/src/build/mic_pkg/prefix_override:/home/henrik/ros_workspace/src/install/mic_pkg/lib/python3.8/site-packages:${PYTHONPATH} /usr/bin/python3 setup.py egg_info --egg-base ../build/mic_pkg build --build-base /home/henrik/ros_workspace/src/build/mic_pkg/build install --record /home/henrik/ros_workspace/src/build/mic_pkg/install.log --install-scripts $base/lib/mic_pkg --single-version-externally-managed
[6.706s] DEBUG:colcon.colcon_core.event_handler.log_command:Invoking command in '/home/henrik/ros_workspace/src/motion_control_pkg': PYTHONPATH=/home/henrik/ros_workspace/src/build/motion_control_pkg/prefix_override:/home/henrik/ros_workspace/src/install/motion_control_pkg/lib/python3.8/site-packages:${PYTHONPATH} /usr/bin/python3 setup.py egg_info --egg-base ../build/motion_control_pkg build --build-base /home/henrik/ros_workspace/src/build/motion_control_pkg/build install --record /home/henrik/ros_workspace/src/build/motion_control_pkg/install.log --install-scripts $base/lib/motion_control_pkg --single-version-externally-managed
[6.781s] Level 1:colcon.colcon_core.environment:create_environment_scripts_only(interfaces)
[6.840s] Level 1:colcon.colcon_core.environment:checking '/home/henrik/ros_workspace/src/install/interfaces' for CMake module files
[6.841s] Level 1:colcon.colcon_core.environment:checking '/home/henrik/ros_workspace/src/install/interfaces' for CMake config files
[6.842s] Level 1:colcon.colcon_core.shell:create_environment_hook('interfaces', 'cmake_prefix_path')
[6.895s] INFO:colcon.colcon_core.shell:Creating environment hook '/home/henrik/ros_workspace/src/install/interfaces/share/interfaces/hook/cmake_prefix_path.ps1'
[6.895s] INFO:colcon.colcon_core.shell:Creating environment descriptor '/home/henrik/ros_workspace/src/install/interfaces/share/interfaces/hook/cmake_prefix_path.dsv'
[6.896s] INFO:colcon.colcon_core.shell:Creating environment hook '/home/henrik/ros_workspace/src/install/interfaces/share/interfaces/hook/cmake_prefix_path.sh'
[6.896s] Level 1:colcon.colcon_core.environment:checking '/home/henrik/ros_workspace/src/install/interfaces/lib'
[6.896s] Level 1:colcon.colcon_core.shell:create_environment_hook('interfaces', 'ld_library_path_lib')
[6.948s] INFO:colcon.colcon_core.shell:Creating environment hook '/home/henrik/ros_workspace/src/install/interfaces/share/interfaces/hook/ld_library_path_lib.ps1'
[6.949s] INFO:colcon.colcon_core.shell:Creating environment descriptor '/home/henrik/ros_workspace/src/install/interfaces/share/interfaces/hook/ld_library_path_lib.dsv'
[6.949s] INFO:colcon.colcon_core.shell:Creating environment hook '/home/henrik/ros_workspace/src/install/interfaces/share/interfaces/hook/ld_library_path_lib.sh'
[6.949s] Level 1:colcon.colcon_core.environment:checking '/home/henrik/ros_workspace/src/install/interfaces/bin'
[6.949s] Level 1:colcon.colcon_core.environment:checking '/home/henrik/ros_workspace/src/install/interfaces/lib/pkgconfig/interfaces.pc'
[6.949s] Level 1:colcon.colcon_core.environment:checking '/home/henrik/ros_workspace/src/install/interfaces/lib/python3.8/site-packages'
[6.949s] Level 1:colcon.colcon_core.shell:create_environment_hook('interfaces', 'pythonpath')
[7.001s] INFO:colcon.colcon_core.shell:Creating environment hook '/home/henrik/ros_workspace/src/install/interfaces/share/interfaces/hook/pythonpath.ps1'
[7.001s] INFO:colcon.colcon_core.shell:Creating environment descriptor '/home/henrik/ros_workspace/src/install/interfaces/share/interfaces/hook/pythonpath.dsv'
[7.001s] INFO:colcon.colcon_core.shell:Creating environment hook '/home/henrik/ros_workspace/src/install/interfaces/share/interfaces/hook/pythonpath.sh'
[7.001s] Level 1:colcon.colcon_core.environment:checking '/home/henrik/ros_workspace/src/install/interfaces/bin'
[7.053s] INFO:colcon.colcon_core.shell:Creating package script '/home/henrik/ros_workspace/src/install/interfaces/share/interfaces/package.ps1'
[7.054s] INFO:colcon.colcon_core.shell:Creating package descriptor '/home/henrik/ros_workspace/src/install/interfaces/share/interfaces/package.dsv'
[7.054s] INFO:colcon.colcon_core.shell:Creating package script '/home/henrik/ros_workspace/src/install/interfaces/share/interfaces/package.sh'
[7.054s] INFO:colcon.colcon_core.shell:Creating package script '/home/henrik/ros_workspace/src/install/interfaces/share/interfaces/package.bash'
[7.054s] INFO:colcon.colcon_core.shell:Creating package script '/home/henrik/ros_workspace/src/install/interfaces/share/interfaces/package.zsh'
[7.054s] Level 1:colcon.colcon_core.environment:create_file_with_runtime_dependencies(/home/henrik/ros_workspace/src/install/interfaces/share/colcon-core/packages/interfaces)
[7.056s] DEBUG:colcon.colcon_core.event_handler.log_command:Invoked command in '/home/henrik/ros_workspace/src/camera_pkg' returned '0': PYTHONPATH=/home/henrik/ros_workspace/src/build/camera_pkg/prefix_override:/home/henrik/ros_workspace/src/install/camera_pkg/lib/python3.8/site-packages:${PYTHONPATH} /usr/bin/python3 setup.py egg_info --egg-base ../build/camera_pkg build --build-base /home/henrik/ros_workspace/src/build/camera_pkg/build install --record /home/henrik/ros_workspace/src/build/camera_pkg/install.log --install-scripts $base/lib/camera_pkg --single-version-externally-managed
[7.107s] Level 1:colcon.colcon_core.environment:checking '/home/henrik/ros_workspace/src/install/camera_pkg' for CMake module files
[7.107s] Level 1:colcon.colcon_core.environment:checking '/home/henrik/ros_workspace/src/install/camera_pkg' for CMake config files
[7.107s] Level 1:colcon.colcon_core.environment:checking '/home/henrik/ros_workspace/src/install/camera_pkg/lib'
[7.107s] Level 1:colcon.colcon_core.environment:checking '/home/henrik/ros_workspace/src/install/camera_pkg/bin'
[7.108s] Level 1:colcon.colcon_core.environment:checking '/home/henrik/ros_workspace/src/install/camera_pkg/lib/pkgconfig/camera_pkg.pc'
[7.108s] Level 1:colcon.colcon_core.environment:checking '/home/henrik/ros_workspace/src/install/camera_pkg/lib/python3.8/site-packages'
[7.108s] Level 1:colcon.colcon_core.shell:create_environment_hook('camera_pkg', 'pythonpath')
[7.159s] INFO:colcon.colcon_core.shell:Creating environment hook '/home/henrik/ros_workspace/src/install/camera_pkg/share/camera_pkg/hook/pythonpath.ps1'
[7.160s] INFO:colcon.colcon_core.shell:Creating environment descriptor '/home/henrik/ros_workspace/src/install/camera_pkg/share/camera_pkg/hook/pythonpath.dsv'
[7.160s] INFO:colcon.colcon_core.shell:Creating environment hook '/home/henrik/ros_workspace/src/install/camera_pkg/share/camera_pkg/hook/pythonpath.sh'
[7.160s] Level 1:colcon.colcon_core.environment:checking '/home/henrik/ros_workspace/src/install/camera_pkg/bin'
[7.160s] Level 1:colcon.colcon_core.environment:create_environment_scripts_only(camera_pkg)
[7.211s] INFO:colcon.colcon_core.shell:Creating package script '/home/henrik/ros_workspace/src/install/camera_pkg/share/camera_pkg/package.ps1'
[7.211s] INFO:colcon.colcon_core.shell:Creating package descriptor '/home/henrik/ros_workspace/src/install/camera_pkg/share/camera_pkg/package.dsv'
[7.212s] INFO:colcon.colcon_core.shell:Creating package script '/home/henrik/ros_workspace/src/install/camera_pkg/share/camera_pkg/package.sh'
[7.212s] INFO:colcon.colcon_core.shell:Creating package script '/home/henrik/ros_workspace/src/install/camera_pkg/share/camera_pkg/package.bash'
[7.212s] INFO:colcon.colcon_core.shell:Creating package script '/home/henrik/ros_workspace/src/install/camera_pkg/share/camera_pkg/package.zsh'
[7.212s] Level 1:colcon.colcon_core.environment:create_file_with_runtime_dependencies(/home/henrik/ros_workspace/src/install/camera_pkg/share/colcon-core/packages/camera_pkg)
[7.213s] DEBUG:colcon.colcon_core.event_handler.log_command:Invoked command in '/home/henrik/ros_workspace/src/mic_pkg' returned '0': PYTHONPATH=/home/henrik/ros_workspace/src/build/mic_pkg/prefix_override:/home/henrik/ros_workspace/src/install/mic_pkg/lib/python3.8/site-packages:${PYTHONPATH} /usr/bin/python3 setup.py egg_info --egg-base ../build/mic_pkg build --build-base /home/henrik/ros_workspace/src/build/mic_pkg/build install --record /home/henrik/ros_workspace/src/build/mic_pkg/install.log --install-scripts $base/lib/mic_pkg --single-version-externally-managed
[7.265s] Level 1:colcon.colcon_core.environment:checking '/home/henrik/ros_workspace/src/install/mic_pkg' for CMake module files
[7.265s] Level 1:colcon.colcon_core.environment:checking '/home/henrik/ros_workspace/src/install/mic_pkg' for CMake config files
[7.265s] Level 1:colcon.colcon_core.environment:checking '/home/henrik/ros_workspace/src/install/mic_pkg/lib'
[7.265s] Level 1:colcon.colcon_core.environment:checking '/home/henrik/ros_workspace/src/install/mic_pkg/bin'
[7.265s] Level 1:colcon.colcon_core.environment:checking '/home/henrik/ros_workspace/src/install/mic_pkg/lib/pkgconfig/mic_pkg.pc'
[7.265s] Level 1:colcon.colcon_core.environment:checking '/home/henrik/ros_workspace/src/install/mic_pkg/lib/python3.8/site-packages'
[7.265s] Level 1:colcon.colcon_core.shell:create_environment_hook('mic_pkg', 'pythonpath')
[7.317s] INFO:colcon.colcon_core.shell:Creating environment hook '/home/henrik/ros_workspace/src/install/mic_pkg/share/mic_pkg/hook/pythonpath.ps1'
[7.318s] INFO:colcon.colcon_core.shell:Creating environment descriptor '/home/henrik/ros_workspace/src/install/mic_pkg/share/mic_pkg/hook/pythonpath.dsv'
[7.318s] INFO:colcon.colcon_core.shell:Creating environment hook '/home/henrik/ros_workspace/src/install/mic_pkg/share/mic_pkg/hook/pythonpath.sh'
[7.318s] Level 1:colcon.colcon_core.environment:checking '/home/henrik/ros_workspace/src/install/mic_pkg/bin'
[7.318s] Level 1:colcon.colcon_core.environment:create_environment_scripts_only(mic_pkg)
[7.370s] INFO:colcon.colcon_core.shell:Creating package script '/home/henrik/ros_workspace/src/install/mic_pkg/share/mic_pkg/package.ps1'
[7.370s] INFO:colcon.colcon_core.shell:Creating package descriptor '/home/henrik/ros_workspace/src/install/mic_pkg/share/mic_pkg/package.dsv'
[7.371s] INFO:colcon.colcon_core.shell:Creating package script '/home/henrik/ros_workspace/src/install/mic_pkg/share/mic_pkg/package.sh'
[7.371s] INFO:colcon.colcon_core.shell:Creating package script '/home/henrik/ros_workspace/src/install/mic_pkg/share/mic_pkg/package.bash'
[7.371s] INFO:colcon.colcon_core.shell:Creating package script '/home/henrik/ros_workspace/src/install/mic_pkg/share/mic_pkg/package.zsh'
[7.371s] Level 1:colcon.colcon_core.environment:create_file_with_runtime_dependencies(/home/henrik/ros_workspace/src/install/mic_pkg/share/colcon-core/packages/mic_pkg)
[7.372s] DEBUG:colcon.colcon_core.event_handler.log_command:Invoked command in '/home/henrik/ros_workspace/src/motion_control_pkg' returned '1': PYTHONPATH=/home/henrik/ros_workspace/src/build/motion_control_pkg/prefix_override:/home/henrik/ros_workspace/src/install/motion_control_pkg/lib/python3.8/site-packages:${PYTHONPATH} /usr/bin/python3 setup.py egg_info --egg-base ../build/motion_control_pkg build --build-base /home/henrik/ros_workspace/src/build/motion_control_pkg/build install --record /home/henrik/ros_workspace/src/build/motion_control_pkg/install.log --install-scripts $base/lib/motion_control_pkg --single-version-externally-managed
[7.381s] DEBUG:colcon.colcon_parallel_executor.executor.parallel:closing loop
[7.381s] DEBUG:colcon.colcon_parallel_executor.executor.parallel:loop closed
[7.381s] DEBUG:colcon.colcon_parallel_executor.executor.parallel:run_until_complete finished with '1'
[7.381s] DEBUG:colcon.colcon_core.event_reactor:joining thread
[7.473s] INFO:colcon.colcon_core.plugin_system:Skipping extension 'colcon_notification.desktop_notification.terminal_notifier': Not used on non-Darwin systems
[7.473s] INFO:colcon.colcon_core.plugin_system:Skipping extension 'colcon_notification.desktop_notification.win32': Not used on non-Windows systems
[7.473s] INFO:colcon.colcon_notification.desktop_notification:Sending desktop notification using 'notify2'
[7.487s] DEBUG:colcon.colcon_core.event_reactor:joined thread
[7.537s] INFO:colcon.colcon_core.shell:Creating prefix script '/home/henrik/ros_workspace/src/install/local_setup.ps1'
[7.538s] INFO:colcon.colcon_core.shell:Creating prefix util module '/home/henrik/ros_workspace/src/install/_local_setup_util_ps1.py'
[7.538s] INFO:colcon.colcon_core.shell:Creating prefix chain script '/home/henrik/ros_workspace/src/install/setup.ps1'
[7.590s] INFO:colcon.colcon_core.shell:Creating prefix script '/home/henrik/ros_workspace/src/install/local_setup.sh'
[7.590s] INFO:colcon.colcon_core.shell:Creating prefix util module '/home/henrik/ros_workspace/src/install/_local_setup_util_sh.py'
[7.590s] INFO:colcon.colcon_core.shell:Creating prefix chain script '/home/henrik/ros_workspace/src/install/setup.sh'
[7.642s] INFO:colcon.colcon_core.shell:Creating prefix script '/home/henrik/ros_workspace/src/install/local_setup.bash'
[7.643s] INFO:colcon.colcon_core.shell:Creating prefix chain script '/home/henrik/ros_workspace/src/install/setup.bash'
[7.695s] INFO:colcon.colcon_core.shell:Creating prefix script '/home/henrik/ros_workspace/src/install/local_setup.zsh'
[7.695s] INFO:colcon.colcon_core.shell:Creating prefix chain script '/home/henrik/ros_workspace/src/install/setup.zsh'
