[2.052s] Invoking command in '/home/henrik/ros_workspace/src/mic_pkg': PYTHONPATH=/home/henrik/ros_workspace/build/mic_pkg/prefix_override:/home/henrik/ros_workspace/install/mic_pkg/lib/python3.8/site-packages:${PYTHONPATH} /usr/bin/python3 setup.py egg_info --egg-base ../../build/mic_pkg build --build-base /home/henrik/ros_workspace/build/mic_pkg/build install --record /home/henrik/ros_workspace/build/mic_pkg/install.log --install-scripts $base/lib/mic_pkg --single-version-externally-managed
[2.165s] running egg_info
[2.166s] writing ../../build/mic_pkg/mic_pkg.egg-info/PKG-INFO
[2.166s] writing dependency_links to ../../build/mic_pkg/mic_pkg.egg-info/dependency_links.txt
[2.167s] writing entry points to ../../build/mic_pkg/mic_pkg.egg-info/entry_points.txt
[2.167s] writing requirements to ../../build/mic_pkg/mic_pkg.egg-info/requires.txt
[2.168s] writing top-level names to ../../build/mic_pkg/mic_pkg.egg-info/top_level.txt
[2.188s] reading manifest file '../../build/mic_pkg/mic_pkg.egg-info/SOURCES.txt'
[2.188s] writing manifest file '../../build/mic_pkg/mic_pkg.egg-info/SOURCES.txt'
[2.188s] running build
[2.188s] running build_py
[2.188s] copying mic_pkg/mic_node.py -> /home/henrik/ros_workspace/build/mic_pkg/build/lib/mic_pkg
[2.188s] running install
[2.189s] running install_lib
[2.189s] copying /home/henrik/ros_workspace/build/mic_pkg/build/lib/mic_pkg/mic_node.py -> /home/henrik/ros_workspace/install/mic_pkg/lib/python3.8/site-packages/mic_pkg
[2.189s] byte-compiling /home/henrik/ros_workspace/install/mic_pkg/lib/python3.8/site-packages/mic_pkg/mic_node.py to mic_node.cpython-38.pyc
[2.189s] running install_data
[2.189s] running install_egg_info
[2.189s] removing '/home/henrik/ros_workspace/install/mic_pkg/lib/python3.8/site-packages/mic_pkg-0.0.0-py3.8.egg-info' (and everything under it)
[2.189s] Copying ../../build/mic_pkg/mic_pkg.egg-info to /home/henrik/ros_workspace/install/mic_pkg/lib/python3.8/site-packages/mic_pkg-0.0.0-py3.8.egg-info
[2.189s] running install_scripts
[2.197s] Installing mic_node script to /home/henrik/ros_workspace/install/mic_pkg/lib/mic_pkg
[2.197s] writing list of installed files to '/home/henrik/ros_workspace/build/mic_pkg/install.log'
[2.721s] Invoked command in '/home/henrik/ros_workspace/src/mic_pkg' returned '0': PYTHONPATH=/home/henrik/ros_workspace/build/mic_pkg/prefix_override:/home/henrik/ros_workspace/install/mic_pkg/lib/python3.8/site-packages:${PYTHONPATH} /usr/bin/python3 setup.py egg_info --egg-base ../../build/mic_pkg build --build-base /home/henrik/ros_workspace/build/mic_pkg/build install --record /home/henrik/ros_workspace/build/mic_pkg/install.log --install-scripts $base/lib/mic_pkg --single-version-externally-managed
