[0.476s] Invoking command in '/home/henrik/ros_workspace/build/interfaces': CMAKE_PREFIX_PATH=${CMAKE_PREFIX_PATH}:/home/henrik/ros_workspace/install/mic_pkg:/opt/ros/foxy /usr/bin/cmake --build /home/henrik/ros_workspace/build/interfaces -- -j20 -l20
[0.503s] [  3%] Built target interfaces__cpp
[0.503s] [ 12%] Built target interfaces__rosidl_generator_c
[0.515s] [ 29%] Built target interfaces__rosidl_typesupport_introspection_cpp
[0.515s] [ 32%] Built target interfaces__rosidl_typesupport_cpp
[0.517s] [ 41%] Built target interfaces__rosidl_typesupport_fastrtps_cpp
[0.527s] [ 58%] Built target interfaces__rosidl_typesupport_introspection_c
[0.527s] [ 61%] Built target interfaces__rosidl_typesupport_c
[0.530s] [ 70%] Built target interfaces__rosidl_typesupport_fastrtps_c
[0.541s] [ 70%] Built target interfaces
[0.552s] [ 74%] Built target interfaces__py
[0.565s] [ 80%] Built target interfaces__python
[0.580s] [100%] Built target interfaces__rosidl_typesupport_c__pyext
[0.580s] [100%] Built target interfaces__rosidl_typesupport_introspection_c__pyext
[0.580s] [100%] Built target interfaces__rosidl_typesupport_fastrtps_c__pyext
[0.810s] Invoked command in '/home/henrik/ros_workspace/build/interfaces' returned '0': CMAKE_PREFIX_PATH=${CMAKE_PREFIX_PATH}:/home/henrik/ros_workspace/install/mic_pkg:/opt/ros/foxy /usr/bin/cmake --build /home/henrik/ros_workspace/build/interfaces -- -j20 -l20
[0.840s] Invoking command in '/home/henrik/ros_workspace/build/interfaces': CMAKE_PREFIX_PATH=${CMAKE_PREFIX_PATH}:/home/henrik/ros_workspace/install/mic_pkg:/opt/ros/foxy /usr/bin/cmake --install /home/henrik/ros_workspace/build/interfaces
[0.845s] -- Install configuration: ""
[0.845s] -- Up-to-date: /home/henrik/ros_workspace/install/interfaces/share/ament_index/resource_index/rosidl_interfaces/interfaces
[0.845s] -- Up-to-date: /home/henrik/ros_workspace/install/interfaces/include/interfaces
[0.845s] -- Up-to-date: /home/henrik/ros_workspace/install/interfaces/include/interfaces/msg
[0.846s] -- Up-to-date: /home/henrik/ros_workspace/install/interfaces/include/interfaces/msg/rosidl_generator_c__visibility_control.h
[0.846s] -- Up-to-date: /home/henrik/ros_workspace/install/interfaces/include/interfaces/msg/robot_status.h
[0.846s] -- Up-to-date: /home/henrik/ros_workspace/install/interfaces/include/interfaces/msg/detail
[0.846s] -- Up-to-date: /home/henrik/ros_workspace/install/interfaces/include/interfaces/msg/detail/robot_status__functions.h
[0.846s] -- Up-to-date: /home/henrik/ros_workspace/install/interfaces/include/interfaces/msg/detail/robot_status__type_support.h
[0.846s] -- Up-to-date: /home/henrik/ros_workspace/install/interfaces/include/interfaces/msg/detail/robot_status__functions.c
[0.846s] -- Up-to-date: /home/henrik/ros_workspace/install/interfaces/include/interfaces/msg/detail/robot_status__struct.h
[0.846s] -- Up-to-date: /home/henrik/ros_workspace/install/interfaces/share/interfaces/environment/library_path.sh
[0.846s] -- Up-to-date: /home/henrik/ros_workspace/install/interfaces/share/interfaces/environment/library_path.dsv
[0.846s] -- Up-to-date: /home/henrik/ros_workspace/install/interfaces/lib/libinterfaces__rosidl_generator_c.so
[0.846s] -- Up-to-date: /home/henrik/ros_workspace/install/interfaces/include/interfaces
[0.846s] -- Up-to-date: /home/henrik/ros_workspace/install/interfaces/include/interfaces/msg
[0.846s] -- Up-to-date: /home/henrik/ros_workspace/install/interfaces/include/interfaces/msg/rosidl_typesupport_fastrtps_c__visibility_control.h
[0.847s] -- Up-to-date: /home/henrik/ros_workspace/install/interfaces/include/interfaces/msg/detail
[0.847s] -- Up-to-date: /home/henrik/ros_workspace/install/interfaces/include/interfaces/msg/detail/robot_status__rosidl_typesupport_fastrtps_c.h
[0.847s] -- Up-to-date: /home/henrik/ros_workspace/install/interfaces/lib/libinterfaces__rosidl_typesupport_fastrtps_c.so
[0.847s] -- Up-to-date: /home/henrik/ros_workspace/install/interfaces/include/interfaces
[0.847s] -- Up-to-date: /home/henrik/ros_workspace/install/interfaces/include/interfaces/msg
[0.847s] -- Up-to-date: /home/henrik/ros_workspace/install/interfaces/include/interfaces/msg/rosidl_typesupport_fastrtps_cpp__visibility_control.h
[0.847s] -- Up-to-date: /home/henrik/ros_workspace/install/interfaces/include/interfaces/msg/detail
[0.847s] -- Up-to-date: /home/henrik/ros_workspace/install/interfaces/include/interfaces/msg/detail/robot_status__rosidl_typesupport_fastrtps_cpp.hpp
[0.847s] -- Up-to-date: /home/henrik/ros_workspace/install/interfaces/include/interfaces/msg/detail/dds_fastrtps
[0.847s] -- Up-to-date: /home/henrik/ros_workspace/install/interfaces/lib/libinterfaces__rosidl_typesupport_fastrtps_cpp.so
[0.847s] -- Up-to-date: /home/henrik/ros_workspace/install/interfaces/include/interfaces
[0.847s] -- Up-to-date: /home/henrik/ros_workspace/install/interfaces/include/interfaces/msg
[0.847s] -- Up-to-date: /home/henrik/ros_workspace/install/interfaces/include/interfaces/msg/rosidl_typesupport_introspection_c__visibility_control.h
[0.847s] -- Up-to-date: /home/henrik/ros_workspace/install/interfaces/include/interfaces/msg/detail
[0.847s] -- Up-to-date: /home/henrik/ros_workspace/install/interfaces/include/interfaces/msg/detail/robot_status__rosidl_typesupport_introspection_c.h
[0.847s] -- Up-to-date: /home/henrik/ros_workspace/install/interfaces/include/interfaces/msg/detail/robot_status__type_support.c
[0.847s] -- Up-to-date: /home/henrik/ros_workspace/install/interfaces/lib/libinterfaces__rosidl_typesupport_introspection_c.so
[0.847s] -- Up-to-date: /home/henrik/ros_workspace/install/interfaces/lib/libinterfaces__rosidl_typesupport_c.so
[0.848s] -- Up-to-date: /home/henrik/ros_workspace/install/interfaces/include/interfaces
[0.848s] -- Up-to-date: /home/henrik/ros_workspace/install/interfaces/include/interfaces/msg
[0.848s] -- Up-to-date: /home/henrik/ros_workspace/install/interfaces/include/interfaces/msg/robot_status.hpp
[0.848s] -- Up-to-date: /home/henrik/ros_workspace/install/interfaces/include/interfaces/msg/detail
[0.848s] -- Up-to-date: /home/henrik/ros_workspace/install/interfaces/include/interfaces/msg/detail/robot_status__type_support.hpp
[0.848s] -- Up-to-date: /home/henrik/ros_workspace/install/interfaces/include/interfaces/msg/detail/robot_status__struct.hpp
[0.848s] -- Up-to-date: /home/henrik/ros_workspace/install/interfaces/include/interfaces/msg/detail/robot_status__traits.hpp
[0.848s] -- Up-to-date: /home/henrik/ros_workspace/install/interfaces/include/interfaces/msg/detail/robot_status__builder.hpp
[0.848s] -- Up-to-date: /home/henrik/ros_workspace/install/interfaces/include/interfaces/msg/rosidl_generator_cpp__visibility_control.hpp
[0.848s] -- Up-to-date: /home/henrik/ros_workspace/install/interfaces/include/interfaces
[0.848s] -- Up-to-date: /home/henrik/ros_workspace/install/interfaces/include/interfaces/msg
[0.848s] -- Up-to-date: /home/henrik/ros_workspace/install/interfaces/include/interfaces/msg/detail
[0.848s] -- Up-to-date: /home/henrik/ros_workspace/install/interfaces/include/interfaces/msg/detail/robot_status__rosidl_typesupport_introspection_cpp.hpp
[0.848s] -- Up-to-date: /home/henrik/ros_workspace/install/interfaces/include/interfaces/msg/detail/robot_status__type_support.cpp
[0.848s] -- Up-to-date: /home/henrik/ros_workspace/install/interfaces/lib/libinterfaces__rosidl_typesupport_introspection_cpp.so
[0.848s] -- Up-to-date: /home/henrik/ros_workspace/install/interfaces/lib/libinterfaces__rosidl_typesupport_cpp.so
[0.848s] -- Up-to-date: /home/henrik/ros_workspace/install/interfaces/share/interfaces/environment/pythonpath.sh
[0.848s] -- Up-to-date: /home/henrik/ros_workspace/install/interfaces/share/interfaces/environment/pythonpath.dsv
[0.849s] -- Up-to-date: /home/henrik/ros_workspace/install/interfaces/lib/python3.8/site-packages/interfaces/__init__.py
[0.865s] -- Up-to-date: /home/henrik/ros_workspace/install/interfaces/lib/python3.8/site-packages/interfaces/msg
[0.865s] -- Up-to-date: /home/henrik/ros_workspace/install/interfaces/lib/python3.8/site-packages/interfaces/msg/__init__.py
[0.865s] -- Up-to-date: /home/henrik/ros_workspace/install/interfaces/lib/python3.8/site-packages/interfaces/msg/_robot_status.py
[0.865s] -- Up-to-date: /home/henrik/ros_workspace/install/interfaces/lib/python3.8/site-packages/interfaces/msg/_robot_status_s.c
[0.865s] -- Up-to-date: /home/henrik/ros_workspace/install/interfaces/lib/python3.8/site-packages/interfaces/interfaces_s__rosidl_typesupport_fastrtps_c.cpython-38-x86_64-linux-gnu.so
[0.866s] -- Up-to-date: /home/henrik/ros_workspace/install/interfaces/lib/python3.8/site-packages/interfaces/interfaces_s__rosidl_typesupport_introspection_c.cpython-38-x86_64-linux-gnu.so
[0.866s] -- Up-to-date: /home/henrik/ros_workspace/install/interfaces/lib/python3.8/site-packages/interfaces/interfaces_s__rosidl_typesupport_c.cpython-38-x86_64-linux-gnu.so
[0.866s] -- Up-to-date: /home/henrik/ros_workspace/install/interfaces/lib/libinterfaces__python.so
[0.866s] -- Up-to-date: /home/henrik/ros_workspace/install/interfaces/share/interfaces/msg/RobotStatus.idl
[0.866s] -- Up-to-date: /home/henrik/ros_workspace/install/interfaces/share/interfaces/msg/RobotStatus.msg
[0.866s] -- Up-to-date: /home/henrik/ros_workspace/install/interfaces/share/ament_index/resource_index/package_run_dependencies/interfaces
[0.866s] -- Up-to-date: /home/henrik/ros_workspace/install/interfaces/share/ament_index/resource_index/parent_prefix_path/interfaces
[0.866s] -- Up-to-date: /home/henrik/ros_workspace/install/interfaces/share/interfaces/environment/ament_prefix_path.sh
[0.866s] -- Up-to-date: /home/henrik/ros_workspace/install/interfaces/share/interfaces/environment/ament_prefix_path.dsv
[0.867s] -- Up-to-date: /home/henrik/ros_workspace/install/interfaces/share/interfaces/environment/path.sh
[0.867s] -- Up-to-date: /home/henrik/ros_workspace/install/interfaces/share/interfaces/environment/path.dsv
[0.867s] -- Up-to-date: /home/henrik/ros_workspace/install/interfaces/share/interfaces/local_setup.bash
[0.867s] -- Up-to-date: /home/henrik/ros_workspace/install/interfaces/share/interfaces/local_setup.sh
[0.867s] -- Up-to-date: /home/henrik/ros_workspace/install/interfaces/share/interfaces/local_setup.zsh
[0.867s] -- Up-to-date: /home/henrik/ros_workspace/install/interfaces/share/interfaces/local_setup.dsv
[0.867s] -- Installing: /home/henrik/ros_workspace/install/interfaces/share/interfaces/package.dsv
[0.867s] -- Up-to-date: /home/henrik/ros_workspace/install/interfaces/share/ament_index/resource_index/packages/interfaces
[0.867s] -- Up-to-date: /home/henrik/ros_workspace/install/interfaces/share/interfaces/cmake/interfaces__rosidl_generator_cExport.cmake
[0.867s] -- Up-to-date: /home/henrik/ros_workspace/install/interfaces/share/interfaces/cmake/interfaces__rosidl_generator_cExport-noconfig.cmake
[0.867s] -- Up-to-date: /home/henrik/ros_workspace/install/interfaces/share/interfaces/cmake/interfaces__rosidl_typesupport_introspection_cExport.cmake
[0.867s] -- Up-to-date: /home/henrik/ros_workspace/install/interfaces/share/interfaces/cmake/interfaces__rosidl_typesupport_introspection_cExport-noconfig.cmake
[0.867s] -- Up-to-date: /home/henrik/ros_workspace/install/interfaces/share/interfaces/cmake/interfaces__rosidl_typesupport_cExport.cmake
[0.867s] -- Up-to-date: /home/henrik/ros_workspace/install/interfaces/share/interfaces/cmake/interfaces__rosidl_typesupport_cExport-noconfig.cmake
[0.867s] -- Up-to-date: /home/henrik/ros_workspace/install/interfaces/share/interfaces/cmake/interfaces__rosidl_generator_cppExport.cmake
[0.867s] -- Up-to-date: /home/henrik/ros_workspace/install/interfaces/share/interfaces/cmake/interfaces__rosidl_typesupport_introspection_cppExport.cmake
[0.868s] -- Up-to-date: /home/henrik/ros_workspace/install/interfaces/share/interfaces/cmake/interfaces__rosidl_typesupport_introspection_cppExport-noconfig.cmake
[0.868s] -- Up-to-date: /home/henrik/ros_workspace/install/interfaces/share/interfaces/cmake/interfaces__rosidl_typesupport_cppExport.cmake
[0.868s] -- Up-to-date: /home/henrik/ros_workspace/install/interfaces/share/interfaces/cmake/interfaces__rosidl_typesupport_cppExport-noconfig.cmake
[0.868s] -- Up-to-date: /home/henrik/ros_workspace/install/interfaces/share/interfaces/cmake/rosidl_cmake-extras.cmake
[0.868s] -- Up-to-date: /home/henrik/ros_workspace/install/interfaces/share/interfaces/cmake/ament_cmake_export_dependencies-extras.cmake
[0.868s] -- Up-to-date: /home/henrik/ros_workspace/install/interfaces/share/interfaces/cmake/ament_cmake_export_libraries-extras.cmake
[0.868s] -- Up-to-date: /home/henrik/ros_workspace/install/interfaces/share/interfaces/cmake/ament_cmake_export_targets-extras.cmake
[0.868s] -- Up-to-date: /home/henrik/ros_workspace/install/interfaces/share/interfaces/cmake/ament_cmake_export_include_directories-extras.cmake
[0.868s] -- Up-to-date: /home/henrik/ros_workspace/install/interfaces/share/interfaces/cmake/rosidl_cmake_export_typesupport_libraries-extras.cmake
[0.868s] -- Up-to-date: /home/henrik/ros_workspace/install/interfaces/share/interfaces/cmake/rosidl_cmake_export_typesupport_targets-extras.cmake
[0.869s] -- Up-to-date: /home/henrik/ros_workspace/install/interfaces/share/interfaces/cmake/interfacesConfig.cmake
[0.869s] -- Up-to-date: /home/henrik/ros_workspace/install/interfaces/share/interfaces/cmake/interfacesConfig-version.cmake
[0.869s] -- Up-to-date: /home/henrik/ros_workspace/install/interfaces/share/interfaces/package.xml
[0.869s] Invoked command in '/home/henrik/ros_workspace/build/interfaces' returned '0': CMAKE_PREFIX_PATH=${CMAKE_PREFIX_PATH}:/home/henrik/ros_workspace/install/mic_pkg:/opt/ros/foxy /usr/bin/cmake --install /home/henrik/ros_workspace/build/interfaces
