[2.787s] DEBUG:colcon:Command line arguments: ['/usr/bin/colcon', 'build']
[2.787s] DEBUG:colcon:Parsed command line arguments: Namespace(allow_overriding=[], ament_cmake_args=None, base_paths=['.'], build_base='build', catkin_cmake_args=None, catkin_skip_building_tests=False, cmake_args=None, cmake_clean_cache=False, cmake_clean_first=False, cmake_force_configure=False, cmake_target=None, cmake_target_skip_unavailable=False, continue_on_error=False, event_handlers=None, executor='parallel', ignore_user_meta=False, install_base='install', log_base=None, log_level=None, main=<bound method BuildVerb.main of <colcon_core.verb.build.BuildVerb object at 0x7f317d551760>>, merge_install=False, metas=['./colcon.meta'], packages_above=None, packages_above_and_dependencies=None, packages_above_depth=None, packages_end=None, packages_ignore=None, packages_ignore_regex=None, packages_select=None, packages_select_build_failed=False, packages_select_by_dep=None, packages_select_regex=None, packages_select_test_failures=False, packages_skip=None, packages_skip_build_finished=False, packages_skip_by_dep=None, packages_skip_regex=None, packages_skip_test_passed=False, packages_skip_up_to=None, packages_start=None, packages_up_to=None, packages_up_to_regex=None, parallel_workers=20, paths=None, symlink_install=False, test_result_base=None, verb_extension=<colcon_core.verb.build.BuildVerb object at 0x7f317d551760>, verb_name='build', verb_parser=<colcon_defaults.argument_parser.defaults.DefaultArgumentsDecorator object at 0x7f317d1ffa30>)
[2.898s] Level 1:colcon.colcon_core.package_discovery:discover_packages(colcon_meta) check parameters
[2.899s] Level 1:colcon.colcon_core.package_discovery:discover_packages(recursive) check parameters
[2.899s] Level 1:colcon.colcon_core.package_discovery:discover_packages(ignore) check parameters
[2.899s] Level 1:colcon.colcon_core.package_discovery:discover_packages(path) check parameters
[2.899s] Level 1:colcon.colcon_core.package_discovery:discover_packages(colcon_meta) discover
[2.899s] Level 1:colcon.colcon_core.package_discovery:discover_packages(recursive) discover
[2.899s] INFO:colcon.colcon_core.package_discovery:Crawling recursively for packages in '/home/henrik/ros_workspace'
[2.899s] Level 1:colcon.colcon_core.package_identification:_identify(.) by extensions ['ignore', 'ignore_ament_install']
[2.899s] Level 1:colcon.colcon_core.package_identification:_identify(.) by extension 'ignore'
[2.899s] Level 1:colcon.colcon_core.package_identification:_identify(.) by extension 'ignore_ament_install'
[2.899s] Level 1:colcon.colcon_core.package_identification:_identify(.) by extensions ['colcon_pkg']
[2.899s] Level 1:colcon.colcon_core.package_identification:_identify(.) by extension 'colcon_pkg'
[2.899s] Level 1:colcon.colcon_core.package_identification:_identify(.) by extensions ['colcon_meta']
[2.899s] Level 1:colcon.colcon_core.package_identification:_identify(.) by extension 'colcon_meta'
[2.899s] Level 1:colcon.colcon_core.package_identification:_identify(.) by extensions ['ros']
[2.899s] Level 1:colcon.colcon_core.package_identification:_identify(.) by extension 'ros'
[2.905s] Level 1:colcon.colcon_core.package_identification:_identify(.) by extensions ['cmake', 'python']
[2.905s] Level 1:colcon.colcon_core.package_identification:_identify(.) by extension 'cmake'
[2.905s] Level 1:colcon.colcon_core.package_identification:_identify(.) by extension 'python'
[2.905s] Level 1:colcon.colcon_core.package_identification:_identify(.) by extensions ['python_setup_py']
[2.905s] Level 1:colcon.colcon_core.package_identification:_identify(.) by extension 'python_setup_py'
[2.905s] Level 1:colcon.colcon_core.package_identification:_identify(build) by extensions ['ignore', 'ignore_ament_install']
[2.905s] Level 1:colcon.colcon_core.package_identification:_identify(build) by extension 'ignore'
[2.905s] Level 1:colcon.colcon_core.package_identification:_identify(build) ignored
[2.905s] Level 1:colcon.colcon_core.package_identification:_identify(install) by extensions ['ignore', 'ignore_ament_install']
[2.905s] Level 1:colcon.colcon_core.package_identification:_identify(install) by extension 'ignore'
[2.905s] Level 1:colcon.colcon_core.package_identification:_identify(install) ignored
[2.905s] Level 1:colcon.colcon_core.package_identification:_identify(log) by extensions ['ignore', 'ignore_ament_install']
[2.905s] Level 1:colcon.colcon_core.package_identification:_identify(log) by extension 'ignore'
[2.906s] Level 1:colcon.colcon_core.package_identification:_identify(log) ignored
[2.906s] Level 1:colcon.colcon_core.package_identification:_identify(msg) by extensions ['ignore', 'ignore_ament_install']
[2.906s] Level 1:colcon.colcon_core.package_identification:_identify(msg) by extension 'ignore'
[2.906s] Level 1:colcon.colcon_core.package_identification:_identify(msg) by extension 'ignore_ament_install'
[2.906s] Level 1:colcon.colcon_core.package_identification:_identify(msg) by extensions ['colcon_pkg']
[2.906s] Level 1:colcon.colcon_core.package_identification:_identify(msg) by extension 'colcon_pkg'
[2.906s] Level 1:colcon.colcon_core.package_identification:_identify(msg) by extensions ['colcon_meta']
[2.906s] Level 1:colcon.colcon_core.package_identification:_identify(msg) by extension 'colcon_meta'
[2.906s] Level 1:colcon.colcon_core.package_identification:_identify(msg) by extensions ['ros']
[2.906s] Level 1:colcon.colcon_core.package_identification:_identify(msg) by extension 'ros'
[2.906s] Level 1:colcon.colcon_core.package_identification:_identify(msg) by extensions ['cmake', 'python']
[2.906s] Level 1:colcon.colcon_core.package_identification:_identify(msg) by extension 'cmake'
[2.906s] Level 1:colcon.colcon_core.package_identification:_identify(msg) by extension 'python'
[2.906s] Level 1:colcon.colcon_core.package_identification:_identify(msg) by extensions ['python_setup_py']
[2.906s] Level 1:colcon.colcon_core.package_identification:_identify(msg) by extension 'python_setup_py'
[2.906s] Level 1:colcon.colcon_core.package_identification:_identify(src) by extensions ['ignore', 'ignore_ament_install']
[2.906s] Level 1:colcon.colcon_core.package_identification:_identify(src) by extension 'ignore'
[2.906s] Level 1:colcon.colcon_core.package_identification:_identify(src) by extension 'ignore_ament_install'
[2.906s] Level 1:colcon.colcon_core.package_identification:_identify(src) by extensions ['colcon_pkg']
[2.906s] Level 1:colcon.colcon_core.package_identification:_identify(src) by extension 'colcon_pkg'
[2.906s] Level 1:colcon.colcon_core.package_identification:_identify(src) by extensions ['colcon_meta']
[2.906s] Level 1:colcon.colcon_core.package_identification:_identify(src) by extension 'colcon_meta'
[2.906s] Level 1:colcon.colcon_core.package_identification:_identify(src) by extensions ['ros']
[2.906s] Level 1:colcon.colcon_core.package_identification:_identify(src) by extension 'ros'
[2.906s] Level 1:colcon.colcon_core.package_identification:_identify(src) by extensions ['cmake', 'python']
[2.906s] Level 1:colcon.colcon_core.package_identification:_identify(src) by extension 'cmake'
[2.906s] Level 1:colcon.colcon_core.package_identification:_identify(src) by extension 'python'
[2.906s] Level 1:colcon.colcon_core.package_identification:_identify(src) by extensions ['python_setup_py']
[2.906s] Level 1:colcon.colcon_core.package_identification:_identify(src) by extension 'python_setup_py'
[2.906s] Level 1:colcon.colcon_core.package_identification:_identify(src/interfaces) by extensions ['ignore', 'ignore_ament_install']
[2.906s] Level 1:colcon.colcon_core.package_identification:_identify(src/interfaces) by extension 'ignore'
[2.906s] Level 1:colcon.colcon_core.package_identification:_identify(src/interfaces) by extension 'ignore_ament_install'
[2.906s] Level 1:colcon.colcon_core.package_identification:_identify(src/interfaces) by extensions ['colcon_pkg']
[2.906s] Level 1:colcon.colcon_core.package_identification:_identify(src/interfaces) by extension 'colcon_pkg'
[2.906s] Level 1:colcon.colcon_core.package_identification:_identify(src/interfaces) by extensions ['colcon_meta']
[2.906s] Level 1:colcon.colcon_core.package_identification:_identify(src/interfaces) by extension 'colcon_meta'
[2.906s] Level 1:colcon.colcon_core.package_identification:_identify(src/interfaces) by extensions ['ros']
[2.906s] Level 1:colcon.colcon_core.package_identification:_identify(src/interfaces) by extension 'ros'
[2.908s] DEBUG:colcon.colcon_core.package_identification:Package 'src/interfaces' with type 'ros.ament_cmake' and name 'interfaces'
[2.908s] Level 1:colcon.colcon_core.package_identification:_identify(src/mic_pkg) by extensions ['ignore', 'ignore_ament_install']
[2.908s] Level 1:colcon.colcon_core.package_identification:_identify(src/mic_pkg) by extension 'ignore'
[2.908s] Level 1:colcon.colcon_core.package_identification:_identify(src/mic_pkg) by extension 'ignore_ament_install'
[2.908s] Level 1:colcon.colcon_core.package_identification:_identify(src/mic_pkg) by extensions ['colcon_pkg']
[2.908s] Level 1:colcon.colcon_core.package_identification:_identify(src/mic_pkg) by extension 'colcon_pkg'
[2.908s] Level 1:colcon.colcon_core.package_identification:_identify(src/mic_pkg) by extensions ['colcon_meta']
[2.908s] Level 1:colcon.colcon_core.package_identification:_identify(src/mic_pkg) by extension 'colcon_meta'
[2.908s] Level 1:colcon.colcon_core.package_identification:_identify(src/mic_pkg) by extensions ['ros']
[2.908s] Level 1:colcon.colcon_core.package_identification:_identify(src/mic_pkg) by extension 'ros'
[2.908s] DEBUG:colcon.colcon_core.package_identification:Package 'src/mic_pkg' with type 'ros.ament_python' and name 'mic_pkg'
[2.908s] Level 1:colcon.colcon_core.package_discovery:discover_packages(recursive) using defaults
[2.908s] Level 1:colcon.colcon_core.package_discovery:discover_packages(ignore) discover
[2.908s] Level 1:colcon.colcon_core.package_discovery:discover_packages(ignore) using defaults
[2.908s] Level 1:colcon.colcon_core.package_discovery:discover_packages(path) discover
[2.908s] Level 1:colcon.colcon_core.package_discovery:discover_packages(path) using defaults
[3.176s] Level 1:colcon.colcon_core.package_discovery:discover_packages(prefix_path) check parameters
[3.176s] Level 1:colcon.colcon_core.package_discovery:discover_packages(prefix_path) discover
[3.279s] DEBUG:colcon.colcon_installed_package_information.package_discovery:Found 2 installed packages in /home/henrik/ros_workspace/install
[3.330s] DEBUG:colcon.colcon_installed_package_information.package_discovery:Found 256 installed packages in /opt/ros/foxy
[3.331s] Level 1:colcon.colcon_core.package_discovery:discover_packages(prefix_path) using defaults
[3.465s] Level 5:colcon.colcon_core.verb:set package 'interfaces' build argument 'cmake_args' from command line to 'None'
[3.465s] Level 5:colcon.colcon_core.verb:set package 'interfaces' build argument 'cmake_target' from command line to 'None'
[3.465s] Level 5:colcon.colcon_core.verb:set package 'interfaces' build argument 'cmake_target_skip_unavailable' from command line to 'False'
[3.465s] Level 5:colcon.colcon_core.verb:set package 'interfaces' build argument 'cmake_clean_cache' from command line to 'False'
[3.465s] Level 5:colcon.colcon_core.verb:set package 'interfaces' build argument 'cmake_clean_first' from command line to 'False'
[3.465s] Level 5:colcon.colcon_core.verb:set package 'interfaces' build argument 'cmake_force_configure' from command line to 'False'
[3.465s] Level 5:colcon.colcon_core.verb:set package 'interfaces' build argument 'ament_cmake_args' from command line to 'None'
[3.465s] Level 5:colcon.colcon_core.verb:set package 'interfaces' build argument 'catkin_cmake_args' from command line to 'None'
[3.465s] Level 5:colcon.colcon_core.verb:set package 'interfaces' build argument 'catkin_skip_building_tests' from command line to 'False'
[3.465s] DEBUG:colcon.colcon_core.verb:Building package 'interfaces' with the following arguments: {'ament_cmake_args': None, 'build_base': '/home/henrik/ros_workspace/build/interfaces', 'catkin_cmake_args': None, 'catkin_skip_building_tests': False, 'cmake_args': None, 'cmake_clean_cache': False, 'cmake_clean_first': False, 'cmake_force_configure': False, 'cmake_target': None, 'cmake_target_skip_unavailable': False, 'install_base': '/home/henrik/ros_workspace/install/interfaces', 'merge_install': False, 'path': '/home/henrik/ros_workspace/src/interfaces', 'symlink_install': False, 'test_result_base': None}
[3.517s] Level 5:colcon.colcon_core.verb:set package 'mic_pkg' build argument 'cmake_args' from command line to 'None'
[3.517s] Level 5:colcon.colcon_core.verb:set package 'mic_pkg' build argument 'cmake_target' from command line to 'None'
[3.517s] Level 5:colcon.colcon_core.verb:set package 'mic_pkg' build argument 'cmake_target_skip_unavailable' from command line to 'False'
[3.517s] Level 5:colcon.colcon_core.verb:set package 'mic_pkg' build argument 'cmake_clean_cache' from command line to 'False'
[3.517s] Level 5:colcon.colcon_core.verb:set package 'mic_pkg' build argument 'cmake_clean_first' from command line to 'False'
[3.517s] Level 5:colcon.colcon_core.verb:set package 'mic_pkg' build argument 'cmake_force_configure' from command line to 'False'
[3.517s] Level 5:colcon.colcon_core.verb:set package 'mic_pkg' build argument 'ament_cmake_args' from command line to 'None'
[3.517s] Level 5:colcon.colcon_core.verb:set package 'mic_pkg' build argument 'catkin_cmake_args' from command line to 'None'
[3.517s] Level 5:colcon.colcon_core.verb:set package 'mic_pkg' build argument 'catkin_skip_building_tests' from command line to 'False'
[3.517s] DEBUG:colcon.colcon_core.verb:Building package 'mic_pkg' with the following arguments: {'ament_cmake_args': None, 'build_base': '/home/henrik/ros_workspace/build/mic_pkg', 'catkin_cmake_args': None, 'catkin_skip_building_tests': False, 'cmake_args': None, 'cmake_clean_cache': False, 'cmake_clean_first': False, 'cmake_force_configure': False, 'cmake_target': None, 'cmake_target_skip_unavailable': False, 'install_base': '/home/henrik/ros_workspace/install/mic_pkg', 'merge_install': False, 'path': '/home/henrik/ros_workspace/src/mic_pkg', 'symlink_install': False, 'test_result_base': None}
[3.568s] INFO:colcon.colcon_core.executor:Executing jobs using 'parallel' executor
[3.619s] DEBUG:colcon.colcon_parallel_executor.executor.parallel:run_until_complete
[3.619s] INFO:colcon.colcon_ros.task.ament_cmake.build:Building ROS package in '/home/henrik/ros_workspace/src/interfaces' with build type 'ament_cmake'
[3.619s] INFO:colcon.colcon_cmake.task.cmake.build:Building CMake package in '/home/henrik/ros_workspace/src/interfaces'
[3.671s] INFO:colcon.colcon_core.plugin_system:Skipping extension 'colcon_core.shell.bat': Not used on non-Windows systems
[3.671s] INFO:colcon.colcon_core.shell:Skip shell extension 'powershell' for command environment: Not usable outside of PowerShell
[3.671s] DEBUG:colcon.colcon_core.shell:Skip shell extension 'dsv' for command environment
[3.829s] INFO:colcon.colcon_ros.task.ament_python.build:Building ROS package in '/home/henrik/ros_workspace/src/mic_pkg' with build type 'ament_python'
[3.829s] Level 1:colcon.colcon_core.shell:create_environment_hook('mic_pkg', 'ament_prefix_path')
[3.881s] INFO:colcon.colcon_core.shell:Creating environment hook '/home/henrik/ros_workspace/install/mic_pkg/share/mic_pkg/hook/ament_prefix_path.ps1'
[3.881s] INFO:colcon.colcon_core.shell:Creating environment descriptor '/home/henrik/ros_workspace/install/mic_pkg/share/mic_pkg/hook/ament_prefix_path.dsv'
[3.881s] INFO:colcon.colcon_core.shell:Creating environment hook '/home/henrik/ros_workspace/install/mic_pkg/share/mic_pkg/hook/ament_prefix_path.sh'
[3.934s] INFO:colcon.colcon_core.shell:Skip shell extension 'powershell' for command environment: Not usable outside of PowerShell
[3.934s] DEBUG:colcon.colcon_core.shell:Skip shell extension 'dsv' for command environment
[4.095s] DEBUG:colcon.colcon_core.event_handler.log_command:Invoking command in '/home/henrik/ros_workspace/build/interfaces': CMAKE_PREFIX_PATH=${CMAKE_PREFIX_PATH}:/home/henrik/ros_workspace/install/mic_pkg:/opt/ros/foxy /usr/bin/cmake --build /home/henrik/ros_workspace/build/interfaces -- -j20 -l20
[4.218s] INFO:colcon.colcon_core.task.python.build:Building Python package in '/home/henrik/ros_workspace/src/mic_pkg'
[4.269s] INFO:colcon.colcon_core.shell:Skip shell extension 'powershell' for command environment: Not usable outside of PowerShell
[4.270s] DEBUG:colcon.colcon_core.shell:Skip shell extension 'dsv' for command environment
[4.429s] DEBUG:colcon.colcon_core.event_handler.log_command:Invoked command in '/home/henrik/ros_workspace/build/interfaces' returned '0': CMAKE_PREFIX_PATH=${CMAKE_PREFIX_PATH}:/home/henrik/ros_workspace/install/mic_pkg:/opt/ros/foxy /usr/bin/cmake --build /home/henrik/ros_workspace/build/interfaces -- -j20 -l20
[4.460s] DEBUG:colcon.colcon_core.event_handler.log_command:Invoking command in '/home/henrik/ros_workspace/build/interfaces': CMAKE_PREFIX_PATH=${CMAKE_PREFIX_PATH}:/home/henrik/ros_workspace/install/mic_pkg:/opt/ros/foxy /usr/bin/cmake --install /home/henrik/ros_workspace/build/interfaces
[4.488s] Level 1:colcon.colcon_core.environment:create_environment_scripts_only(interfaces)
[4.489s] DEBUG:colcon.colcon_core.event_handler.log_command:Invoked command in '/home/henrik/ros_workspace/build/interfaces' returned '0': CMAKE_PREFIX_PATH=${CMAKE_PREFIX_PATH}:/home/henrik/ros_workspace/install/mic_pkg:/opt/ros/foxy /usr/bin/cmake --install /home/henrik/ros_workspace/build/interfaces
[4.543s] Level 1:colcon.colcon_core.environment:checking '/home/henrik/ros_workspace/install/interfaces' for CMake module files
[4.544s] Level 1:colcon.colcon_core.environment:checking '/home/henrik/ros_workspace/install/interfaces' for CMake config files
[4.544s] Level 1:colcon.colcon_core.shell:create_environment_hook('interfaces', 'cmake_prefix_path')
[4.597s] INFO:colcon.colcon_core.shell:Creating environment hook '/home/henrik/ros_workspace/install/interfaces/share/interfaces/hook/cmake_prefix_path.ps1'
[4.598s] INFO:colcon.colcon_core.shell:Creating environment descriptor '/home/henrik/ros_workspace/install/interfaces/share/interfaces/hook/cmake_prefix_path.dsv'
[4.598s] INFO:colcon.colcon_core.shell:Creating environment hook '/home/henrik/ros_workspace/install/interfaces/share/interfaces/hook/cmake_prefix_path.sh'
[4.598s] Level 1:colcon.colcon_core.environment:checking '/home/henrik/ros_workspace/install/interfaces/lib'
[4.598s] Level 1:colcon.colcon_core.shell:create_environment_hook('interfaces', 'ld_library_path_lib')
[4.651s] INFO:colcon.colcon_core.shell:Creating environment hook '/home/henrik/ros_workspace/install/interfaces/share/interfaces/hook/ld_library_path_lib.ps1'
[4.652s] INFO:colcon.colcon_core.shell:Creating environment descriptor '/home/henrik/ros_workspace/install/interfaces/share/interfaces/hook/ld_library_path_lib.dsv'
[4.652s] INFO:colcon.colcon_core.shell:Creating environment hook '/home/henrik/ros_workspace/install/interfaces/share/interfaces/hook/ld_library_path_lib.sh'
[4.652s] Level 1:colcon.colcon_core.environment:checking '/home/henrik/ros_workspace/install/interfaces/bin'
[4.652s] Level 1:colcon.colcon_core.environment:checking '/home/henrik/ros_workspace/install/interfaces/lib/pkgconfig/interfaces.pc'
[4.652s] Level 1:colcon.colcon_core.environment:checking '/home/henrik/ros_workspace/install/interfaces/lib/python3.8/site-packages'
[4.652s] Level 1:colcon.colcon_core.shell:create_environment_hook('interfaces', 'pythonpath')
[4.705s] INFO:colcon.colcon_core.shell:Creating environment hook '/home/henrik/ros_workspace/install/interfaces/share/interfaces/hook/pythonpath.ps1'
[4.705s] INFO:colcon.colcon_core.shell:Creating environment descriptor '/home/henrik/ros_workspace/install/interfaces/share/interfaces/hook/pythonpath.dsv'
[4.705s] INFO:colcon.colcon_core.shell:Creating environment hook '/home/henrik/ros_workspace/install/interfaces/share/interfaces/hook/pythonpath.sh'
[4.705s] Level 1:colcon.colcon_core.environment:checking '/home/henrik/ros_workspace/install/interfaces/bin'
[4.758s] INFO:colcon.colcon_core.shell:Creating package script '/home/henrik/ros_workspace/install/interfaces/share/interfaces/package.ps1'
[4.758s] INFO:colcon.colcon_core.shell:Creating package descriptor '/home/henrik/ros_workspace/install/interfaces/share/interfaces/package.dsv'
[4.759s] INFO:colcon.colcon_core.shell:Creating package script '/home/henrik/ros_workspace/install/interfaces/share/interfaces/package.sh'
[4.759s] INFO:colcon.colcon_core.shell:Creating package script '/home/henrik/ros_workspace/install/interfaces/share/interfaces/package.bash'
[4.759s] INFO:colcon.colcon_core.shell:Creating package script '/home/henrik/ros_workspace/install/interfaces/share/interfaces/package.zsh'
[4.759s] Level 1:colcon.colcon_core.environment:create_file_with_runtime_dependencies(/home/henrik/ros_workspace/install/interfaces/share/colcon-core/packages/interfaces)
[4.764s] DEBUG:colcon.colcon_core.event_handler.log_command:Invoking command in '/home/henrik/ros_workspace/src/mic_pkg': PYTHONPATH=/home/henrik/ros_workspace/build/mic_pkg/prefix_override:/home/henrik/ros_workspace/install/mic_pkg/lib/python3.8/site-packages:${PYTHONPATH} /usr/bin/python3 setup.py egg_info --egg-base ../../build/mic_pkg build --build-base /home/henrik/ros_workspace/build/mic_pkg/build install --record /home/henrik/ros_workspace/build/mic_pkg/install.log --install-scripts $base/lib/mic_pkg --single-version-externally-managed
[4.881s] Level 1:colcon.colcon_core.environment:create_environment_scripts_only(interfaces)
[4.968s] Level 1:colcon.colcon_core.environment:checking '/home/henrik/ros_workspace/install/interfaces' for CMake module files
[4.969s] Level 1:colcon.colcon_core.environment:checking '/home/henrik/ros_workspace/install/interfaces' for CMake config files
[4.969s] Level 1:colcon.colcon_core.shell:create_environment_hook('interfaces', 'cmake_prefix_path')
[5.053s] INFO:colcon.colcon_core.shell:Creating environment hook '/home/henrik/ros_workspace/install/interfaces/share/interfaces/hook/cmake_prefix_path.ps1'
[5.054s] INFO:colcon.colcon_core.shell:Creating environment descriptor '/home/henrik/ros_workspace/install/interfaces/share/interfaces/hook/cmake_prefix_path.dsv'
[5.054s] INFO:colcon.colcon_core.shell:Creating environment hook '/home/henrik/ros_workspace/install/interfaces/share/interfaces/hook/cmake_prefix_path.sh'
[5.054s] Level 1:colcon.colcon_core.environment:checking '/home/henrik/ros_workspace/install/interfaces/lib'
[5.055s] Level 1:colcon.colcon_core.shell:create_environment_hook('interfaces', 'ld_library_path_lib')
[5.139s] INFO:colcon.colcon_core.shell:Creating environment hook '/home/henrik/ros_workspace/install/interfaces/share/interfaces/hook/ld_library_path_lib.ps1'
[5.140s] INFO:colcon.colcon_core.shell:Creating environment descriptor '/home/henrik/ros_workspace/install/interfaces/share/interfaces/hook/ld_library_path_lib.dsv'
[5.140s] INFO:colcon.colcon_core.shell:Creating environment hook '/home/henrik/ros_workspace/install/interfaces/share/interfaces/hook/ld_library_path_lib.sh'
[5.140s] Level 1:colcon.colcon_core.environment:checking '/home/henrik/ros_workspace/install/interfaces/bin'
[5.140s] Level 1:colcon.colcon_core.environment:checking '/home/henrik/ros_workspace/install/interfaces/lib/pkgconfig/interfaces.pc'
[5.141s] Level 1:colcon.colcon_core.environment:checking '/home/henrik/ros_workspace/install/interfaces/lib/python3.8/site-packages'
[5.141s] Level 1:colcon.colcon_core.shell:create_environment_hook('interfaces', 'pythonpath')
[5.225s] INFO:colcon.colcon_core.shell:Creating environment hook '/home/henrik/ros_workspace/install/interfaces/share/interfaces/hook/pythonpath.ps1'
[5.225s] INFO:colcon.colcon_core.shell:Creating environment descriptor '/home/henrik/ros_workspace/install/interfaces/share/interfaces/hook/pythonpath.dsv'
[5.226s] INFO:colcon.colcon_core.shell:Creating environment hook '/home/henrik/ros_workspace/install/interfaces/share/interfaces/hook/pythonpath.sh'
[5.226s] Level 1:colcon.colcon_core.environment:checking '/home/henrik/ros_workspace/install/interfaces/bin'
[5.311s] INFO:colcon.colcon_core.shell:Creating package script '/home/henrik/ros_workspace/install/interfaces/share/interfaces/package.ps1'
[5.312s] INFO:colcon.colcon_core.shell:Creating package descriptor '/home/henrik/ros_workspace/install/interfaces/share/interfaces/package.dsv'
[5.312s] INFO:colcon.colcon_core.shell:Creating package script '/home/henrik/ros_workspace/install/interfaces/share/interfaces/package.sh'
[5.313s] INFO:colcon.colcon_core.shell:Creating package script '/home/henrik/ros_workspace/install/interfaces/share/interfaces/package.bash'
[5.313s] INFO:colcon.colcon_core.shell:Creating package script '/home/henrik/ros_workspace/install/interfaces/share/interfaces/package.zsh'
[5.313s] Level 1:colcon.colcon_core.environment:create_file_with_runtime_dependencies(/home/henrik/ros_workspace/install/interfaces/share/colcon-core/packages/interfaces)
[5.315s] DEBUG:colcon.colcon_core.event_handler.log_command:Invoked command in '/home/henrik/ros_workspace/src/mic_pkg' returned '0': PYTHONPATH=/home/henrik/ros_workspace/build/mic_pkg/prefix_override:/home/henrik/ros_workspace/install/mic_pkg/lib/python3.8/site-packages:${PYTHONPATH} /usr/bin/python3 setup.py egg_info --egg-base ../../build/mic_pkg build --build-base /home/henrik/ros_workspace/build/mic_pkg/build install --record /home/henrik/ros_workspace/build/mic_pkg/install.log --install-scripts $base/lib/mic_pkg --single-version-externally-managed
[5.399s] Level 1:colcon.colcon_core.environment:checking '/home/henrik/ros_workspace/install/mic_pkg' for CMake module files
[5.400s] Level 1:colcon.colcon_core.environment:checking '/home/henrik/ros_workspace/install/mic_pkg' for CMake config files
[5.400s] Level 1:colcon.colcon_core.environment:checking '/home/henrik/ros_workspace/install/mic_pkg/lib'
[5.400s] Level 1:colcon.colcon_core.environment:checking '/home/henrik/ros_workspace/install/mic_pkg/bin'
[5.400s] Level 1:colcon.colcon_core.environment:checking '/home/henrik/ros_workspace/install/mic_pkg/lib/pkgconfig/mic_pkg.pc'
[5.401s] Level 1:colcon.colcon_core.environment:checking '/home/henrik/ros_workspace/install/mic_pkg/lib/python3.8/site-packages'
[5.401s] Level 1:colcon.colcon_core.shell:create_environment_hook('mic_pkg', 'pythonpath')
[5.485s] INFO:colcon.colcon_core.shell:Creating environment hook '/home/henrik/ros_workspace/install/mic_pkg/share/mic_pkg/hook/pythonpath.ps1'
[5.486s] INFO:colcon.colcon_core.shell:Creating environment descriptor '/home/henrik/ros_workspace/install/mic_pkg/share/mic_pkg/hook/pythonpath.dsv'
[5.486s] INFO:colcon.colcon_core.shell:Creating environment hook '/home/henrik/ros_workspace/install/mic_pkg/share/mic_pkg/hook/pythonpath.sh'
[5.486s] Level 1:colcon.colcon_core.environment:checking '/home/henrik/ros_workspace/install/mic_pkg/bin'
[5.487s] Level 1:colcon.colcon_core.environment:create_environment_scripts_only(mic_pkg)
[5.571s] INFO:colcon.colcon_core.shell:Creating package script '/home/henrik/ros_workspace/install/mic_pkg/share/mic_pkg/package.ps1'
[5.572s] INFO:colcon.colcon_core.shell:Creating package descriptor '/home/henrik/ros_workspace/install/mic_pkg/share/mic_pkg/package.dsv'
[5.572s] INFO:colcon.colcon_core.shell:Creating package script '/home/henrik/ros_workspace/install/mic_pkg/share/mic_pkg/package.sh'
[5.572s] INFO:colcon.colcon_core.shell:Creating package script '/home/henrik/ros_workspace/install/mic_pkg/share/mic_pkg/package.bash'
[5.572s] INFO:colcon.colcon_core.shell:Creating package script '/home/henrik/ros_workspace/install/mic_pkg/share/mic_pkg/package.zsh'
[5.573s] Level 1:colcon.colcon_core.environment:create_file_with_runtime_dependencies(/home/henrik/ros_workspace/install/mic_pkg/share/colcon-core/packages/mic_pkg)
[5.573s] DEBUG:colcon.colcon_parallel_executor.executor.parallel:closing loop
[5.573s] DEBUG:colcon.colcon_parallel_executor.executor.parallel:loop closed
[5.573s] DEBUG:colcon.colcon_parallel_executor.executor.parallel:run_until_complete finished with '0'
[5.573s] DEBUG:colcon.colcon_core.event_reactor:joining thread
[5.664s] INFO:colcon.colcon_core.plugin_system:Skipping extension 'colcon_notification.desktop_notification.terminal_notifier': Not used on non-Darwin systems
[5.664s] INFO:colcon.colcon_core.plugin_system:Skipping extension 'colcon_notification.desktop_notification.win32': Not used on non-Windows systems
[5.664s] INFO:colcon.colcon_notification.desktop_notification:Sending desktop notification using 'notify2'
[5.678s] DEBUG:colcon.colcon_core.event_reactor:joined thread
[5.727s] INFO:colcon.colcon_core.shell:Creating prefix script '/home/henrik/ros_workspace/install/local_setup.ps1'
[5.728s] INFO:colcon.colcon_core.shell:Creating prefix util module '/home/henrik/ros_workspace/install/_local_setup_util_ps1.py'
[5.728s] INFO:colcon.colcon_core.shell:Creating prefix chain script '/home/henrik/ros_workspace/install/setup.ps1'
[5.778s] INFO:colcon.colcon_core.shell:Creating prefix script '/home/henrik/ros_workspace/install/local_setup.sh'
[5.778s] INFO:colcon.colcon_core.shell:Creating prefix util module '/home/henrik/ros_workspace/install/_local_setup_util_sh.py'
[5.778s] INFO:colcon.colcon_core.shell:Creating prefix chain script '/home/henrik/ros_workspace/install/setup.sh'
[5.828s] INFO:colcon.colcon_core.shell:Creating prefix script '/home/henrik/ros_workspace/install/local_setup.bash'
[5.828s] INFO:colcon.colcon_core.shell:Creating prefix chain script '/home/henrik/ros_workspace/install/setup.bash'
[5.878s] INFO:colcon.colcon_core.shell:Creating prefix script '/home/henrik/ros_workspace/install/local_setup.zsh'
[5.878s] INFO:colcon.colcon_core.shell:Creating prefix chain script '/home/henrik/ros_workspace/install/setup.zsh'
