[2.673s] DEBUG:colcon:Command line arguments: ['/usr/bin/colcon', 'build']
[2.673s] DEBUG:colcon:Parsed command line arguments: Namespace(allow_overriding=[], ament_cmake_args=None, base_paths=['.'], build_base='build', catkin_cmake_args=None, catkin_skip_building_tests=False, cmake_args=None, cmake_clean_cache=False, cmake_clean_first=False, cmake_force_configure=False, cmake_target=None, cmake_target_skip_unavailable=False, continue_on_error=False, event_handlers=None, executor='parallel', ignore_user_meta=False, install_base='install', log_base=None, log_level=None, main=<bound method BuildVerb.main of <colcon_core.verb.build.BuildVerb object at 0x7f7973e845b0>>, merge_install=False, metas=['./colcon.meta'], packages_above=None, packages_above_and_dependencies=None, packages_above_depth=None, packages_end=None, packages_ignore=None, packages_ignore_regex=None, packages_select=None, packages_select_build_failed=False, packages_select_by_dep=None, packages_select_regex=None, packages_select_test_failures=False, packages_skip=None, packages_skip_build_finished=False, packages_skip_by_dep=None, packages_skip_regex=None, packages_skip_test_passed=False, packages_skip_up_to=None, packages_start=None, packages_up_to=None, packages_up_to_regex=None, parallel_workers=20, paths=None, symlink_install=False, test_result_base=None, verb_extension=<colcon_core.verb.build.BuildVerb object at 0x7f7973e845b0>, verb_name='build', verb_parser=<colcon_defaults.argument_parser.defaults.DefaultArgumentsDecorator object at 0x7f79744cdb20>)
[2.782s] Level 1:colcon.colcon_core.package_discovery:discover_packages(colcon_meta) check parameters
[2.782s] Level 1:colcon.colcon_core.package_discovery:discover_packages(recursive) check parameters
[2.782s] Level 1:colcon.colcon_core.package_discovery:discover_packages(ignore) check parameters
[2.782s] Level 1:colcon.colcon_core.package_discovery:discover_packages(path) check parameters
[2.782s] Level 1:colcon.colcon_core.package_discovery:discover_packages(colcon_meta) discover
[2.782s] Level 1:colcon.colcon_core.package_discovery:discover_packages(recursive) discover
[2.782s] INFO:colcon.colcon_core.package_discovery:Crawling recursively for packages in '/home/henrik/ros_workspace/src'
[2.782s] Level 1:colcon.colcon_core.package_identification:_identify(.) by extensions ['ignore', 'ignore_ament_install']
[2.782s] Level 1:colcon.colcon_core.package_identification:_identify(.) by extension 'ignore'
[2.782s] Level 1:colcon.colcon_core.package_identification:_identify(.) by extension 'ignore_ament_install'
[2.782s] Level 1:colcon.colcon_core.package_identification:_identify(.) by extensions ['colcon_pkg']
[2.782s] Level 1:colcon.colcon_core.package_identification:_identify(.) by extension 'colcon_pkg'
[2.782s] Level 1:colcon.colcon_core.package_identification:_identify(.) by extensions ['colcon_meta']
[2.782s] Level 1:colcon.colcon_core.package_identification:_identify(.) by extension 'colcon_meta'
[2.782s] Level 1:colcon.colcon_core.package_identification:_identify(.) by extensions ['ros']
[2.782s] Level 1:colcon.colcon_core.package_identification:_identify(.) by extension 'ros'
[2.788s] Level 1:colcon.colcon_core.package_identification:_identify(.) by extensions ['cmake', 'python']
[2.788s] Level 1:colcon.colcon_core.package_identification:_identify(.) by extension 'cmake'
[2.788s] Level 1:colcon.colcon_core.package_identification:_identify(.) by extension 'python'
[2.788s] Level 1:colcon.colcon_core.package_identification:_identify(.) by extensions ['python_setup_py']
[2.788s] Level 1:colcon.colcon_core.package_identification:_identify(.) by extension 'python_setup_py'
[2.788s] Level 1:colcon.colcon_core.package_identification:_identify(build) by extensions ['ignore', 'ignore_ament_install']
[2.788s] Level 1:colcon.colcon_core.package_identification:_identify(build) by extension 'ignore'
[2.788s] Level 1:colcon.colcon_core.package_identification:_identify(build) ignored
[2.788s] Level 1:colcon.colcon_core.package_identification:_identify(camera_pkg) by extensions ['ignore', 'ignore_ament_install']
[2.788s] Level 1:colcon.colcon_core.package_identification:_identify(camera_pkg) by extension 'ignore'
[2.788s] Level 1:colcon.colcon_core.package_identification:_identify(camera_pkg) by extension 'ignore_ament_install'
[2.788s] Level 1:colcon.colcon_core.package_identification:_identify(camera_pkg) by extensions ['colcon_pkg']
[2.788s] Level 1:colcon.colcon_core.package_identification:_identify(camera_pkg) by extension 'colcon_pkg'
[2.788s] Level 1:colcon.colcon_core.package_identification:_identify(camera_pkg) by extensions ['colcon_meta']
[2.788s] Level 1:colcon.colcon_core.package_identification:_identify(camera_pkg) by extension 'colcon_meta'
[2.788s] Level 1:colcon.colcon_core.package_identification:_identify(camera_pkg) by extensions ['ros']
[2.788s] Level 1:colcon.colcon_core.package_identification:_identify(camera_pkg) by extension 'ros'
[2.790s] DEBUG:colcon.colcon_core.package_identification:Package 'camera_pkg' with type 'ros.ament_python' and name 'camera_pkg'
[2.790s] Level 1:colcon.colcon_core.package_identification:_identify(install) by extensions ['ignore', 'ignore_ament_install']
[2.790s] Level 1:colcon.colcon_core.package_identification:_identify(install) by extension 'ignore'
[2.790s] Level 1:colcon.colcon_core.package_identification:_identify(install) ignored
[2.790s] Level 1:colcon.colcon_core.package_identification:_identify(interfaces) by extensions ['ignore', 'ignore_ament_install']
[2.790s] Level 1:colcon.colcon_core.package_identification:_identify(interfaces) by extension 'ignore'
[2.790s] Level 1:colcon.colcon_core.package_identification:_identify(interfaces) by extension 'ignore_ament_install'
[2.790s] Level 1:colcon.colcon_core.package_identification:_identify(interfaces) by extensions ['colcon_pkg']
[2.790s] Level 1:colcon.colcon_core.package_identification:_identify(interfaces) by extension 'colcon_pkg'
[2.790s] Level 1:colcon.colcon_core.package_identification:_identify(interfaces) by extensions ['colcon_meta']
[2.790s] Level 1:colcon.colcon_core.package_identification:_identify(interfaces) by extension 'colcon_meta'
[2.790s] Level 1:colcon.colcon_core.package_identification:_identify(interfaces) by extensions ['ros']
[2.790s] Level 1:colcon.colcon_core.package_identification:_identify(interfaces) by extension 'ros'
[2.790s] DEBUG:colcon.colcon_core.package_identification:Package 'interfaces' with type 'ros.ament_cmake' and name 'interfaces'
[2.790s] Level 1:colcon.colcon_core.package_identification:_identify(log) by extensions ['ignore', 'ignore_ament_install']
[2.790s] Level 1:colcon.colcon_core.package_identification:_identify(log) by extension 'ignore'
[2.790s] Level 1:colcon.colcon_core.package_identification:_identify(log) ignored
[2.790s] Level 1:colcon.colcon_core.package_identification:_identify(mic_pkg) by extensions ['ignore', 'ignore_ament_install']
[2.790s] Level 1:colcon.colcon_core.package_identification:_identify(mic_pkg) by extension 'ignore'
[2.791s] Level 1:colcon.colcon_core.package_identification:_identify(mic_pkg) by extension 'ignore_ament_install'
[2.791s] Level 1:colcon.colcon_core.package_identification:_identify(mic_pkg) by extensions ['colcon_pkg']
[2.791s] Level 1:colcon.colcon_core.package_identification:_identify(mic_pkg) by extension 'colcon_pkg'
[2.791s] Level 1:colcon.colcon_core.package_identification:_identify(mic_pkg) by extensions ['colcon_meta']
[2.791s] Level 1:colcon.colcon_core.package_identification:_identify(mic_pkg) by extension 'colcon_meta'
[2.791s] Level 1:colcon.colcon_core.package_identification:_identify(mic_pkg) by extensions ['ros']
[2.791s] Level 1:colcon.colcon_core.package_identification:_identify(mic_pkg) by extension 'ros'
[2.791s] DEBUG:colcon.colcon_core.package_identification:Package 'mic_pkg' with type 'ros.ament_python' and name 'mic_pkg'
[2.791s] Level 1:colcon.colcon_core.package_identification:_identify(motion_control_pkg) by extensions ['ignore', 'ignore_ament_install']
[2.791s] Level 1:colcon.colcon_core.package_identification:_identify(motion_control_pkg) by extension 'ignore'
[2.791s] Level 1:colcon.colcon_core.package_identification:_identify(motion_control_pkg) by extension 'ignore_ament_install'
[2.791s] Level 1:colcon.colcon_core.package_identification:_identify(motion_control_pkg) by extensions ['colcon_pkg']
[2.791s] Level 1:colcon.colcon_core.package_identification:_identify(motion_control_pkg) by extension 'colcon_pkg'
[2.791s] Level 1:colcon.colcon_core.package_identification:_identify(motion_control_pkg) by extensions ['colcon_meta']
[2.791s] Level 1:colcon.colcon_core.package_identification:_identify(motion_control_pkg) by extension 'colcon_meta'
[2.791s] Level 1:colcon.colcon_core.package_identification:_identify(motion_control_pkg) by extensions ['ros']
[2.791s] Level 1:colcon.colcon_core.package_identification:_identify(motion_control_pkg) by extension 'ros'
[2.791s] DEBUG:colcon.colcon_core.package_identification:Package 'motion_control_pkg' with type 'ros.ament_python' and name 'arm_pkg'
[2.791s] Level 1:colcon.colcon_core.package_discovery:discover_packages(recursive) using defaults
[2.791s] Level 1:colcon.colcon_core.package_discovery:discover_packages(ignore) discover
[2.792s] Level 1:colcon.colcon_core.package_discovery:discover_packages(ignore) using defaults
[2.792s] Level 1:colcon.colcon_core.package_discovery:discover_packages(path) discover
[2.792s] Level 1:colcon.colcon_core.package_discovery:discover_packages(path) using defaults
[3.044s] Level 1:colcon.colcon_core.package_discovery:discover_packages(prefix_path) check parameters
[3.044s] Level 1:colcon.colcon_core.package_discovery:discover_packages(prefix_path) discover
[3.141s] DEBUG:colcon.colcon_installed_package_information.package_discovery:Found 4 installed packages in /home/henrik/ros_workspace/src/install
[3.189s] DEBUG:colcon.colcon_installed_package_information.package_discovery:Found 3 installed packages in /home/henrik/ros_workspace/install
[3.243s] DEBUG:colcon.colcon_installed_package_information.package_discovery:Found 256 installed packages in /opt/ros/foxy
[3.244s] Level 1:colcon.colcon_core.package_discovery:discover_packages(prefix_path) using defaults
[3.375s] Level 5:colcon.colcon_core.verb:set package 'arm_pkg' build argument 'cmake_args' from command line to 'None'
[3.375s] Level 5:colcon.colcon_core.verb:set package 'arm_pkg' build argument 'cmake_target' from command line to 'None'
[3.375s] Level 5:colcon.colcon_core.verb:set package 'arm_pkg' build argument 'cmake_target_skip_unavailable' from command line to 'False'
[3.375s] Level 5:colcon.colcon_core.verb:set package 'arm_pkg' build argument 'cmake_clean_cache' from command line to 'False'
[3.375s] Level 5:colcon.colcon_core.verb:set package 'arm_pkg' build argument 'cmake_clean_first' from command line to 'False'
[3.375s] Level 5:colcon.colcon_core.verb:set package 'arm_pkg' build argument 'cmake_force_configure' from command line to 'False'
[3.375s] Level 5:colcon.colcon_core.verb:set package 'arm_pkg' build argument 'ament_cmake_args' from command line to 'None'
[3.375s] Level 5:colcon.colcon_core.verb:set package 'arm_pkg' build argument 'catkin_cmake_args' from command line to 'None'
[3.375s] Level 5:colcon.colcon_core.verb:set package 'arm_pkg' build argument 'catkin_skip_building_tests' from command line to 'False'
[3.375s] DEBUG:colcon.colcon_core.verb:Building package 'arm_pkg' with the following arguments: {'ament_cmake_args': None, 'build_base': '/home/henrik/ros_workspace/src/build/arm_pkg', 'catkin_cmake_args': None, 'catkin_skip_building_tests': False, 'cmake_args': None, 'cmake_clean_cache': False, 'cmake_clean_first': False, 'cmake_force_configure': False, 'cmake_target': None, 'cmake_target_skip_unavailable': False, 'install_base': '/home/henrik/ros_workspace/src/install/arm_pkg', 'merge_install': False, 'path': '/home/henrik/ros_workspace/src/motion_control_pkg', 'symlink_install': False, 'test_result_base': None}
[3.424s] Level 5:colcon.colcon_core.verb:set package 'camera_pkg' build argument 'cmake_args' from command line to 'None'
[3.424s] Level 5:colcon.colcon_core.verb:set package 'camera_pkg' build argument 'cmake_target' from command line to 'None'
[3.424s] Level 5:colcon.colcon_core.verb:set package 'camera_pkg' build argument 'cmake_target_skip_unavailable' from command line to 'False'
[3.424s] Level 5:colcon.colcon_core.verb:set package 'camera_pkg' build argument 'cmake_clean_cache' from command line to 'False'
[3.424s] Level 5:colcon.colcon_core.verb:set package 'camera_pkg' build argument 'cmake_clean_first' from command line to 'False'
[3.424s] Level 5:colcon.colcon_core.verb:set package 'camera_pkg' build argument 'cmake_force_configure' from command line to 'False'
[3.424s] Level 5:colcon.colcon_core.verb:set package 'camera_pkg' build argument 'ament_cmake_args' from command line to 'None'
[3.424s] Level 5:colcon.colcon_core.verb:set package 'camera_pkg' build argument 'catkin_cmake_args' from command line to 'None'
[3.424s] Level 5:colcon.colcon_core.verb:set package 'camera_pkg' build argument 'catkin_skip_building_tests' from command line to 'False'
[3.424s] DEBUG:colcon.colcon_core.verb:Building package 'camera_pkg' with the following arguments: {'ament_cmake_args': None, 'build_base': '/home/henrik/ros_workspace/src/build/camera_pkg', 'catkin_cmake_args': None, 'catkin_skip_building_tests': False, 'cmake_args': None, 'cmake_clean_cache': False, 'cmake_clean_first': False, 'cmake_force_configure': False, 'cmake_target': None, 'cmake_target_skip_unavailable': False, 'install_base': '/home/henrik/ros_workspace/src/install/camera_pkg', 'merge_install': False, 'path': '/home/henrik/ros_workspace/src/camera_pkg', 'symlink_install': False, 'test_result_base': None}
[3.472s] Level 5:colcon.colcon_core.verb:set package 'interfaces' build argument 'cmake_args' from command line to 'None'
[3.472s] Level 5:colcon.colcon_core.verb:set package 'interfaces' build argument 'cmake_target' from command line to 'None'
[3.473s] Level 5:colcon.colcon_core.verb:set package 'interfaces' build argument 'cmake_target_skip_unavailable' from command line to 'False'
[3.473s] Level 5:colcon.colcon_core.verb:set package 'interfaces' build argument 'cmake_clean_cache' from command line to 'False'
[3.473s] Level 5:colcon.colcon_core.verb:set package 'interfaces' build argument 'cmake_clean_first' from command line to 'False'
[3.473s] Level 5:colcon.colcon_core.verb:set package 'interfaces' build argument 'cmake_force_configure' from command line to 'False'
[3.473s] Level 5:colcon.colcon_core.verb:set package 'interfaces' build argument 'ament_cmake_args' from command line to 'None'
[3.473s] Level 5:colcon.colcon_core.verb:set package 'interfaces' build argument 'catkin_cmake_args' from command line to 'None'
[3.473s] Level 5:colcon.colcon_core.verb:set package 'interfaces' build argument 'catkin_skip_building_tests' from command line to 'False'
[3.473s] DEBUG:colcon.colcon_core.verb:Building package 'interfaces' with the following arguments: {'ament_cmake_args': None, 'build_base': '/home/henrik/ros_workspace/src/build/interfaces', 'catkin_cmake_args': None, 'catkin_skip_building_tests': False, 'cmake_args': None, 'cmake_clean_cache': False, 'cmake_clean_first': False, 'cmake_force_configure': False, 'cmake_target': None, 'cmake_target_skip_unavailable': False, 'install_base': '/home/henrik/ros_workspace/src/install/interfaces', 'merge_install': False, 'path': '/home/henrik/ros_workspace/src/interfaces', 'symlink_install': False, 'test_result_base': None}
[3.521s] Level 5:colcon.colcon_core.verb:set package 'mic_pkg' build argument 'cmake_args' from command line to 'None'
[3.521s] Level 5:colcon.colcon_core.verb:set package 'mic_pkg' build argument 'cmake_target' from command line to 'None'
[3.521s] Level 5:colcon.colcon_core.verb:set package 'mic_pkg' build argument 'cmake_target_skip_unavailable' from command line to 'False'
[3.521s] Level 5:colcon.colcon_core.verb:set package 'mic_pkg' build argument 'cmake_clean_cache' from command line to 'False'
[3.521s] Level 5:colcon.colcon_core.verb:set package 'mic_pkg' build argument 'cmake_clean_first' from command line to 'False'
[3.521s] Level 5:colcon.colcon_core.verb:set package 'mic_pkg' build argument 'cmake_force_configure' from command line to 'False'
[3.521s] Level 5:colcon.colcon_core.verb:set package 'mic_pkg' build argument 'ament_cmake_args' from command line to 'None'
[3.521s] Level 5:colcon.colcon_core.verb:set package 'mic_pkg' build argument 'catkin_cmake_args' from command line to 'None'
[3.521s] Level 5:colcon.colcon_core.verb:set package 'mic_pkg' build argument 'catkin_skip_building_tests' from command line to 'False'
[3.521s] DEBUG:colcon.colcon_core.verb:Building package 'mic_pkg' with the following arguments: {'ament_cmake_args': None, 'build_base': '/home/henrik/ros_workspace/src/build/mic_pkg', 'catkin_cmake_args': None, 'catkin_skip_building_tests': False, 'cmake_args': None, 'cmake_clean_cache': False, 'cmake_clean_first': False, 'cmake_force_configure': False, 'cmake_target': None, 'cmake_target_skip_unavailable': False, 'install_base': '/home/henrik/ros_workspace/src/install/mic_pkg', 'merge_install': False, 'path': '/home/henrik/ros_workspace/src/mic_pkg', 'symlink_install': False, 'test_result_base': None}
[3.569s] INFO:colcon.colcon_core.executor:Executing jobs using 'parallel' executor
[3.618s] DEBUG:colcon.colcon_parallel_executor.executor.parallel:run_until_complete
[3.618s] INFO:colcon.colcon_ros.task.ament_python.build:Building ROS package in '/home/henrik/ros_workspace/src/motion_control_pkg' with build type 'ament_python'
[3.618s] Level 1:colcon.colcon_core.shell:create_environment_hook('arm_pkg', 'ament_prefix_path')
[3.668s] INFO:colcon.colcon_core.plugin_system:Skipping extension 'colcon_core.shell.bat': Not used on non-Windows systems
[3.668s] INFO:colcon.colcon_core.shell:Creating environment hook '/home/henrik/ros_workspace/src/install/arm_pkg/share/arm_pkg/hook/ament_prefix_path.ps1'
[3.669s] INFO:colcon.colcon_core.shell:Creating environment descriptor '/home/henrik/ros_workspace/src/install/arm_pkg/share/arm_pkg/hook/ament_prefix_path.dsv'
[3.669s] INFO:colcon.colcon_core.shell:Creating environment hook '/home/henrik/ros_workspace/src/install/arm_pkg/share/arm_pkg/hook/ament_prefix_path.sh'
[3.719s] INFO:colcon.colcon_core.shell:Skip shell extension 'powershell' for command environment: Not usable outside of PowerShell
[3.719s] DEBUG:colcon.colcon_core.shell:Skip shell extension 'dsv' for command environment
[3.919s] INFO:colcon.colcon_ros.task.ament_python.build:Building ROS package in '/home/henrik/ros_workspace/src/camera_pkg' with build type 'ament_python'
[3.919s] Level 1:colcon.colcon_core.shell:create_environment_hook('camera_pkg', 'ament_prefix_path')
[3.970s] INFO:colcon.colcon_core.shell:Creating environment hook '/home/henrik/ros_workspace/src/install/camera_pkg/share/camera_pkg/hook/ament_prefix_path.ps1'
[3.970s] INFO:colcon.colcon_core.shell:Creating environment descriptor '/home/henrik/ros_workspace/src/install/camera_pkg/share/camera_pkg/hook/ament_prefix_path.dsv'
[3.970s] INFO:colcon.colcon_core.shell:Creating environment hook '/home/henrik/ros_workspace/src/install/camera_pkg/share/camera_pkg/hook/ament_prefix_path.sh'
[4.020s] INFO:colcon.colcon_core.shell:Skip shell extension 'powershell' for command environment: Not usable outside of PowerShell
[4.020s] DEBUG:colcon.colcon_core.shell:Skip shell extension 'dsv' for command environment
[4.220s] INFO:colcon.colcon_ros.task.ament_cmake.build:Building ROS package in '/home/henrik/ros_workspace/src/interfaces' with build type 'ament_cmake'
[4.220s] INFO:colcon.colcon_cmake.task.cmake.build:Building CMake package in '/home/henrik/ros_workspace/src/interfaces'
[4.271s] INFO:colcon.colcon_core.shell:Skip shell extension 'powershell' for command environment: Not usable outside of PowerShell
[4.271s] DEBUG:colcon.colcon_core.shell:Skip shell extension 'dsv' for command environment
[4.470s] INFO:colcon.colcon_ros.task.ament_python.build:Building ROS package in '/home/henrik/ros_workspace/src/mic_pkg' with build type 'ament_python'
[4.471s] Level 1:colcon.colcon_core.shell:create_environment_hook('mic_pkg', 'ament_prefix_path')
[4.521s] INFO:colcon.colcon_core.shell:Creating environment hook '/home/henrik/ros_workspace/src/install/mic_pkg/share/mic_pkg/hook/ament_prefix_path.ps1'
[4.521s] INFO:colcon.colcon_core.shell:Creating environment descriptor '/home/henrik/ros_workspace/src/install/mic_pkg/share/mic_pkg/hook/ament_prefix_path.dsv'
[4.521s] INFO:colcon.colcon_core.shell:Creating environment hook '/home/henrik/ros_workspace/src/install/mic_pkg/share/mic_pkg/hook/ament_prefix_path.sh'
[4.571s] INFO:colcon.colcon_core.shell:Skip shell extension 'powershell' for command environment: Not usable outside of PowerShell
[4.571s] DEBUG:colcon.colcon_core.shell:Skip shell extension 'dsv' for command environment
[4.887s] WARNING:colcon.colcon_ros.task.ament_python.build:Package 'arm_pkg' doesn't explicitly install a marker in the package index (colcon-ros currently does it implicitly but that fallback will be removed in the future)
[4.887s] WARNING:colcon.colcon_ros.task.ament_python.build:Package 'arm_pkg' doesn't explicitly install the 'package.xml' file (colcon-ros currently does it implicitly but that fallback will be removed in the future)
[4.888s] INFO:colcon.colcon_core.task.python.build:Building Python package in '/home/henrik/ros_workspace/src/motion_control_pkg'
[4.939s] INFO:colcon.colcon_core.shell:Skip shell extension 'powershell' for command environment: Not usable outside of PowerShell
[4.939s] DEBUG:colcon.colcon_core.shell:Skip shell extension 'dsv' for command environment
[5.265s] INFO:colcon.colcon_core.task.python.build:Building Python package in '/home/henrik/ros_workspace/src/camera_pkg'
[5.315s] INFO:colcon.colcon_core.shell:Skip shell extension 'powershell' for command environment: Not usable outside of PowerShell
[5.315s] DEBUG:colcon.colcon_core.shell:Skip shell extension 'dsv' for command environment
[5.518s] DEBUG:colcon.colcon_core.event_handler.log_command:Invoking command in '/home/henrik/ros_workspace/src/build/interfaces': CMAKE_PREFIX_PATH=${CMAKE_PREFIX_PATH}:/home/henrik/ros_workspace/src/install/mic_pkg:/home/henrik/ros_workspace/src/install/camera_pkg:/home/henrik/ros_workspace/install/mic_pkg:/opt/ros/foxy /usr/bin/cmake --build /home/henrik/ros_workspace/src/build/interfaces -- -j20 -l20
[5.641s] INFO:colcon.colcon_core.task.python.build:Building Python package in '/home/henrik/ros_workspace/src/mic_pkg'
[5.693s] INFO:colcon.colcon_core.shell:Skip shell extension 'powershell' for command environment: Not usable outside of PowerShell
[5.693s] DEBUG:colcon.colcon_core.shell:Skip shell extension 'dsv' for command environment
[5.903s] DEBUG:colcon.colcon_core.event_handler.log_command:Invoked command in '/home/henrik/ros_workspace/src/build/interfaces' returned '0': CMAKE_PREFIX_PATH=${CMAKE_PREFIX_PATH}:/home/henrik/ros_workspace/src/install/mic_pkg:/home/henrik/ros_workspace/src/install/camera_pkg:/home/henrik/ros_workspace/install/mic_pkg:/opt/ros/foxy /usr/bin/cmake --build /home/henrik/ros_workspace/src/build/interfaces -- -j20 -l20
[5.941s] DEBUG:colcon.colcon_core.event_handler.log_command:Invoking command in '/home/henrik/ros_workspace/src/build/interfaces': CMAKE_PREFIX_PATH=${CMAKE_PREFIX_PATH}:/home/henrik/ros_workspace/src/install/mic_pkg:/home/henrik/ros_workspace/src/install/camera_pkg:/home/henrik/ros_workspace/install/mic_pkg:/opt/ros/foxy /usr/bin/cmake --install /home/henrik/ros_workspace/src/build/interfaces
[5.972s] Level 1:colcon.colcon_core.environment:create_environment_scripts_only(interfaces)
[5.973s] DEBUG:colcon.colcon_core.event_handler.log_command:Invoked command in '/home/henrik/ros_workspace/src/build/interfaces' returned '0': CMAKE_PREFIX_PATH=${CMAKE_PREFIX_PATH}:/home/henrik/ros_workspace/src/install/mic_pkg:/home/henrik/ros_workspace/src/install/camera_pkg:/home/henrik/ros_workspace/install/mic_pkg:/opt/ros/foxy /usr/bin/cmake --install /home/henrik/ros_workspace/src/build/interfaces
[6.063s] Level 1:colcon.colcon_core.environment:checking '/home/henrik/ros_workspace/src/install/interfaces' for CMake module files
[6.063s] Level 1:colcon.colcon_core.environment:checking '/home/henrik/ros_workspace/src/install/interfaces' for CMake config files
[6.064s] Level 1:colcon.colcon_core.shell:create_environment_hook('interfaces', 'cmake_prefix_path')
[6.151s] INFO:colcon.colcon_core.shell:Creating environment hook '/home/henrik/ros_workspace/src/install/interfaces/share/interfaces/hook/cmake_prefix_path.ps1'
[6.152s] INFO:colcon.colcon_core.shell:Creating environment descriptor '/home/henrik/ros_workspace/src/install/interfaces/share/interfaces/hook/cmake_prefix_path.dsv'
[6.152s] INFO:colcon.colcon_core.shell:Creating environment hook '/home/henrik/ros_workspace/src/install/interfaces/share/interfaces/hook/cmake_prefix_path.sh'
[6.153s] Level 1:colcon.colcon_core.environment:checking '/home/henrik/ros_workspace/src/install/interfaces/lib'
[6.153s] Level 1:colcon.colcon_core.shell:create_environment_hook('interfaces', 'ld_library_path_lib')
[6.240s] INFO:colcon.colcon_core.shell:Creating environment hook '/home/henrik/ros_workspace/src/install/interfaces/share/interfaces/hook/ld_library_path_lib.ps1'
[6.240s] INFO:colcon.colcon_core.shell:Creating environment descriptor '/home/henrik/ros_workspace/src/install/interfaces/share/interfaces/hook/ld_library_path_lib.dsv'
[6.241s] INFO:colcon.colcon_core.shell:Creating environment hook '/home/henrik/ros_workspace/src/install/interfaces/share/interfaces/hook/ld_library_path_lib.sh'
[6.241s] Level 1:colcon.colcon_core.environment:checking '/home/henrik/ros_workspace/src/install/interfaces/bin'
[6.241s] Level 1:colcon.colcon_core.environment:checking '/home/henrik/ros_workspace/src/install/interfaces/lib/pkgconfig/interfaces.pc'
[6.241s] Level 1:colcon.colcon_core.environment:checking '/home/henrik/ros_workspace/src/install/interfaces/lib/python3.8/site-packages'
[6.241s] Level 1:colcon.colcon_core.shell:create_environment_hook('interfaces', 'pythonpath')
[6.327s] INFO:colcon.colcon_core.shell:Creating environment hook '/home/henrik/ros_workspace/src/install/interfaces/share/interfaces/hook/pythonpath.ps1'
[6.328s] INFO:colcon.colcon_core.shell:Creating environment descriptor '/home/henrik/ros_workspace/src/install/interfaces/share/interfaces/hook/pythonpath.dsv'
[6.328s] INFO:colcon.colcon_core.shell:Creating environment hook '/home/henrik/ros_workspace/src/install/interfaces/share/interfaces/hook/pythonpath.sh'
[6.328s] Level 1:colcon.colcon_core.environment:checking '/home/henrik/ros_workspace/src/install/interfaces/bin'
[6.415s] INFO:colcon.colcon_core.shell:Creating package script '/home/henrik/ros_workspace/src/install/interfaces/share/interfaces/package.ps1'
[6.416s] INFO:colcon.colcon_core.shell:Creating package descriptor '/home/henrik/ros_workspace/src/install/interfaces/share/interfaces/package.dsv'
[6.416s] INFO:colcon.colcon_core.shell:Creating package script '/home/henrik/ros_workspace/src/install/interfaces/share/interfaces/package.sh'
[6.417s] INFO:colcon.colcon_core.shell:Creating package script '/home/henrik/ros_workspace/src/install/interfaces/share/interfaces/package.bash'
[6.417s] INFO:colcon.colcon_core.shell:Creating package script '/home/henrik/ros_workspace/src/install/interfaces/share/interfaces/package.zsh'
[6.418s] Level 1:colcon.colcon_core.environment:create_file_with_runtime_dependencies(/home/henrik/ros_workspace/src/install/interfaces/share/colcon-core/packages/interfaces)
[6.425s] DEBUG:colcon.colcon_core.event_handler.log_command:Invoking command in '/home/henrik/ros_workspace/src/camera_pkg': PYTHONPATH=/home/henrik/ros_workspace/src/build/camera_pkg/prefix_override:/home/henrik/ros_workspace/src/install/camera_pkg/lib/python3.8/site-packages:${PYTHONPATH} /usr/bin/python3 setup.py egg_info --egg-base ../build/camera_pkg build --build-base /home/henrik/ros_workspace/src/build/camera_pkg/build install --record /home/henrik/ros_workspace/src/build/camera_pkg/install.log --install-scripts $base/lib/camera_pkg --single-version-externally-managed
[6.427s] DEBUG:colcon.colcon_core.event_handler.log_command:Invoking command in '/home/henrik/ros_workspace/src/motion_control_pkg': PYTHONPATH=/home/henrik/ros_workspace/src/build/arm_pkg/prefix_override:/home/henrik/ros_workspace/src/install/arm_pkg/lib/python3.8/site-packages:${PYTHONPATH} /usr/bin/python3 setup.py egg_info --egg-base ../build/arm_pkg build --build-base /home/henrik/ros_workspace/src/build/arm_pkg/build install --record /home/henrik/ros_workspace/src/build/arm_pkg/install.log --install-scripts $base/lib/motion_control_pkg --single-version-externally-managed
[6.429s] DEBUG:colcon.colcon_core.event_handler.log_command:Invoking command in '/home/henrik/ros_workspace/src/mic_pkg': PYTHONPATH=/home/henrik/ros_workspace/src/build/mic_pkg/prefix_override:/home/henrik/ros_workspace/src/install/mic_pkg/lib/python3.8/site-packages:${PYTHONPATH} /usr/bin/python3 setup.py egg_info --egg-base ../build/mic_pkg build --build-base /home/henrik/ros_workspace/src/build/mic_pkg/build install --record /home/henrik/ros_workspace/src/build/mic_pkg/install.log --install-scripts $base/lib/mic_pkg --single-version-externally-managed
[6.542s] Level 1:colcon.colcon_core.environment:create_environment_scripts_only(interfaces)
[6.637s] Level 1:colcon.colcon_core.environment:checking '/home/henrik/ros_workspace/src/install/interfaces' for CMake module files
[6.638s] Level 1:colcon.colcon_core.environment:checking '/home/henrik/ros_workspace/src/install/interfaces' for CMake config files
[6.638s] Level 1:colcon.colcon_core.shell:create_environment_hook('interfaces', 'cmake_prefix_path')
[6.724s] INFO:colcon.colcon_core.shell:Creating environment hook '/home/henrik/ros_workspace/src/install/interfaces/share/interfaces/hook/cmake_prefix_path.ps1'
[6.725s] INFO:colcon.colcon_core.shell:Creating environment descriptor '/home/henrik/ros_workspace/src/install/interfaces/share/interfaces/hook/cmake_prefix_path.dsv'
[6.725s] INFO:colcon.colcon_core.shell:Creating environment hook '/home/henrik/ros_workspace/src/install/interfaces/share/interfaces/hook/cmake_prefix_path.sh'
[6.725s] Level 1:colcon.colcon_core.environment:checking '/home/henrik/ros_workspace/src/install/interfaces/lib'
[6.725s] Level 1:colcon.colcon_core.shell:create_environment_hook('interfaces', 'ld_library_path_lib')
[6.811s] INFO:colcon.colcon_core.shell:Creating environment hook '/home/henrik/ros_workspace/src/install/interfaces/share/interfaces/hook/ld_library_path_lib.ps1'
[6.812s] INFO:colcon.colcon_core.shell:Creating environment descriptor '/home/henrik/ros_workspace/src/install/interfaces/share/interfaces/hook/ld_library_path_lib.dsv'
[6.812s] INFO:colcon.colcon_core.shell:Creating environment hook '/home/henrik/ros_workspace/src/install/interfaces/share/interfaces/hook/ld_library_path_lib.sh'
[6.812s] Level 1:colcon.colcon_core.environment:checking '/home/henrik/ros_workspace/src/install/interfaces/bin'
[6.812s] Level 1:colcon.colcon_core.environment:checking '/home/henrik/ros_workspace/src/install/interfaces/lib/pkgconfig/interfaces.pc'
[6.813s] Level 1:colcon.colcon_core.environment:checking '/home/henrik/ros_workspace/src/install/interfaces/lib/python3.8/site-packages'
[6.813s] Level 1:colcon.colcon_core.shell:create_environment_hook('interfaces', 'pythonpath')
[6.899s] INFO:colcon.colcon_core.shell:Creating environment hook '/home/henrik/ros_workspace/src/install/interfaces/share/interfaces/hook/pythonpath.ps1'
[6.900s] INFO:colcon.colcon_core.shell:Creating environment descriptor '/home/henrik/ros_workspace/src/install/interfaces/share/interfaces/hook/pythonpath.dsv'
[6.900s] INFO:colcon.colcon_core.shell:Creating environment hook '/home/henrik/ros_workspace/src/install/interfaces/share/interfaces/hook/pythonpath.sh'
[6.900s] Level 1:colcon.colcon_core.environment:checking '/home/henrik/ros_workspace/src/install/interfaces/bin'
[6.987s] INFO:colcon.colcon_core.shell:Creating package script '/home/henrik/ros_workspace/src/install/interfaces/share/interfaces/package.ps1'
[6.987s] INFO:colcon.colcon_core.shell:Creating package descriptor '/home/henrik/ros_workspace/src/install/interfaces/share/interfaces/package.dsv'
[6.988s] INFO:colcon.colcon_core.shell:Creating package script '/home/henrik/ros_workspace/src/install/interfaces/share/interfaces/package.sh'
[6.988s] INFO:colcon.colcon_core.shell:Creating package script '/home/henrik/ros_workspace/src/install/interfaces/share/interfaces/package.bash'
[6.988s] INFO:colcon.colcon_core.shell:Creating package script '/home/henrik/ros_workspace/src/install/interfaces/share/interfaces/package.zsh'
[6.989s] Level 1:colcon.colcon_core.environment:create_file_with_runtime_dependencies(/home/henrik/ros_workspace/src/install/interfaces/share/colcon-core/packages/interfaces)
[6.991s] DEBUG:colcon.colcon_core.event_handler.log_command:Invoked command in '/home/henrik/ros_workspace/src/motion_control_pkg' returned '1': PYTHONPATH=/home/henrik/ros_workspace/src/build/arm_pkg/prefix_override:/home/henrik/ros_workspace/src/install/arm_pkg/lib/python3.8/site-packages:${PYTHONPATH} /usr/bin/python3 setup.py egg_info --egg-base ../build/arm_pkg build --build-base /home/henrik/ros_workspace/src/build/arm_pkg/build install --record /home/henrik/ros_workspace/src/build/arm_pkg/install.log --install-scripts $base/lib/motion_control_pkg --single-version-externally-managed
[7.001s] DEBUG:colcon.colcon_parallel_executor.executor.parallel:closing loop
[7.001s] DEBUG:colcon.colcon_parallel_executor.executor.parallel:loop closed
[7.001s] DEBUG:colcon.colcon_parallel_executor.executor.parallel:run_until_complete finished with '1'
[7.002s] DEBUG:colcon.colcon_core.event_reactor:joining thread
[7.093s] INFO:colcon.colcon_core.plugin_system:Skipping extension 'colcon_notification.desktop_notification.terminal_notifier': Not used on non-Darwin systems
[7.093s] INFO:colcon.colcon_core.plugin_system:Skipping extension 'colcon_notification.desktop_notification.win32': Not used on non-Windows systems
[7.093s] INFO:colcon.colcon_notification.desktop_notification:Sending desktop notification using 'notify2'
[7.106s] DEBUG:colcon.colcon_core.event_reactor:joined thread
[7.196s] INFO:colcon.colcon_core.shell:Creating prefix script '/home/henrik/ros_workspace/src/install/local_setup.ps1'
[7.197s] INFO:colcon.colcon_core.shell:Creating prefix util module '/home/henrik/ros_workspace/src/install/_local_setup_util_ps1.py'
[7.198s] INFO:colcon.colcon_core.shell:Creating prefix chain script '/home/henrik/ros_workspace/src/install/setup.ps1'
[7.287s] INFO:colcon.colcon_core.shell:Creating prefix script '/home/henrik/ros_workspace/src/install/local_setup.sh'
[7.287s] INFO:colcon.colcon_core.shell:Creating prefix util module '/home/henrik/ros_workspace/src/install/_local_setup_util_sh.py'
[7.288s] INFO:colcon.colcon_core.shell:Creating prefix chain script '/home/henrik/ros_workspace/src/install/setup.sh'
[7.375s] INFO:colcon.colcon_core.shell:Creating prefix script '/home/henrik/ros_workspace/src/install/local_setup.bash'
[7.375s] INFO:colcon.colcon_core.shell:Creating prefix chain script '/home/henrik/ros_workspace/src/install/setup.bash'
[7.461s] INFO:colcon.colcon_core.shell:Creating prefix script '/home/henrik/ros_workspace/src/install/local_setup.zsh'
[7.462s] INFO:colcon.colcon_core.shell:Creating prefix chain script '/home/henrik/ros_workspace/src/install/setup.zsh'
