[0.204s] Invoking command in '/home/henrik/ros_workspace/build/interfaces': CMAKE_PREFIX_PATH=/home/henrik/ros_workspace/install/mic_pkg:/opt/ros/foxy /usr/bin/cmake /home/henrik/ros_workspace/src/interfaces -DCMAKE_INSTALL_PREFIX=/home/henrik/ros_workspace/install/interfaces
[0.238s] -- The C compiler identification is GNU 9.4.0
[0.275s] -- The CXX compiler identification is GNU 9.4.0
[0.279s] -- Check for working C compiler: /usr/bin/cc
[0.317s] -- Check for working C compiler: /usr/bin/cc -- works
[0.319s] -- Detecting C compiler ABI info
[0.361s] -- Detecting C compiler ABI info - done
[0.369s] -- Detecting C compile features
[0.369s] -- Detecting C compile features - done
[0.371s] -- Check for working CXX compiler: /usr/bin/c++
[0.415s] -- Check for working CXX compiler: /usr/bin/c++ -- works
[0.415s] -- Detecting CXX compiler ABI info
[0.460s] -- Detecting CXX compiler ABI info - done
[0.466s] -- Detecting CXX compile features
[0.466s] -- Detecting CXX compile features - done
[0.467s] -- Found ament_cmake: 0.9.12 (/opt/ros/foxy/share/ament_cmake/cmake)
[0.483s] -- Found PythonInterp: /usr/bin/python3 (found suitable version "3.8.10", minimum required is "3") 
[0.483s] -- Using PYTHON_EXECUTABLE: /usr/bin/python3
[0.579s] -- Found ament_lint_auto: 0.9.8 (/opt/ros/foxy/share/ament_lint_auto/cmake)
[0.615s] -- Found rosidl_default_generators: 1.0.1 (/opt/ros/foxy/share/rosidl_default_generators/cmake)
[0.617s] -- Using all available rosidl_typesupport_c: rosidl_typesupport_fastrtps_c;rosidl_typesupport_introspection_c
[0.620s] -- Found rosidl_adapter: 1.3.1 (/opt/ros/foxy/share/rosidl_adapter/cmake)
[0.669s] -- Found OpenSSL: /usr/lib/x86_64-linux-gnu/libcrypto.so (found version "1.1.1f")  
[0.685s] -- Found FastRTPS: /opt/ros/foxy/include  
[0.725s] -- Using all available rosidl_typesupport_cpp: rosidl_typesupport_fastrtps_cpp;rosidl_typesupport_introspection_cpp
[0.751s] -- Found PythonInterp: /usr/bin/python3 (found version "3.8.10") 
[0.785s] -- Found ament_cmake_ros: 0.9.2 (/opt/ros/foxy/share/ament_cmake_ros/cmake)
[0.834s] -- Using all available rosidl_typesupport_c: rosidl_typesupport_fastrtps_c;rosidl_typesupport_introspection_c
[0.838s] -- Using all available rosidl_typesupport_cpp: rosidl_typesupport_fastrtps_cpp;rosidl_typesupport_introspection_cpp
[0.851s] -- Found PythonInterp: /usr/bin/python3 (found suitable version "3.8.10", minimum required is "3.5") 
[0.851s] -- Found python_cmake_module: 0.8.1 (/opt/ros/foxy/share/python_cmake_module/cmake)
[0.867s] -- Found PythonLibs: /usr/lib/x86_64-linux-gnu/libpython3.8.so (found suitable version "3.8.10", minimum required is "3.5") 
[0.868s] -- Using PYTHON_EXECUTABLE: /usr/bin/python3
[0.868s] -- Using PYTHON_INCLUDE_DIRS: /usr/include/python3.8
[0.868s] -- Using PYTHON_LIBRARIES: /usr/lib/x86_64-linux-gnu/libpython3.8.so
[0.879s] -- Found PythonExtra: .so  
[0.900s] -- Added test 'copyright' to check source files copyright and LICENSE
[0.901s] -- Added test 'lint_cmake' to check CMake code style
[0.901s] -- Added test 'xmllint' to check XML markup files
[0.904s] -- Configuring done
[0.917s] -- Generating done
[0.918s] -- Build files have been written to: /home/henrik/ros_workspace/build/interfaces
[0.921s] Invoked command in '/home/henrik/ros_workspace/build/interfaces' returned '0': CMAKE_PREFIX_PATH=/home/henrik/ros_workspace/install/mic_pkg:/opt/ros/foxy /usr/bin/cmake /home/henrik/ros_workspace/src/interfaces -DCMAKE_INSTALL_PREFIX=/home/henrik/ros_workspace/install/interfaces
[0.923s] Invoking command in '/home/henrik/ros_workspace/build/interfaces': CMAKE_PREFIX_PATH=/home/henrik/ros_workspace/install/mic_pkg:/opt/ros/foxy /usr/bin/cmake --build /home/henrik/ros_workspace/build/interfaces -- -j20 -l20
[0.944s] [35m[1mScanning dependencies of target interfaces__cpp[0m
[0.944s] [  3%] [34m[1mGenerating C code for ROS interfaces[0m
[0.949s] [  6%] [34m[1mGenerating C++ code for ROS interfaces[0m
[1.064s] [35m[1mScanning dependencies of target interfaces__rosidl_generator_c[0m
[1.067s] [  6%] Built target interfaces__cpp
[1.073s] [  9%] [34m[1mGenerating C++ introspection for ROS interfaces[0m
[1.073s] [ 12%] [34m[1mGenerating C++ type support for eProsima Fast-RTPS[0m
[1.073s] [ 16%] [32mBuilding C object CMakeFiles/interfaces__rosidl_generator_c.dir/rosidl_generator_c/interfaces/msg/detail/robot_status__functions.c.o[0m
[1.073s] [ 19%] [34m[1mGenerating C++ type support dispatch for ROS interfaces[0m
[1.098s] [ 22%] [32m[1mLinking C shared library libinterfaces__rosidl_generator_c.so[0m
[1.118s] [ 22%] Built target interfaces__rosidl_generator_c
[1.124s] [ 25%] [34m[1mGenerating C introspection for ROS interfaces[0m
[1.124s] [ 29%] [34m[1mGenerating C type support dispatch for ROS interfaces[0m
[1.183s] [35m[1mScanning dependencies of target interfaces__rosidl_typesupport_cpp[0m
[1.189s] [ 32%] [32mBuilding CXX object CMakeFiles/interfaces__rosidl_typesupport_cpp.dir/rosidl_typesupport_cpp/interfaces/msg/robot_status__type_support.cpp.o[0m
[1.190s] [35m[1mScanning dependencies of target interfaces__rosidl_typesupport_introspection_cpp[0m
[1.194s] [35m[1mScanning dependencies of target interfaces__rosidl_typesupport_fastrtps_cpp[0m
[1.197s] [ 35%] [32mBuilding CXX object CMakeFiles/interfaces__rosidl_typesupport_introspection_cpp.dir/rosidl_typesupport_introspection_cpp/interfaces/msg/detail/robot_status__type_support.cpp.o[0m
[1.202s] [ 38%] [32mBuilding CXX object CMakeFiles/interfaces__rosidl_typesupport_fastrtps_cpp.dir/rosidl_typesupport_fastrtps_cpp/interfaces/msg/detail/dds_fastrtps/robot_status__type_support.cpp.o[0m
[1.240s] [35m[1mScanning dependencies of target interfaces__rosidl_typesupport_c[0m
[1.246s] [35m[1mScanning dependencies of target interfaces__rosidl_typesupport_introspection_c[0m
[1.246s] [ 41%] [32mBuilding CXX object CMakeFiles/interfaces__rosidl_typesupport_c.dir/rosidl_typesupport_c/interfaces/msg/robot_status__type_support.cpp.o[0m
[1.252s] [ 45%] [32mBuilding C object CMakeFiles/interfaces__rosidl_typesupport_introspection_c.dir/rosidl_typesupport_introspection_c/interfaces/msg/detail/robot_status__type_support.c.o[0m
[1.266s] [ 48%] [32m[1mLinking CXX shared library libinterfaces__rosidl_typesupport_c.so[0m
[1.271s] [ 51%] [32m[1mLinking C shared library libinterfaces__rosidl_typesupport_introspection_c.so[0m
[1.288s] [ 51%] Built target interfaces__rosidl_typesupport_introspection_c
[1.289s] [ 51%] Built target interfaces__rosidl_typesupport_c
[1.331s] [ 54%] [32m[1mLinking CXX shared library libinterfaces__rosidl_typesupport_cpp.so[0m
[1.338s] [ 58%] [32m[1mLinking CXX shared library libinterfaces__rosidl_typesupport_introspection_cpp.so[0m
[1.353s] [ 58%] Built target interfaces__rosidl_typesupport_cpp
[1.359s] [ 58%] Built target interfaces__rosidl_typesupport_introspection_cpp
[1.401s] [ 61%] [32m[1mLinking CXX shared library libinterfaces__rosidl_typesupport_fastrtps_cpp.so[0m
[1.445s] [ 61%] Built target interfaces__rosidl_typesupport_fastrtps_cpp
[1.450s] [ 64%] [34m[1mGenerating C type support for eProsima Fast-RTPS[0m
[1.563s] [35m[1mScanning dependencies of target interfaces__rosidl_typesupport_fastrtps_c[0m
[1.570s] [ 67%] [32mBuilding CXX object CMakeFiles/interfaces__rosidl_typesupport_fastrtps_c.dir/rosidl_typesupport_fastrtps_c/interfaces/msg/detail/robot_status__type_support_c.cpp.o[0m
[1.721s] [ 70%] [32m[1mLinking CXX shared library libinterfaces__rosidl_typesupport_fastrtps_c.so[0m
[1.766s] [ 70%] Built target interfaces__rosidl_typesupport_fastrtps_c
[1.771s] [35m[1mScanning dependencies of target interfaces[0m
[1.776s] [ 70%] Built target interfaces
[1.781s] [35m[1mScanning dependencies of target interfaces__py[0m
[1.788s] [ 74%] [34m[1mGenerating Python code for ROS interfaces[0m
[2.032s] [ 74%] Built target interfaces__py
[2.037s] [35m[1mScanning dependencies of target interfaces__python[0m
[2.052s] [ 77%] [32mBuilding C object CMakeFiles/interfaces__python.dir/rosidl_generator_py/interfaces/msg/_robot_status_s.c.o[0m
[2.096s] [ 80%] [32m[1mLinking C shared library rosidl_generator_py/interfaces/libinterfaces__python.so[0m
[2.117s] [ 80%] Built target interfaces__python
[2.122s] [35m[1mScanning dependencies of target interfaces__rosidl_typesupport_introspection_c__pyext[0m
[2.122s] [35m[1mScanning dependencies of target interfaces__rosidl_typesupport_c__pyext[0m
[2.122s] [35m[1mScanning dependencies of target interfaces__rosidl_typesupport_fastrtps_c__pyext[0m
[2.131s] [ 87%] [32mBuilding C object CMakeFiles/interfaces__rosidl_typesupport_introspection_c__pyext.dir/rosidl_generator_py/interfaces/_interfaces_s.ep.rosidl_typesupport_introspection_c.c.o[0m
[2.131s] [ 87%] [32mBuilding C object CMakeFiles/interfaces__rosidl_typesupport_c__pyext.dir/rosidl_generator_py/interfaces/_interfaces_s.ep.rosidl_typesupport_c.c.o[0m
[2.131s] [ 90%] [32mBuilding C object CMakeFiles/interfaces__rosidl_typesupport_fastrtps_c__pyext.dir/rosidl_generator_py/interfaces/_interfaces_s.ep.rosidl_typesupport_fastrtps_c.c.o[0m
[2.173s] [100%] [32m[1mLinking C shared library rosidl_generator_py/interfaces/interfaces_s__rosidl_typesupport_c.cpython-38-x86_64-linux-gnu.so[0m
[2.173s] [100%] [32m[1mLinking C shared library rosidl_generator_py/interfaces/interfaces_s__rosidl_typesupport_introspection_c.cpython-38-x86_64-linux-gnu.so[0m
[2.173s] [100%] [32m[1mLinking CXX shared library rosidl_generator_py/interfaces/interfaces_s__rosidl_typesupport_fastrtps_c.cpython-38-x86_64-linux-gnu.so[0m
[2.191s] [100%] Built target interfaces__rosidl_typesupport_c__pyext
[2.191s] [100%] Built target interfaces__rosidl_typesupport_introspection_c__pyext
[2.206s] [100%] Built target interfaces__rosidl_typesupport_fastrtps_c__pyext
[2.214s] Invoked command in '/home/henrik/ros_workspace/build/interfaces' returned '0': CMAKE_PREFIX_PATH=/home/henrik/ros_workspace/install/mic_pkg:/opt/ros/foxy /usr/bin/cmake --build /home/henrik/ros_workspace/build/interfaces -- -j20 -l20
[2.241s] Invoking command in '/home/henrik/ros_workspace/build/interfaces': CMAKE_PREFIX_PATH=/home/henrik/ros_workspace/install/mic_pkg:/opt/ros/foxy /usr/bin/cmake --install /home/henrik/ros_workspace/build/interfaces
[2.245s] -- Install configuration: ""
[2.245s] -- Installing: /home/henrik/ros_workspace/install/interfaces/share/ament_index/resource_index/rosidl_interfaces/interfaces
[2.245s] -- Installing: /home/henrik/ros_workspace/install/interfaces/include/interfaces
[2.245s] -- Installing: /home/henrik/ros_workspace/install/interfaces/include/interfaces/msg
[2.246s] -- Installing: /home/henrik/ros_workspace/install/interfaces/include/interfaces/msg/rosidl_generator_c__visibility_control.h
[2.246s] -- Installing: /home/henrik/ros_workspace/install/interfaces/include/interfaces/msg/robot_status.h
[2.246s] -- Installing: /home/henrik/ros_workspace/install/interfaces/include/interfaces/msg/detail
[2.246s] -- Installing: /home/henrik/ros_workspace/install/interfaces/include/interfaces/msg/detail/robot_status__functions.h
[2.246s] -- Installing: /home/henrik/ros_workspace/install/interfaces/include/interfaces/msg/detail/robot_status__type_support.h
[2.246s] -- Installing: /home/henrik/ros_workspace/install/interfaces/include/interfaces/msg/detail/robot_status__functions.c
[2.246s] -- Installing: /home/henrik/ros_workspace/install/interfaces/include/interfaces/msg/detail/robot_status__struct.h
[2.246s] -- Installing: /home/henrik/ros_workspace/install/interfaces/share/interfaces/environment/library_path.sh
[2.246s] -- Installing: /home/henrik/ros_workspace/install/interfaces/share/interfaces/environment/library_path.dsv
[2.246s] -- Installing: /home/henrik/ros_workspace/install/interfaces/lib/libinterfaces__rosidl_generator_c.so
[2.246s] -- Set runtime path of "/home/henrik/ros_workspace/install/interfaces/lib/libinterfaces__rosidl_generator_c.so" to ""
[2.247s] -- Up-to-date: /home/henrik/ros_workspace/install/interfaces/include/interfaces
[2.247s] -- Up-to-date: /home/henrik/ros_workspace/install/interfaces/include/interfaces/msg
[2.247s] -- Installing: /home/henrik/ros_workspace/install/interfaces/include/interfaces/msg/rosidl_typesupport_fastrtps_c__visibility_control.h
[2.247s] -- Up-to-date: /home/henrik/ros_workspace/install/interfaces/include/interfaces/msg/detail
[2.247s] -- Installing: /home/henrik/ros_workspace/install/interfaces/include/interfaces/msg/detail/robot_status__rosidl_typesupport_fastrtps_c.h
[2.247s] -- Installing: /home/henrik/ros_workspace/install/interfaces/lib/libinterfaces__rosidl_typesupport_fastrtps_c.so
[2.247s] -- Set runtime path of "/home/henrik/ros_workspace/install/interfaces/lib/libinterfaces__rosidl_typesupport_fastrtps_c.so" to ""
[2.247s] -- Up-to-date: /home/henrik/ros_workspace/install/interfaces/include/interfaces
[2.247s] -- Up-to-date: /home/henrik/ros_workspace/install/interfaces/include/interfaces/msg
[2.247s] -- Installing: /home/henrik/ros_workspace/install/interfaces/include/interfaces/msg/rosidl_typesupport_fastrtps_cpp__visibility_control.h
[2.247s] -- Up-to-date: /home/henrik/ros_workspace/install/interfaces/include/interfaces/msg/detail
[2.247s] -- Installing: /home/henrik/ros_workspace/install/interfaces/include/interfaces/msg/detail/robot_status__rosidl_typesupport_fastrtps_cpp.hpp
[2.247s] -- Installing: /home/henrik/ros_workspace/install/interfaces/include/interfaces/msg/detail/dds_fastrtps
[2.247s] -- Installing: /home/henrik/ros_workspace/install/interfaces/lib/libinterfaces__rosidl_typesupport_fastrtps_cpp.so
[2.247s] -- Set runtime path of "/home/henrik/ros_workspace/install/interfaces/lib/libinterfaces__rosidl_typesupport_fastrtps_cpp.so" to ""
[2.248s] -- Up-to-date: /home/henrik/ros_workspace/install/interfaces/include/interfaces
[2.248s] -- Up-to-date: /home/henrik/ros_workspace/install/interfaces/include/interfaces/msg
[2.248s] -- Installing: /home/henrik/ros_workspace/install/interfaces/include/interfaces/msg/rosidl_typesupport_introspection_c__visibility_control.h
[2.248s] -- Up-to-date: /home/henrik/ros_workspace/install/interfaces/include/interfaces/msg/detail
[2.248s] -- Installing: /home/henrik/ros_workspace/install/interfaces/include/interfaces/msg/detail/robot_status__rosidl_typesupport_introspection_c.h
[2.248s] -- Installing: /home/henrik/ros_workspace/install/interfaces/include/interfaces/msg/detail/robot_status__type_support.c
[2.248s] -- Installing: /home/henrik/ros_workspace/install/interfaces/lib/libinterfaces__rosidl_typesupport_introspection_c.so
[2.248s] -- Set runtime path of "/home/henrik/ros_workspace/install/interfaces/lib/libinterfaces__rosidl_typesupport_introspection_c.so" to ""
[2.248s] -- Installing: /home/henrik/ros_workspace/install/interfaces/lib/libinterfaces__rosidl_typesupport_c.so
[2.248s] -- Set runtime path of "/home/henrik/ros_workspace/install/interfaces/lib/libinterfaces__rosidl_typesupport_c.so" to ""
[2.248s] -- Up-to-date: /home/henrik/ros_workspace/install/interfaces/include/interfaces
[2.248s] -- Up-to-date: /home/henrik/ros_workspace/install/interfaces/include/interfaces/msg
[2.248s] -- Installing: /home/henrik/ros_workspace/install/interfaces/include/interfaces/msg/robot_status.hpp
[2.248s] -- Up-to-date: /home/henrik/ros_workspace/install/interfaces/include/interfaces/msg/detail
[2.248s] -- Installing: /home/henrik/ros_workspace/install/interfaces/include/interfaces/msg/detail/robot_status__type_support.hpp
[2.248s] -- Installing: /home/henrik/ros_workspace/install/interfaces/include/interfaces/msg/detail/robot_status__struct.hpp
[2.248s] -- Installing: /home/henrik/ros_workspace/install/interfaces/include/interfaces/msg/detail/robot_status__traits.hpp
[2.249s] -- Installing: /home/henrik/ros_workspace/install/interfaces/include/interfaces/msg/detail/robot_status__builder.hpp
[2.249s] -- Installing: /home/henrik/ros_workspace/install/interfaces/include/interfaces/msg/rosidl_generator_cpp__visibility_control.hpp
[2.249s] -- Up-to-date: /home/henrik/ros_workspace/install/interfaces/include/interfaces
[2.249s] -- Up-to-date: /home/henrik/ros_workspace/install/interfaces/include/interfaces/msg
[2.249s] -- Up-to-date: /home/henrik/ros_workspace/install/interfaces/include/interfaces/msg/detail
[2.249s] -- Installing: /home/henrik/ros_workspace/install/interfaces/include/interfaces/msg/detail/robot_status__rosidl_typesupport_introspection_cpp.hpp
[2.249s] -- Installing: /home/henrik/ros_workspace/install/interfaces/include/interfaces/msg/detail/robot_status__type_support.cpp
[2.249s] -- Installing: /home/henrik/ros_workspace/install/interfaces/lib/libinterfaces__rosidl_typesupport_introspection_cpp.so
[2.249s] -- Set runtime path of "/home/henrik/ros_workspace/install/interfaces/lib/libinterfaces__rosidl_typesupport_introspection_cpp.so" to ""
[2.249s] -- Installing: /home/henrik/ros_workspace/install/interfaces/lib/libinterfaces__rosidl_typesupport_cpp.so
[2.249s] -- Set runtime path of "/home/henrik/ros_workspace/install/interfaces/lib/libinterfaces__rosidl_typesupport_cpp.so" to ""
[2.249s] -- Installing: /home/henrik/ros_workspace/install/interfaces/share/interfaces/environment/pythonpath.sh
[2.249s] -- Installing: /home/henrik/ros_workspace/install/interfaces/share/interfaces/environment/pythonpath.dsv
[2.249s] -- Installing: /home/henrik/ros_workspace/install/interfaces/lib/python3.8/site-packages/interfaces/__init__.py
[2.264s] Compiling '/home/henrik/ros_workspace/install/interfaces/lib/python3.8/site-packages/interfaces/__init__.py'...
[2.267s] -- Installing: /home/henrik/ros_workspace/install/interfaces/lib/python3.8/site-packages/interfaces/msg
[2.267s] -- Installing: /home/henrik/ros_workspace/install/interfaces/lib/python3.8/site-packages/interfaces/msg/__init__.py
[2.267s] -- Installing: /home/henrik/ros_workspace/install/interfaces/lib/python3.8/site-packages/interfaces/msg/_robot_status.py
[2.267s] -- Installing: /home/henrik/ros_workspace/install/interfaces/lib/python3.8/site-packages/interfaces/msg/_robot_status_s.c
[2.267s] -- Installing: /home/henrik/ros_workspace/install/interfaces/lib/python3.8/site-packages/interfaces/interfaces_s__rosidl_typesupport_fastrtps_c.cpython-38-x86_64-linux-gnu.so
[2.267s] -- Set runtime path of "/home/henrik/ros_workspace/install/interfaces/lib/python3.8/site-packages/interfaces/interfaces_s__rosidl_typesupport_fastrtps_c.cpython-38-x86_64-linux-gnu.so" to ""
[2.267s] -- Installing: /home/henrik/ros_workspace/install/interfaces/lib/python3.8/site-packages/interfaces/interfaces_s__rosidl_typesupport_introspection_c.cpython-38-x86_64-linux-gnu.so
[2.267s] -- Set runtime path of "/home/henrik/ros_workspace/install/interfaces/lib/python3.8/site-packages/interfaces/interfaces_s__rosidl_typesupport_introspection_c.cpython-38-x86_64-linux-gnu.so" to ""
[2.267s] -- Installing: /home/henrik/ros_workspace/install/interfaces/lib/python3.8/site-packages/interfaces/interfaces_s__rosidl_typesupport_c.cpython-38-x86_64-linux-gnu.so
[2.268s] -- Set runtime path of "/home/henrik/ros_workspace/install/interfaces/lib/python3.8/site-packages/interfaces/interfaces_s__rosidl_typesupport_c.cpython-38-x86_64-linux-gnu.so" to ""
[2.268s] -- Installing: /home/henrik/ros_workspace/install/interfaces/lib/libinterfaces__python.so
[2.268s] -- Set runtime path of "/home/henrik/ros_workspace/install/interfaces/lib/libinterfaces__python.so" to ""
[2.268s] -- Installing: /home/henrik/ros_workspace/install/interfaces/share/interfaces/msg/RobotStatus.idl
[2.268s] -- Installing: /home/henrik/ros_workspace/install/interfaces/share/interfaces/msg/RobotStatus.msg
[2.268s] -- Installing: /home/henrik/ros_workspace/install/interfaces/share/ament_index/resource_index/package_run_dependencies/interfaces
[2.268s] -- Installing: /home/henrik/ros_workspace/install/interfaces/share/ament_index/resource_index/parent_prefix_path/interfaces
[2.268s] -- Installing: /home/henrik/ros_workspace/install/interfaces/share/interfaces/environment/ament_prefix_path.sh
[2.268s] -- Installing: /home/henrik/ros_workspace/install/interfaces/share/interfaces/environment/ament_prefix_path.dsv
[2.268s] -- Installing: /home/henrik/ros_workspace/install/interfaces/share/interfaces/environment/path.sh
[2.268s] -- Installing: /home/henrik/ros_workspace/install/interfaces/share/interfaces/environment/path.dsv
[2.268s] -- Installing: /home/henrik/ros_workspace/install/interfaces/share/interfaces/local_setup.bash
[2.268s] -- Installing: /home/henrik/ros_workspace/install/interfaces/share/interfaces/local_setup.sh
[2.268s] -- Installing: /home/henrik/ros_workspace/install/interfaces/share/interfaces/local_setup.zsh
[2.268s] -- Installing: /home/henrik/ros_workspace/install/interfaces/share/interfaces/local_setup.dsv
[2.269s] -- Installing: /home/henrik/ros_workspace/install/interfaces/share/interfaces/package.dsv
[2.269s] -- Installing: /home/henrik/ros_workspace/install/interfaces/share/ament_index/resource_index/packages/interfaces
[2.269s] -- Installing: /home/henrik/ros_workspace/install/interfaces/share/interfaces/cmake/interfaces__rosidl_generator_cExport.cmake
[2.269s] -- Installing: /home/henrik/ros_workspace/install/interfaces/share/interfaces/cmake/interfaces__rosidl_generator_cExport-noconfig.cmake
[2.269s] -- Installing: /home/henrik/ros_workspace/install/interfaces/share/interfaces/cmake/interfaces__rosidl_typesupport_introspection_cExport.cmake
[2.269s] -- Installing: /home/henrik/ros_workspace/install/interfaces/share/interfaces/cmake/interfaces__rosidl_typesupport_introspection_cExport-noconfig.cmake
[2.269s] -- Installing: /home/henrik/ros_workspace/install/interfaces/share/interfaces/cmake/interfaces__rosidl_typesupport_cExport.cmake
[2.269s] -- Installing: /home/henrik/ros_workspace/install/interfaces/share/interfaces/cmake/interfaces__rosidl_typesupport_cExport-noconfig.cmake
[2.269s] -- Installing: /home/henrik/ros_workspace/install/interfaces/share/interfaces/cmake/interfaces__rosidl_generator_cppExport.cmake
[2.269s] -- Installing: /home/henrik/ros_workspace/install/interfaces/share/interfaces/cmake/interfaces__rosidl_typesupport_introspection_cppExport.cmake
[2.269s] -- Installing: /home/henrik/ros_workspace/install/interfaces/share/interfaces/cmake/interfaces__rosidl_typesupport_introspection_cppExport-noconfig.cmake
[2.269s] -- Installing: /home/henrik/ros_workspace/install/interfaces/share/interfaces/cmake/interfaces__rosidl_typesupport_cppExport.cmake
[2.269s] -- Installing: /home/henrik/ros_workspace/install/interfaces/share/interfaces/cmake/interfaces__rosidl_typesupport_cppExport-noconfig.cmake
[2.269s] -- Installing: /home/henrik/ros_workspace/install/interfaces/share/interfaces/cmake/rosidl_cmake-extras.cmake
[2.269s] -- Installing: /home/henrik/ros_workspace/install/interfaces/share/interfaces/cmake/ament_cmake_export_dependencies-extras.cmake
[2.270s] -- Installing: /home/henrik/ros_workspace/install/interfaces/share/interfaces/cmake/ament_cmake_export_libraries-extras.cmake
[2.270s] -- Installing: /home/henrik/ros_workspace/install/interfaces/share/interfaces/cmake/ament_cmake_export_targets-extras.cmake
[2.270s] -- Installing: /home/henrik/ros_workspace/install/interfaces/share/interfaces/cmake/ament_cmake_export_include_directories-extras.cmake
[2.270s] -- Installing: /home/henrik/ros_workspace/install/interfaces/share/interfaces/cmake/rosidl_cmake_export_typesupport_libraries-extras.cmake
[2.270s] -- Installing: /home/henrik/ros_workspace/install/interfaces/share/interfaces/cmake/rosidl_cmake_export_typesupport_targets-extras.cmake
[2.270s] -- Installing: /home/henrik/ros_workspace/install/interfaces/share/interfaces/cmake/interfacesConfig.cmake
[2.270s] -- Installing: /home/henrik/ros_workspace/install/interfaces/share/interfaces/cmake/interfacesConfig-version.cmake
[2.270s] -- Installing: /home/henrik/ros_workspace/install/interfaces/share/interfaces/package.xml
[2.271s] Invoked command in '/home/henrik/ros_workspace/build/interfaces' returned '0': CMAKE_PREFIX_PATH=/home/henrik/ros_workspace/install/mic_pkg:/opt/ros/foxy /usr/bin/cmake --install /home/henrik/ros_workspace/build/interfaces
