[1.756s] Invoking command in '/home/henrik/ros_workspace/src/motion_control_pkg': PYTHONPATH=/home/henrik/ros_workspace/build/motion_control_pkg/prefix_override:/home/henrik/ros_workspace/install/motion_control_pkg/lib/python3.8/site-packages:${PYTHONPATH} /usr/bin/python3 setup.py egg_info --egg-base ../../build/motion_control_pkg build --build-base /home/henrik/ros_workspace/build/motion_control_pkg/build install --record /home/henrik/ros_workspace/build/motion_control_pkg/install.log --install-scripts $base/lib/motion_control_pkg --single-version-externally-managed
[1.870s] running egg_info
[1.870s] writing ../../build/motion_control_pkg/motion_control_pkg.egg-info/PKG-INFO
[1.870s] writing dependency_links to ../../build/motion_control_pkg/motion_control_pkg.egg-info/dependency_links.txt
[1.871s] writing entry points to ../../build/motion_control_pkg/motion_control_pkg.egg-info/entry_points.txt
[1.871s] writing requirements to ../../build/motion_control_pkg/motion_control_pkg.egg-info/requires.txt
[1.871s] writing top-level names to ../../build/motion_control_pkg/motion_control_pkg.egg-info/top_level.txt
[1.885s] reading manifest file '../../build/motion_control_pkg/motion_control_pkg.egg-info/SOURCES.txt'
[1.886s] writing manifest file '../../build/motion_control_pkg/motion_control_pkg.egg-info/SOURCES.txt'
[1.887s] running build
[1.887s] running build_py
[1.890s] running install
[1.891s] running install_lib
[1.892s] running install_data
[1.893s] running install_egg_info
[1.894s] removing '/home/henrik/ros_workspace/install/motion_control_pkg/lib/python3.8/site-packages/motion_control_pkg-0.0.0-py3.8.egg-info' (and everything under it)
[1.894s] Copying ../../build/motion_control_pkg/motion_control_pkg.egg-info to /home/henrik/ros_workspace/install/motion_control_pkg/lib/python3.8/site-packages/motion_control_pkg-0.0.0-py3.8.egg-info
[1.894s] running install_scripts
[1.898s] Installing arm_control_node script to /home/henrik/ros_workspace/install/motion_control_pkg/lib/motion_control_pkg
[1.898s] writing list of installed files to '/home/henrik/ros_workspace/build/motion_control_pkg/install.log'
[2.269s] Invoked command in '/home/henrik/ros_workspace/src/motion_control_pkg' returned '0': PYTHONPATH=/home/henrik/ros_workspace/build/motion_control_pkg/prefix_override:/home/henrik/ros_workspace/install/motion_control_pkg/lib/python3.8/site-packages:${PYTHONPATH} /usr/bin/python3 setup.py egg_info --egg-base ../../build/motion_control_pkg build --build-base /home/henrik/ros_workspace/build/motion_control_pkg/build install --record /home/henrik/ros_workspace/build/motion_control_pkg/install.log --install-scripts $base/lib/motion_control_pkg --single-version-externally-managed
